mode: set
github.com/tietang/props/kvs/props_source.go:19.73,22.2 2 0
github.com/tietang/props/kvs/props_source.go:24.81,29.19 3 0
github.com/tietang/props/kvs/props_source.go:34.5,39.13 6 0
github.com/tietang/props/kvs/props_source.go:29.19,31.6 1 0
github.com/tietang/props/kvs/props_source.go:31.11,33.6 1 0
github.com/tietang/props/kvs/props_source.go:42.96,45.18 3 0
github.com/tietang/props/kvs/props_source.go:50.5,50.13 1 0
github.com/tietang/props/kvs/props_source.go:45.18,47.6 1 0
github.com/tietang/props/kvs/props_source.go:47.11,49.6 1 0
github.com/tietang/props/kvs/props_source.go:53.85,56.36 3 0
github.com/tietang/props/kvs/props_source.go:60.5,60.13 1 0
github.com/tietang/props/kvs/props_source.go:56.36,59.6 2 0
github.com/tietang/props/kvs/props_source.go:62.67,64.19 2 0
github.com/tietang/props/kvs/props_source.go:70.5,71.13 2 0
github.com/tietang/props/kvs/props_source.go:64.19,66.6 1 0
github.com/tietang/props/kvs/props_source.go:66.11,68.6 1 0
github.com/tietang/props/kvs/props_source.go:73.48,75.2 1 0
github.com/tietang/props/kvs/props_source.go:77.52,79.2 1 0
github.com/tietang/props/example/Exampl.go:9.15,16.2 0 0
github.com/tietang/props/example/zk.go:10.14,14.19 3 0
github.com/tietang/props/example/zk.go:17.5,17.9 1 0
github.com/tietang/props/example/zk.go:26.5,30.63 5 0
github.com/tietang/props/example/zk.go:37.5,37.71 1 0
github.com/tietang/props/example/zk.go:44.5,44.9 1 0
github.com/tietang/props/example/zk.go:14.19,15.19 1 0
github.com/tietang/props/example/zk.go:17.9,20.45 3 0
github.com/tietang/props/example/zk.go:20.45,21.18 1 0
github.com/tietang/props/example/zk.go:30.63,32.38 2 0
github.com/tietang/props/example/zk.go:32.38,35.10 1 0
github.com/tietang/props/example/zk.go:37.71,40.38 2 0
github.com/tietang/props/example/zk.go:40.38,42.10 1 0
github.com/tietang/props/example/zk.go:44.9,48.6 2 0
github.com/tietang/props/etcd/etcd_v2_props_source.go:22.78,24.2 1 0
github.com/tietang/props/etcd/etcd_v2_props_source.go:26.110,28.19 2 0
github.com/tietang/props/etcd/etcd_v2_props_source.go:31.5,42.19 7 0
github.com/tietang/props/etcd/etcd_v2_props_source.go:45.5,48.13 4 0
github.com/tietang/props/etcd/etcd_v2_props_source.go:28.19,30.6 1 0
github.com/tietang/props/etcd/etcd_v2_props_source.go:42.19,44.6 1 0
github.com/tietang/props/etcd/etcd_v2_props_source.go:51.102,54.38 3 0
github.com/tietang/props/etcd/etcd_v2_props_source.go:59.5,59.13 1 0
github.com/tietang/props/etcd/etcd_v2_props_source.go:54.38,57.6 2 0
github.com/tietang/props/etcd/etcd_v2_props_source.go:62.42,64.2 1 0
github.com/tietang/props/etcd/etcd_v2_props_source.go:66.51,68.2 0 0
github.com/tietang/props/etcd/etcd_v2_props_source.go:70.44,72.2 0 0
github.com/tietang/props/etcd/etcd_v2_props_source.go:74.52,76.27 2 0
github.com/tietang/props/etcd/etcd_v2_props_source.go:79.5,79.32 1 0
github.com/tietang/props/etcd/etcd_v2_props_source.go:76.27,78.6 1 0
github.com/tietang/props/etcd/etcd_v2_props_source.go:79.32,85.42 4 0
github.com/tietang/props/etcd/etcd_v2_props_source.go:85.42,89.10 3 0
github.com/tietang/props/etcd/etcd_v2_props_source.go:94.78,97.19 3 0
github.com/tietang/props/etcd/etcd_v2_props_source.go:100.5,101.22 2 0
github.com/tietang/props/etcd/etcd_v2_props_source.go:97.19,99.6 1 0
github.com/tietang/props/etcd/etcd_v2_props_source.go:104.83,108.2 3 0
github.com/tietang/props/etcd/etcd_v2_props_source.go:110.72,114.2 2 0
github.com/tietang/props/etcd/etcd_v2_props_source.go:116.49,118.2 1 0
github.com/tietang/props/zk/zk_props_source.go:47.108,55.2 7 0
github.com/tietang/props/zk/zk_props_source.go:57.45,59.2 1 0
github.com/tietang/props/zk/zk_props_source.go:61.46,63.2 1 0
github.com/tietang/props/zk/zk_props_source.go:65.66,67.27 2 0
github.com/tietang/props/zk/zk_props_source.go:70.5,70.32 1 0
github.com/tietang/props/zk/zk_props_source.go:67.27,69.6 1 0
github.com/tietang/props/zk/zk_props_source.go:70.32,75.23 3 0
github.com/tietang/props/zk/zk_props_source.go:75.23,78.46 3 0
github.com/tietang/props/zk/zk_props_source.go:78.46,82.14 3 0
github.com/tietang/props/zk/zk_props_source.go:89.86,91.34 2 0
github.com/tietang/props/zk/zk_props_source.go:94.5,94.18 1 0
github.com/tietang/props/zk/zk_props_source.go:91.34,93.6 1 0
github.com/tietang/props/zk/zk_props_source.go:97.77,99.19 2 0
github.com/tietang/props/zk/zk_props_source.go:102.5,102.20 1 0
github.com/tietang/props/zk/zk_props_source.go:99.19,101.6 1 0
github.com/tietang/props/zk/zk_props_source.go:105.86,109.2 3 0
github.com/tietang/props/zk/zk_props_source.go:111.75,115.2 2 0
github.com/tietang/props/zk/zk_props_source.go:117.52,119.2 1 0
github.com/tietang/props/zk/zk_props_source.go:121.95,123.2 1 0
github.com/tietang/props/zk/zk_props_source.go:125.103,128.2 2 0
github.com/tietang/props/zk/zk_props_source.go:130.107,132.19 2 0
github.com/tietang/props/zk/zk_props_source.go:135.5,139.38 4 0
github.com/tietang/props/zk/zk_props_source.go:142.5,143.42 2 0
github.com/tietang/props/zk/zk_props_source.go:132.19,133.19 1 0
github.com/tietang/props/zk/zk_props_source.go:139.38,141.6 1 0
github.com/tietang/props/zk/zk_props_source.go:146.102,149.16 3 0
github.com/tietang/props/zk/zk_props_source.go:152.5,154.19 3 0
github.com/tietang/props/zk/zk_props_source.go:157.5,162.38 4 0
github.com/tietang/props/zk/zk_props_source.go:165.5,166.37 2 0
github.com/tietang/props/zk/zk_props_source.go:149.16,151.6 1 0
github.com/tietang/props/zk/zk_props_source.go:154.19,155.19 1 0
github.com/tietang/props/zk/zk_props_source.go:162.38,164.6 1 0
github.com/tietang/props/zk/zk_utils.go:12.79,14.2 1 0
github.com/tietang/props/zk/zk_utils.go:16.77,20.30 3 0
github.com/tietang/props/zk/zk_utils.go:23.5,23.60 1 0
github.com/tietang/props/zk/zk_utils.go:20.30,22.6 1 0
github.com/tietang/props/zk/zk_utils.go:26.47,28.17 2 0
github.com/tietang/props/zk/zk_utils.go:31.5,31.13 1 0
github.com/tietang/props/zk/zk_utils.go:28.17,30.6 1 0
github.com/tietang/props/zk/zk_utils.go:34.53,36.9 2 0
github.com/tietang/props/zk/zk_utils.go:36.9,40.42 4 0
github.com/tietang/props/zk/zk_utils.go:40.42,43.10 2 0
github.com/tietang/props/zk/zk_utils.go:46.53,48.9 2 0
github.com/tietang/props/zk/zk_utils.go:48.9,52.42 4 0
github.com/tietang/props/zk/zk_utils.go:52.42,55.10 2 0
github.com/tietang/props/zk/zk_utils.go:59.56,60.9 1 0
github.com/tietang/props/zk/zk_utils.go:60.9,64.6 3 0
github.com/tietang/props/zk/zk_utils.go:67.57,68.9 1 0
github.com/tietang/props/zk/zk_utils.go:68.9,72.6 3 0
github.com/tietang/props/kvs/helper.go:14.50,18.19 3 0
github.com/tietang/props/kvs/helper.go:21.5,21.33 1 0
github.com/tietang/props/kvs/helper.go:18.19,20.6 1 0
github.com/tietang/props/kvs/helper.go:32.61,41.19 4 0
github.com/tietang/props/kvs/helper.go:46.5,51.9 3 0
github.com/tietang/props/kvs/helper.go:59.5,61.16 3 0
github.com/tietang/props/kvs/helper.go:41.19,44.6 2 0
github.com/tietang/props/kvs/helper.go:51.9,53.42 2 0
github.com/tietang/props/kvs/helper.go:57.9,57.24 1 0
github.com/tietang/props/kvs/helper.go:53.42,55.18 2 0
github.com/tietang/props/kvs/props.go:28.34,34.2 3 1
github.com/tietang/props/kvs/props.go:38.55,41.19 3 0
github.com/tietang/props/kvs/props.go:45.5,45.18 1 0
github.com/tietang/props/kvs/props.go:41.19,44.6 2 0
github.com/tietang/props/kvs/props.go:48.54,55.19 2 0
github.com/tietang/props/kvs/props.go:58.5,59.19 2 0
github.com/tietang/props/kvs/props.go:62.5,63.31 2 0
github.com/tietang/props/kvs/props.go:73.5,73.18 1 0
github.com/tietang/props/kvs/props.go:55.19,56.19 1 0
github.com/tietang/props/kvs/props.go:59.19,60.19 1 0
github.com/tietang/props/kvs/props.go:63.31,64.29 1 0
github.com/tietang/props/kvs/props.go:64.29,66.27 2 0
github.com/tietang/props/kvs/props.go:66.27,68.14 1 0
github.com/tietang/props/kvs/props.go:68.19,70.14 1 0
github.com/tietang/props/kvs/props.go:76.45,80.19 3 0
github.com/tietang/props/kvs/props.go:85.5,85.21 1 0
github.com/tietang/props/kvs/props.go:80.19,84.6 3 0
github.com/tietang/props/kvs/props.go:88.46,91.9 2 1
github.com/tietang/props/kvs/props.go:127.5,127.15 1 0
github.com/tietang/props/kvs/props.go:91.9,93.23 2 1
github.com/tietang/props/kvs/props.go:101.9,104.25 3 1
github.com/tietang/props/kvs/props.go:107.9,108.53 2 1
github.com/tietang/props/kvs/props.go:112.9,114.22 3 1
github.com/tietang/props/kvs/props.go:117.9,118.22 2 1
github.com/tietang/props/kvs/props.go:121.9,122.23 2 1
github.com/tietang/props/kvs/props.go:93.23,94.30 1 1
github.com/tietang/props/kvs/props.go:94.30,96.14 1 1
github.com/tietang/props/kvs/props.go:96.19,98.14 1 0
github.com/tietang/props/kvs/props.go:104.25,105.21 1 0
github.com/tietang/props/kvs/props.go:108.53,109.21 1 0
github.com/tietang/props/kvs/props.go:114.22,116.10 1 0
github.com/tietang/props/kvs/props.go:118.22,119.21 1 0
github.com/tietang/props/kvs/props.go:122.23,124.10 1 1
github.com/tietang/props/kvs/props.go:136.47,137.32 1 0
github.com/tietang/props/kvs/props.go:145.5,145.15 1 0
github.com/tietang/props/kvs/props.go:137.32,141.23 3 0
github.com/tietang/props/kvs/props.go:141.23,143.10 1 0
github.com/tietang/props/kvs/props.go:151.40,155.26 3 0
github.com/tietang/props/kvs/props.go:190.5,190.24 1 0
github.com/tietang/props/kvs/props.go:155.26,157.23 2 0
github.com/tietang/props/kvs/props.go:186.9,186.22 1 0
github.com/tietang/props/kvs/props.go:157.23,159.10 1 0
github.com/tietang/props/kvs/props.go:159.15,159.30 1 0
github.com/tietang/props/kvs/props.go:159.30,161.10 1 0
github.com/tietang/props/kvs/props.go:161.15,161.30 1 0
github.com/tietang/props/kvs/props.go:161.30,163.10 1 0
github.com/tietang/props/kvs/props.go:163.15,163.30 1 0
github.com/tietang/props/kvs/props.go:163.30,165.10 1 0
github.com/tietang/props/kvs/props.go:165.15,165.29 1 0
github.com/tietang/props/kvs/props.go:165.29,166.31 1 0
github.com/tietang/props/kvs/props.go:166.31,169.14 2 0
github.com/tietang/props/kvs/props.go:169.19,171.14 1 0
github.com/tietang/props/kvs/props.go:172.15,172.29 1 0
github.com/tietang/props/kvs/props.go:172.29,174.10 1 0
github.com/tietang/props/kvs/props.go:174.15,174.29 1 0
github.com/tietang/props/kvs/props.go:174.29,176.10 1 0
github.com/tietang/props/kvs/props.go:176.15,176.29 1 0
github.com/tietang/props/kvs/props.go:176.29,178.10 1 0
github.com/tietang/props/kvs/props.go:178.15,178.29 1 0
github.com/tietang/props/kvs/props.go:178.29,180.10 1 0
github.com/tietang/props/kvs/props.go:180.15,180.52 1 0
github.com/tietang/props/kvs/props.go:180.52,182.10 1 0
github.com/tietang/props/kvs/props.go:182.15,184.10 1 0
github.com/tietang/props/kvs/props.go:186.22,188.10 1 0
github.com/tietang/props/kvs/set.go:12.20,16.2 1 0
github.com/tietang/props/kvs/set.go:17.61,19.27 1 0
github.com/tietang/props/kvs/set.go:19.27,21.28 2 0
github.com/tietang/props/kvs/set.go:21.28,22.18 1 0
github.com/tietang/props/kvs/set.go:27.37,31.2 3 0
github.com/tietang/props/kvs/set.go:33.40,37.2 3 0
github.com/tietang/props/kvs/set.go:38.42,43.2 4 0
github.com/tietang/props/kvs/set.go:44.33,46.2 1 0
github.com/tietang/props/kvs/set.go:47.23,51.2 3 0
github.com/tietang/props/kvs/set.go:52.30,53.21 1 0
github.com/tietang/props/kvs/set.go:56.5,56.17 1 0
github.com/tietang/props/kvs/set.go:53.21,55.6 1 0
github.com/tietang/props/kvs/set.go:58.36,62.27 4 0
github.com/tietang/props/kvs/set.go:65.5,65.16 1 0
github.com/tietang/props/kvs/set.go:62.27,64.6 1 0
github.com/tietang/props/kvs/value.go:17.13,21.2 1 1
github.com/tietang/props/kvs/value.go:32.45,34.2 1 0
github.com/tietang/props/kvs/value.go:37.64,39.21 2 0
github.com/tietang/props/kvs/value.go:42.5,42.53 1 0
github.com/tietang/props/kvs/value.go:39.21,41.6 1 0
github.com/tietang/props/kvs/value.go:46.68,52.2 1 0
github.com/tietang/props/kvs/value.go:58.33,60.2 1 0
github.com/tietang/props/kvs/value.go:63.35,65.2 1 0
github.com/tietang/props/kvs/value.go:68.36,70.2 1 0
github.com/tietang/props/kvs/value.go:74.60,76.2 1 0
github.com/tietang/props/kvs/value.go:83.52,84.16 1 0
github.com/tietang/props/kvs/value.go:90.5,90.68 1 0
github.com/tietang/props/kvs/value.go:85.92,86.25 1 0
github.com/tietang/props/kvs/value.go:87.95,88.26 1 0
github.com/tietang/props/kvs/value.go:94.41,96.2 1 0
github.com/tietang/props/kvs/value.go:99.47,101.2 1 0
github.com/tietang/props/kvs/value.go:104.39,106.2 1 0
github.com/tietang/props/kvs/value.go:109.43,111.2 1 0
github.com/tietang/props/kvs/value.go:114.41,117.2 2 0
github.com/tietang/props/kvs/value.go:120.45,122.2 1 0
github.com/tietang/props/kvs/value.go:125.54,127.2 1 0
github.com/tietang/props/kvs/value.go:130.65,132.2 1 0
github.com/tietang/props/kvs/value.go:135.46,137.2 1 0
github.com/tietang/props/kvs/value.go:140.57,142.22 2 0
github.com/tietang/props/kvs/value.go:146.5,146.15 1 0
github.com/tietang/props/kvs/value.go:142.22,145.6 2 0
github.com/tietang/props/kvs/value.go:151.54,153.42 2 0
github.com/tietang/props/kvs/value.go:157.5,157.15 1 0
github.com/tietang/props/kvs/value.go:153.42,156.6 2 0
github.com/tietang/props/kvs/value.go:162.63,164.42 2 0
github.com/tietang/props/kvs/value.go:168.5,168.15 1 0
github.com/tietang/props/kvs/value.go:164.42,167.6 2 0
github.com/tietang/props/kvs/value.go:173.51,175.42 2 0
github.com/tietang/props/kvs/value.go:179.5,179.15 1 0
github.com/tietang/props/kvs/value.go:175.42,178.6 2 0
github.com/tietang/props/kvs/value.go:184.57,186.42 2 0
github.com/tietang/props/kvs/value.go:190.5,190.15 1 0
github.com/tietang/props/kvs/value.go:186.42,189.6 2 0
github.com/tietang/props/kvs/value.go:195.54,197.42 2 0
github.com/tietang/props/kvs/value.go:201.5,201.15 1 0
github.com/tietang/props/kvs/value.go:197.42,200.6 2 0
github.com/tietang/props/kvs/value.go:206.60,208.42 2 0
github.com/tietang/props/kvs/value.go:212.5,212.15 1 0
github.com/tietang/props/kvs/value.go:208.42,211.6 2 0
github.com/tietang/props/kvs/value.go:217.76,219.42 2 0
github.com/tietang/props/kvs/value.go:223.5,223.15 1 0
github.com/tietang/props/kvs/value.go:219.42,222.6 2 0
github.com/tietang/props/kvs/value.go:228.85,230.42 2 0
github.com/tietang/props/kvs/value.go:234.5,234.15 1 0
github.com/tietang/props/kvs/value.go:230.42,233.6 2 0
github.com/tietang/props/kvs/value.go:239.64,241.2 1 0
github.com/tietang/props/kvs/value.go:245.70,247.37 2 0
github.com/tietang/props/kvs/value.go:252.5,252.22 1 0
github.com/tietang/props/kvs/value.go:247.37,248.24 1 0
github.com/tietang/props/kvs/value.go:248.24,250.10 1 0
github.com/tietang/props/kvs/value.go:257.80,259.37 2 0
github.com/tietang/props/kvs/value.go:264.5,264.22 1 0
github.com/tietang/props/kvs/value.go:259.37,260.24 1 0
github.com/tietang/props/kvs/value.go:260.24,262.10 1 0
github.com/tietang/props/kvs/value.go:269.64,271.37 2 0
github.com/tietang/props/kvs/value.go:276.5,276.22 1 0
github.com/tietang/props/kvs/value.go:271.37,272.24 1 0
github.com/tietang/props/kvs/value.go:272.24,274.10 1 0
github.com/tietang/props/kvs/value.go:281.72,283.37 2 0
github.com/tietang/props/kvs/value.go:288.5,288.22 1 0
github.com/tietang/props/kvs/value.go:283.37,284.24 1 0
github.com/tietang/props/kvs/value.go:284.24,286.10 1 0
github.com/tietang/props/kvs/value.go:293.68,295.37 2 0
github.com/tietang/props/kvs/value.go:300.5,300.22 1 0
github.com/tietang/props/kvs/value.go:295.37,296.24 1 0
github.com/tietang/props/kvs/value.go:296.24,298.10 1 0
github.com/tietang/props/kvs/value.go:305.76,307.37 2 0
github.com/tietang/props/kvs/value.go:312.5,312.22 1 0
github.com/tietang/props/kvs/value.go:307.37,308.24 1 0
github.com/tietang/props/kvs/value.go:308.24,310.10 1 0
github.com/tietang/props/kvs/value.go:317.104,319.37 2 0
github.com/tietang/props/kvs/value.go:324.5,324.22 1 0
github.com/tietang/props/kvs/value.go:319.37,320.24 1 0
github.com/tietang/props/kvs/value.go:320.24,322.10 1 0
github.com/tietang/props/kvs/value.go:329.83,331.2 1 0
github.com/tietang/props/kvs/value.go:335.71,337.31 2 0
github.com/tietang/props/kvs/value.go:340.5,340.15 1 0
github.com/tietang/props/kvs/value.go:337.31,339.6 1 0
github.com/tietang/props/kvs/value.go:345.59,347.31 2 0
github.com/tietang/props/kvs/value.go:350.5,350.15 1 0
github.com/tietang/props/kvs/value.go:347.31,349.6 1 0
github.com/tietang/props/kvs/value.go:355.65,357.31 2 0
github.com/tietang/props/kvs/value.go:360.5,360.15 1 0
github.com/tietang/props/kvs/value.go:357.31,359.6 1 0
github.com/tietang/props/kvs/value.go:365.93,367.59 2 0
github.com/tietang/props/kvs/value.go:370.5,370.15 1 0
github.com/tietang/props/kvs/value.go:367.59,369.6 1 0
github.com/tietang/props/kvs/value.go:375.72,377.2 1 0
github.com/tietang/props/kvs/value.go:380.39,382.22 2 0
github.com/tietang/props/kvs/value.go:387.5,388.25 2 0
github.com/tietang/props/kvs/value.go:392.5,392.16 1 0
github.com/tietang/props/kvs/value.go:382.22,384.6 1 0
github.com/tietang/props/kvs/value.go:388.25,391.6 1 0
github.com/tietang/props/kvs/value.go:395.39,396.35 1 0
github.com/tietang/props/kvs/value.go:402.5,402.17 1 0
github.com/tietang/props/kvs/value.go:396.35,397.22 1 0
github.com/tietang/props/kvs/value.go:397.22,399.10 1 0
github.com/tietang/props/kvs/value.go:406.41,409.2 2 0
github.com/tietang/props/kvs/value.go:412.33,415.2 2 0
github.com/tietang/props/kvs/value.go:418.37,421.2 2 0
github.com/tietang/props/kvs/value.go:424.48,427.2 2 0
github.com/tietang/props/kvs/value.go:430.35,433.2 2 0
github.com/tietang/props/kvs/value.go:436.39,439.2 2 0
github.com/tietang/props/kvs/value.go:443.59,446.2 2 0
github.com/tietang/props/kvs/value.go:450.40,452.2 1 0
github.com/tietang/props/kvs/value.go:456.46,459.2 2 0
github.com/tietang/props/kvs/value.go:463.38,466.2 2 0
github.com/tietang/props/kvs/value.go:470.42,473.2 2 0
github.com/tietang/props/kvs/value.go:477.40,480.2 2 0
github.com/tietang/props/kvs/value.go:484.44,487.2 2 0
github.com/tietang/props/kvs/value.go:490.64,493.2 2 0
github.com/tietang/props/kvs/value.go:496.45,498.2 1 0
github.com/tietang/props/kvs/value.go:501.56,503.2 1 0
github.com/tietang/props/kvs/value.go:506.48,508.2 1 0
github.com/tietang/props/kvs/value.go:511.52,513.2 1 0
github.com/tietang/props/kvs/value.go:516.50,518.2 1 0
github.com/tietang/props/kvs/value.go:521.54,523.2 1 0
github.com/tietang/props/kvs/value.go:527.74,529.2 1 0
github.com/tietang/props/kvs/value.go:533.55,535.2 1 0
github.com/tietang/props/kvs/value.go:538.102,540.30 2 0
github.com/tietang/props/kvs/value.go:549.5,549.21 1 0
github.com/tietang/props/kvs/value.go:540.30,542.42 2 0
github.com/tietang/props/kvs/value.go:545.9,545.37 1 0
github.com/tietang/props/kvs/value.go:542.42,544.10 1 0
github.com/tietang/props/kvs/value.go:545.37,547.10 1 0
github.com/tietang/props/kvs/value.go:553.94,555.30 2 0
github.com/tietang/props/kvs/value.go:564.5,564.21 1 0
github.com/tietang/props/kvs/value.go:555.30,557.42 2 0
github.com/tietang/props/kvs/value.go:560.9,560.37 1 0
github.com/tietang/props/kvs/value.go:557.42,559.10 1 0
github.com/tietang/props/kvs/value.go:560.37,562.10 1 0
github.com/tietang/props/kvs/value.go:568.109,570.30 2 0
github.com/tietang/props/kvs/value.go:579.5,579.21 1 0
github.com/tietang/props/kvs/value.go:570.30,572.42 2 0
github.com/tietang/props/kvs/value.go:575.9,575.37 1 0
github.com/tietang/props/kvs/value.go:572.42,574.10 1 0
github.com/tietang/props/kvs/value.go:575.37,577.10 1 0
github.com/tietang/props/kvs/value.go:583.98,585.30 2 0
github.com/tietang/props/kvs/value.go:594.5,594.21 1 0
github.com/tietang/props/kvs/value.go:585.30,587.42 2 0
github.com/tietang/props/kvs/value.go:590.9,590.37 1 0
github.com/tietang/props/kvs/value.go:587.42,589.10 1 0
github.com/tietang/props/kvs/value.go:590.37,592.10 1 0
github.com/tietang/props/kvs/value.go:598.96,600.30 2 0
github.com/tietang/props/kvs/value.go:609.5,609.21 1 0
github.com/tietang/props/kvs/value.go:600.30,602.42 2 0
github.com/tietang/props/kvs/value.go:605.9,605.37 1 0
github.com/tietang/props/kvs/value.go:602.42,604.10 1 0
github.com/tietang/props/kvs/value.go:605.37,607.10 1 0
github.com/tietang/props/kvs/value.go:613.100,615.30 2 0
github.com/tietang/props/kvs/value.go:624.5,624.21 1 0
github.com/tietang/props/kvs/value.go:615.30,617.42 2 0
github.com/tietang/props/kvs/value.go:620.9,620.37 1 0
github.com/tietang/props/kvs/value.go:617.42,619.10 1 0
github.com/tietang/props/kvs/value.go:620.37,622.10 1 0
github.com/tietang/props/kvs/value.go:628.122,630.30 2 0
github.com/tietang/props/kvs/value.go:639.5,639.21 1 0
github.com/tietang/props/kvs/value.go:630.30,632.42 2 0
github.com/tietang/props/kvs/value.go:635.9,635.37 1 0
github.com/tietang/props/kvs/value.go:632.42,634.10 1 0
github.com/tietang/props/kvs/value.go:635.37,637.10 1 0
github.com/tietang/props/etcd/etcd_v2_kv_source.go:27.84,29.2 1 0
github.com/tietang/props/etcd/etcd_v2_kv_source.go:31.116,33.19 2 0
github.com/tietang/props/etcd/etcd_v2_kv_source.go:36.5,47.19 7 0
github.com/tietang/props/etcd/etcd_v2_kv_source.go:50.5,59.13 6 0
github.com/tietang/props/etcd/etcd_v2_kv_source.go:33.19,35.6 1 0
github.com/tietang/props/etcd/etcd_v2_kv_source.go:47.19,49.6 1 0
github.com/tietang/props/etcd/etcd_v2_kv_source.go:62.105,65.38 3 0
github.com/tietang/props/etcd/etcd_v2_kv_source.go:70.5,70.13 1 0
github.com/tietang/props/etcd/etcd_v2_kv_source.go:65.38,68.6 2 0
github.com/tietang/props/etcd/etcd_v2_kv_source.go:73.45,75.2 1 0
github.com/tietang/props/etcd/etcd_v2_kv_source.go:77.54,79.2 0 0
github.com/tietang/props/etcd/etcd_v2_kv_source.go:81.47,83.2 0 0
github.com/tietang/props/etcd/etcd_v2_kv_source.go:85.95,86.27 1 0
github.com/tietang/props/etcd/etcd_v2_kv_source.go:89.5,89.27 1 0
github.com/tietang/props/etcd/etcd_v2_kv_source.go:92.5,92.35 1 0
github.com/tietang/props/etcd/etcd_v2_kv_source.go:86.27,88.6 1 0
github.com/tietang/props/etcd/etcd_v2_kv_source.go:89.27,91.6 1 0
github.com/tietang/props/etcd/etcd_v2_kv_source.go:92.35,99.22 4 0
github.com/tietang/props/etcd/etcd_v2_kv_source.go:99.22,101.10 1 0
github.com/tietang/props/etcd/etcd_v2_kv_source.go:101.15,103.10 1 0
github.com/tietang/props/etcd/etcd_v2_kv_source.go:109.81,112.19 3 0
github.com/tietang/props/etcd/etcd_v2_kv_source.go:115.5,116.22 2 0
github.com/tietang/props/etcd/etcd_v2_kv_source.go:112.19,114.6 1 0
github.com/tietang/props/etcd/etcd_v2_kv_source.go:119.86,123.2 3 0
github.com/tietang/props/etcd/etcd_v2_kv_source.go:125.75,129.2 2 0
github.com/tietang/props/etcd/etcd_v2_kv_source.go:131.52,133.2 1 0
github.com/tietang/props/example/ccs.go:10.13,56.2 23 0
github.com/tietang/props/example/un.go:25.14,63.2 18 0
github.com/tietang/props/ini/ini.go:18.40,24.2 3 0
github.com/tietang/props/ini/ini.go:28.51,31.19 3 0
github.com/tietang/props/ini/ini.go:35.5,35.18 1 0
github.com/tietang/props/ini/ini.go:31.19,34.6 2 0
github.com/tietang/props/ini/ini.go:38.52,43.19 3 0
github.com/tietang/props/ini/ini.go:48.5,48.25 1 0
github.com/tietang/props/ini/ini.go:43.19,47.6 3 0
github.com/tietang/props/ini/ini.go:51.49,55.19 3 0
github.com/tietang/props/ini/ini.go:59.5,60.38 2 0
github.com/tietang/props/ini/ini.go:70.5,70.15 1 0
github.com/tietang/props/ini/ini.go:55.19,58.6 2 0
github.com/tietang/props/ini/ini.go:60.38,62.43 2 0
github.com/tietang/props/ini/ini.go:62.43,67.10 4 0
github.com/tietang/props/ini/ini.go:79.50,82.2 2 0
github.com/tietang/props/consul/consul_kv_source.go:25.86,27.2 1 1
github.com/tietang/props/consul/consul_kv_source.go:29.121,31.19 2 1
github.com/tietang/props/consul/consul_kv_source.go:34.5,41.19 8 1
github.com/tietang/props/consul/consul_kv_source.go:44.5,47.13 4 1
github.com/tietang/props/consul/consul_kv_source.go:31.19,33.6 1 1
github.com/tietang/props/consul/consul_kv_source.go:41.19,42.19 1 0
github.com/tietang/props/consul/consul_kv_source.go:50.107,53.38 3 0
github.com/tietang/props/consul/consul_kv_source.go:58.5,58.13 1 0
github.com/tietang/props/consul/consul_kv_source.go:53.38,56.6 2 0
github.com/tietang/props/consul/consul_kv_source.go:61.45,63.2 1 1
github.com/tietang/props/consul/consul_kv_source.go:65.54,67.2 0 0
github.com/tietang/props/consul/consul_kv_source.go:69.47,70.2 0 0
github.com/tietang/props/consul/consul_kv_source.go:72.91,77.19 4 1
github.com/tietang/props/consul/consul_kv_source.go:81.5,81.28 1 1
github.com/tietang/props/consul/consul_kv_source.go:77.19,80.6 2 0
github.com/tietang/props/consul/consul_kv_source.go:81.28,83.23 2 1
github.com/tietang/props/consul/consul_kv_source.go:87.9,88.37 2 1
github.com/tietang/props/consul/consul_kv_source.go:83.23,85.21 2 0
github.com/tietang/props/consul/consul_kv_source.go:93.86,97.2 3 1
github.com/tietang/props/consul/consul_kv_source.go:99.75,103.2 2 1
github.com/tietang/props/consul/consul_kv_source.go:105.52,107.2 1 0
github.com/tietang/props/consul/consul_props_source.go:22.80,24.2 1 1
github.com/tietang/props/consul/consul_props_source.go:26.115,28.19 2 1
github.com/tietang/props/consul/consul_props_source.go:31.5,38.19 8 1
github.com/tietang/props/consul/consul_props_source.go:41.5,44.13 4 1
github.com/tietang/props/consul/consul_props_source.go:28.19,30.6 1 0
github.com/tietang/props/consul/consul_props_source.go:38.19,39.19 1 0
github.com/tietang/props/consul/consul_props_source.go:47.42,49.2 1 1
github.com/tietang/props/consul/consul_props_source.go:51.51,53.2 0 0
github.com/tietang/props/consul/consul_props_source.go:55.44,56.2 0 0
github.com/tietang/props/consul/consul_props_source.go:58.88,62.19 4 1
github.com/tietang/props/consul/consul_props_source.go:66.5,66.28 1 1
github.com/tietang/props/consul/consul_props_source.go:62.19,65.6 2 0
github.com/tietang/props/consul/consul_props_source.go:66.28,68.23 2 1
github.com/tietang/props/consul/consul_props_source.go:73.9,75.42 3 1
github.com/tietang/props/consul/consul_props_source.go:68.23,70.21 2 0
github.com/tietang/props/consul/consul_props_source.go:75.42,79.10 3 1
github.com/tietang/props/consul/consul_props_source.go:85.83,89.2 3 1
github.com/tietang/props/consul/consul_props_source.go:91.72,95.2 2 1
github.com/tietang/props/consul/consul_props_source.go:97.49,99.2 1 0
github.com/tietang/props/kvs/config_source.go:60.61,62.2 1 0
github.com/tietang/props/kvs/config_source.go:63.72,65.2 1 0
github.com/tietang/props/kvs/config_source.go:67.92,69.2 1 0
github.com/tietang/props/kvs/config_source.go:71.122,77.19 2 0
github.com/tietang/props/kvs/config_source.go:80.5,80.26 1 0
github.com/tietang/props/kvs/config_source.go:86.5,86.38 1 0
github.com/tietang/props/kvs/config_source.go:89.5,89.13 1 0
github.com/tietang/props/kvs/config_source.go:77.19,79.6 1 0
github.com/tietang/props/kvs/config_source.go:80.26,82.6 1 0
github.com/tietang/props/kvs/config_source.go:82.11,84.6 1 0
github.com/tietang/props/kvs/config_source.go:86.38,88.6 1 0
github.com/tietang/props/kvs/config_source.go:92.49,94.2 1 0
github.com/tietang/props/kvs/config_source.go:95.46,97.2 1 0
github.com/tietang/props/kvs/config_source.go:99.60,100.30 1 0
github.com/tietang/props/kvs/config_source.go:100.30,101.58 1 0
github.com/tietang/props/kvs/config_source.go:107.9,107.60 1 0
github.com/tietang/props/kvs/config_source.go:101.58,103.40 2 0
github.com/tietang/props/kvs/config_source.go:103.40,105.14 1 0
github.com/tietang/props/kvs/config_source.go:111.62,113.2 1 0
github.com/tietang/props/kvs/config_source.go:115.66,122.54 3 0
github.com/tietang/props/kvs/config_source.go:132.5,132.31 1 0
github.com/tietang/props/kvs/config_source.go:138.5,138.18 1 0
github.com/tietang/props/kvs/config_source.go:122.54,125.23 3 0
github.com/tietang/props/kvs/config_source.go:125.23,128.18 3 0
github.com/tietang/props/kvs/config_source.go:132.31,137.6 4 0
github.com/tietang/props/kvs/config_source.go:138.18,142.6 3 0
github.com/tietang/props/kvs/config_source.go:142.11,146.6 3 0
github.com/tietang/props/kvs/config_source.go:148.64,150.2 1 0
github.com/tietang/props/kvs/config_source.go:151.58,153.2 1 0
github.com/tietang/props/kvs/config_source.go:154.66,156.2 1 0
github.com/tietang/props/kvs/config_source.go:158.73,160.2 1 0
github.com/tietang/props/kvs/config_source.go:162.67,164.2 1 0
github.com/tietang/props/kvs/config_source.go:166.86,168.19 2 0
github.com/tietang/props/kvs/config_source.go:171.5,171.13 1 0
github.com/tietang/props/kvs/config_source.go:168.19,170.6 1 0
github.com/tietang/props/kvs/config_source.go:173.67,175.19 2 0
github.com/tietang/props/kvs/config_source.go:175.19,177.6 1 0
github.com/tietang/props/kvs/config_source.go:177.11,179.6 1 0
github.com/tietang/props/kvs/config_source.go:182.82,184.19 2 0
github.com/tietang/props/kvs/config_source.go:184.19,186.6 1 0
github.com/tietang/props/kvs/config_source.go:186.11,188.6 1 0
github.com/tietang/props/kvs/config_source.go:191.69,194.19 2 0
github.com/tietang/props/kvs/config_source.go:194.19,196.6 1 0
github.com/tietang/props/kvs/config_source.go:196.11,198.6 1 0
github.com/tietang/props/kvs/config_source.go:201.75,203.19 2 0
github.com/tietang/props/kvs/config_source.go:203.19,205.6 1 0
github.com/tietang/props/kvs/config_source.go:205.11,207.6 1 0
github.com/tietang/props/kvs/config_source.go:210.83,213.19 2 0
github.com/tietang/props/kvs/config_source.go:213.19,215.23 2 0
github.com/tietang/props/kvs/config_source.go:215.23,217.10 1 0
github.com/tietang/props/kvs/config_source.go:217.15,219.10 1 0
github.com/tietang/props/kvs/config_source.go:220.11,222.6 1 0
github.com/tietang/props/kvs/config_source.go:225.108,228.19 2 0
github.com/tietang/props/kvs/config_source.go:228.19,230.23 2 0
github.com/tietang/props/kvs/config_source.go:230.23,232.10 1 0
github.com/tietang/props/kvs/config_source.go:232.15,234.10 1 0
github.com/tietang/props/kvs/config_source.go:235.11,237.6 1 0
github.com/tietang/props/kvs/config_source.go:241.86,244.19 2 0
github.com/tietang/props/kvs/config_source.go:244.19,246.23 2 0
github.com/tietang/props/kvs/config_source.go:246.23,248.10 1 0
github.com/tietang/props/kvs/config_source.go:248.15,250.10 1 0
github.com/tietang/props/kvs/config_source.go:251.11,253.6 1 0
github.com/tietang/props/kvs/config_source.go:256.95,259.19 2 0
github.com/tietang/props/kvs/config_source.go:259.19,261.23 2 0
github.com/tietang/props/kvs/config_source.go:261.23,263.10 1 0
github.com/tietang/props/kvs/config_source.go:263.15,265.10 1 0
github.com/tietang/props/kvs/config_source.go:266.11,268.6 1 0
github.com/tietang/props/kvs/config_source.go:270.56,273.2 1 0
github.com/tietang/props/kvs/config_source.go:275.68,278.2 1 0
github.com/tietang/props/kvs/config_source.go:280.68,282.2 1 0
github.com/tietang/props/kvs/config_source.go:284.51,287.54 2 0
github.com/tietang/props/kvs/config_source.go:294.5,295.50 2 0
github.com/tietang/props/kvs/config_source.go:299.5,299.16 1 0
github.com/tietang/props/kvs/config_source.go:287.54,290.30 3 0
github.com/tietang/props/kvs/config_source.go:290.30,292.10 1 0
github.com/tietang/props/kvs/config_source.go:295.50,298.6 2 0
github.com/tietang/props/kvs/config_source.go:302.72,326.2 2 0
github.com/tietang/props/kvs/config_source.go:328.75,329.45 1 0
github.com/tietang/props/kvs/config_source.go:341.5,341.22 1 0
github.com/tietang/props/kvs/config_source.go:329.45,331.82 2 0
github.com/tietang/props/kvs/config_source.go:339.9,339.24 1 0
github.com/tietang/props/kvs/config_source.go:331.82,333.27 2 0
github.com/tietang/props/kvs/config_source.go:333.27,335.14 1 0
github.com/tietang/props/kvs/config_source.go:335.19,337.14 1 0
github.com/tietang/props/kvs/config_source.go:344.84,347.22 2 0
github.com/tietang/props/kvs/config_source.go:350.5,351.27 2 0
github.com/tietang/props/kvs/config_source.go:364.5,364.50 1 0
github.com/tietang/props/kvs/config_source.go:347.22,349.6 1 0
github.com/tietang/props/kvs/config_source.go:351.27,354.26 2 0
github.com/tietang/props/kvs/config_source.go:358.9,359.23 2 0
github.com/tietang/props/kvs/config_source.go:354.26,357.10 2 0
github.com/tietang/props/kvs/config_source.go:359.23,361.10 1 0
github.com/tietang/props/kvs/env_source.go:14.44,19.2 4 0
github.com/tietang/props/kvs/env_source.go:21.34,23.28 2 0
github.com/tietang/props/kvs/env_source.go:23.28,25.20 2 0
github.com/tietang/props/kvs/env_source.go:25.20,27.10 1 0
github.com/tietang/props/kvs/env_source.go:30.41,33.2 1 0
github.com/tietang/props/zk/zk_source.go:28.98,36.2 7 0
github.com/tietang/props/zk/zk_source.go:38.127,41.19 2 0
github.com/tietang/props/zk/zk_source.go:45.5,45.9 1 0
github.com/tietang/props/zk/zk_source.go:52.5,52.67 1 0
github.com/tietang/props/zk/zk_source.go:41.19,43.19 2 0
github.com/tietang/props/zk/zk_source.go:45.9,48.45 3 0
github.com/tietang/props/zk/zk_source.go:48.45,49.18 1 0
github.com/tietang/props/zk/zk_source.go:55.107,58.38 3 0
github.com/tietang/props/zk/zk_source.go:62.5,62.13 1 0
github.com/tietang/props/zk/zk_source.go:58.38,61.6 2 0
github.com/tietang/props/zk/zk_source.go:65.40,67.2 1 0
github.com/tietang/props/zk/zk_source.go:69.41,71.2 1 0
github.com/tietang/props/zk/zk_source.go:73.86,75.27 1 0
github.com/tietang/props/zk/zk_source.go:78.5,78.27 1 0
github.com/tietang/props/zk/zk_source.go:81.5,81.32 1 0
github.com/tietang/props/zk/zk_source.go:75.27,77.6 1 0
github.com/tietang/props/zk/zk_source.go:78.27,80.6 1 0
github.com/tietang/props/zk/zk_source.go:81.32,87.23 4 0
github.com/tietang/props/zk/zk_source.go:91.9,91.37 1 0
github.com/tietang/props/zk/zk_source.go:87.23,89.10 1 0
github.com/tietang/props/zk/zk_source.go:97.81,99.34 2 0
github.com/tietang/props/zk/zk_source.go:102.5,102.26 1 0
github.com/tietang/props/zk/zk_source.go:99.34,101.6 1 0
github.com/tietang/props/zk/zk_source.go:105.72,107.19 2 0
github.com/tietang/props/zk/zk_source.go:110.5,110.20 1 0
github.com/tietang/props/zk/zk_source.go:107.19,109.6 1 0
github.com/tietang/props/zk/zk_source.go:113.81,117.2 3 0
github.com/tietang/props/zk/zk_source.go:119.70,123.2 2 0
github.com/tietang/props/zk/zk_source.go:125.47,127.2 1 0
github.com/tietang/props/zk/zk_source.go:129.105,131.2 1 0
github.com/tietang/props/zk/zk_source.go:133.113,136.2 2 0
github.com/tietang/props/zk/zk_source.go:138.117,140.19 2 0
github.com/tietang/props/zk/zk_source.go:143.5,147.38 4 0
github.com/tietang/props/zk/zk_source.go:150.5,151.42 2 0
github.com/tietang/props/zk/zk_source.go:140.19,141.19 1 0
github.com/tietang/props/zk/zk_source.go:147.38,149.6 1 0
github.com/tietang/props/zk/zk_source.go:154.112,157.16 3 0
github.com/tietang/props/zk/zk_source.go:160.5,162.19 3 0
github.com/tietang/props/zk/zk_source.go:165.5,170.38 4 0
github.com/tietang/props/zk/zk_source.go:173.5,174.37 2 0
github.com/tietang/props/zk/zk_source.go:157.16,159.6 1 0
github.com/tietang/props/zk/zk_source.go:162.19,163.19 1 0
github.com/tietang/props/zk/zk_source.go:170.38,172.6 1 0
github.com/tietang/props/zk/zk_source.go:177.76,178.58 1 0
github.com/tietang/props/zk/zk_source.go:178.58,180.6 1 0
github.com/tietang/props/example/ex.go:8.14,50.2 19 0
github.com/tietang/props/ini/ini_source.go:22.67,25.2 2 0
github.com/tietang/props/ini/ini_source.go:27.75,32.19 3 0
github.com/tietang/props/ini/ini_source.go:37.5,41.24 5 0
github.com/tietang/props/ini/ini_source.go:44.5,45.13 2 0
github.com/tietang/props/ini/ini_source.go:32.19,34.6 1 0
github.com/tietang/props/ini/ini_source.go:34.11,36.6 1 0
github.com/tietang/props/ini/ini_source.go:41.24,43.6 1 0
github.com/tietang/props/ini/ini_source.go:48.84,51.19 3 0
github.com/tietang/props/ini/ini_source.go:56.5,60.13 5 0
github.com/tietang/props/ini/ini_source.go:51.19,53.6 1 0
github.com/tietang/props/ini/ini_source.go:53.11,55.6 1 0
github.com/tietang/props/ini/ini_source.go:63.86,66.36 3 0
github.com/tietang/props/ini/ini_source.go:70.5,70.13 1 0
github.com/tietang/props/ini/ini_source.go:66.36,69.6 2 0
github.com/tietang/props/ini/ini_source.go:73.45,75.2 1 0
github.com/tietang/props/ini/ini_source.go:77.49,79.2 1 0
github.com/tietang/props/kvs/map_props.go:21.40,26.2 2 0
github.com/tietang/props/kvs/map_props.go:28.65,33.2 2 0
github.com/tietang/props/kvs/map_props.go:35.39,37.2 1 0
github.com/tietang/props/kvs/map_props.go:40.56,44.2 3 0
github.com/tietang/props/kvs/map_props.go:45.54,47.2 1 0
github.com/tietang/props/kvs/map_props.go:48.48,50.2 1 0
github.com/tietang/props/kvs/map_props.go:51.56,53.2 1 0
github.com/tietang/props/kvs/map_props.go:54.63,56.2 1 0
github.com/tietang/props/kvs/map_props.go:60.57,61.35 1 1
github.com/tietang/props/kvs/map_props.go:64.5,64.56 1 0
github.com/tietang/props/kvs/map_props.go:61.35,63.6 1 1
github.com/tietang/props/kvs/map_props.go:69.63,70.35 1 1
github.com/tietang/props/kvs/map_props.go:73.5,73.18 1 0
github.com/tietang/props/kvs/map_props.go:70.35,72.6 1 1
github.com/tietang/props/kvs/map_props.go:76.57,79.46 2 0
github.com/tietang/props/kvs/map_props.go:82.5,82.55 1 0
github.com/tietang/props/kvs/map_props.go:79.46,81.6 1 0
github.com/tietang/props/kvs/map_props.go:85.67,86.35 1 0
github.com/tietang/props/kvs/map_props.go:91.5,91.18 1 0
github.com/tietang/props/kvs/map_props.go:86.35,87.50 1 0
github.com/tietang/props/kvs/map_props.go:87.50,89.10 1 0
github.com/tietang/props/kvs/map_props.go:93.59,96.51 2 0
github.com/tietang/props/kvs/map_props.go:99.5,99.59 1 0
github.com/tietang/props/kvs/map_props.go:96.51,98.6 1 0
github.com/tietang/props/kvs/map_props.go:102.70,103.35 1 0
github.com/tietang/props/kvs/map_props.go:108.5,108.18 1 0
github.com/tietang/props/kvs/map_props.go:103.35,104.55 1 0
github.com/tietang/props/kvs/map_props.go:104.55,106.10 1 0
github.com/tietang/props/kvs/map_props.go:111.65,114.56 2 0
github.com/tietang/props/kvs/map_props.go:117.5,117.57 1 0
github.com/tietang/props/kvs/map_props.go:114.56,116.6 1 0
github.com/tietang/props/kvs/map_props.go:120.79,121.35 1 0
github.com/tietang/props/kvs/map_props.go:126.5,126.18 1 0
github.com/tietang/props/kvs/map_props.go:121.35,122.60 1 0
github.com/tietang/props/kvs/map_props.go:122.60,124.10 1 0
github.com/tietang/props/kvs/map_props.go:132.72,134.19 2 0
github.com/tietang/props/kvs/map_props.go:138.5,138.25 1 0
github.com/tietang/props/kvs/map_props.go:134.19,137.6 1 0
github.com/tietang/props/kvs/map_props.go:141.98,142.35 1 0
github.com/tietang/props/kvs/map_props.go:147.5,147.24 1 0
github.com/tietang/props/kvs/map_props.go:142.35,143.48 1 0
github.com/tietang/props/kvs/map_props.go:143.48,145.10 1 0
github.com/tietang/props/kvs/map_props.go:151.41,153.32 2 1
github.com/tietang/props/kvs/map_props.go:156.5,156.16 1 1
github.com/tietang/props/kvs/map_props.go:153.32,155.6 1 1
github.com/tietang/props/kvs/map_props.go:160.46,162.2 1 1
github.com/tietang/props/kvs/map_props.go:163.58,164.30 1 0
github.com/tietang/props/kvs/map_props.go:164.30,166.6 1 0
github.com/tietang/props/kvs/map_props.go:171.33,173.2 1 0
github.com/tietang/props/kvs/map_props.go:175.58,177.2 1 0
github.com/tietang/props/kvs/map_props.go:179.77,182.2 2 0
github.com/tietang/props/kvs/map_props.go:183.82,197.58 5 0
github.com/tietang/props/kvs/map_props.go:203.5,204.30 2 0
github.com/tietang/props/kvs/map_props.go:361.5,361.15 1 0
github.com/tietang/props/kvs/map_props.go:197.58,202.6 1 0
github.com/tietang/props/kvs/map_props.go:204.30,206.36 2 0
github.com/tietang/props/kvs/map_props.go:209.9,212.30 3 0
github.com/tietang/props/kvs/map_props.go:234.9,237.48 3 0
github.com/tietang/props/kvs/map_props.go:244.9,244.29 1 0
github.com/tietang/props/kvs/map_props.go:206.36,207.21 1 0
github.com/tietang/props/kvs/map_props.go:212.30,213.24 1 0
github.com/tietang/props/kvs/map_props.go:216.13,216.57 1 0
github.com/tietang/props/kvs/map_props.go:213.24,214.25 1 0
github.com/tietang/props/kvs/map_props.go:216.57,217.47 1 0
github.com/tietang/props/kvs/map_props.go:217.47,219.18 1 0
github.com/tietang/props/kvs/map_props.go:220.19,221.33 1 0
github.com/tietang/props/kvs/map_props.go:221.33,223.18 1 0
github.com/tietang/props/kvs/map_props.go:223.23,225.18 1 0
github.com/tietang/props/kvs/map_props.go:237.48,238.21 1 0
github.com/tietang/props/kvs/map_props.go:245.29,247.37 1 0
github.com/tietang/props/kvs/map_props.go:250.13,251.38 2 0
github.com/tietang/props/kvs/map_props.go:257.13,258.18 2 0
github.com/tietang/props/kvs/map_props.go:259.85,261.50 1 0
github.com/tietang/props/kvs/map_props.go:285.13,285.18 1 0
github.com/tietang/props/kvs/map_props.go:287.90,291.18 3 0
github.com/tietang/props/kvs/map_props.go:293.47,296.27 2 0
github.com/tietang/props/kvs/map_props.go:298.13,298.35 1 0
github.com/tietang/props/kvs/map_props.go:302.13,303.38 2 0
github.com/tietang/props/kvs/map_props.go:309.13,310.18 2 0
github.com/tietang/props/kvs/map_props.go:312.27,314.27 2 0
github.com/tietang/props/kvs/map_props.go:316.13,316.29 1 0
github.com/tietang/props/kvs/map_props.go:320.13,321.38 2 0
github.com/tietang/props/kvs/map_props.go:327.13,329.18 2 0
github.com/tietang/props/kvs/map_props.go:330.26,334.50 3 0
github.com/tietang/props/kvs/map_props.go:337.13,337.42 1 0
github.com/tietang/props/kvs/map_props.go:351.13,351.18 1 0
github.com/tietang/props/kvs/map_props.go:352.13,352.18 1 0
github.com/tietang/props/kvs/map_props.go:353.29,356.18 2 0
github.com/tietang/props/kvs/map_props.go:357.17,357.17 0 0
github.com/tietang/props/kvs/map_props.go:247.37,249.14 1 0
github.com/tietang/props/kvs/map_props.go:251.38,253.31 2 0
github.com/tietang/props/kvs/map_props.go:253.31,255.18 1 0
github.com/tietang/props/kvs/map_props.go:261.50,263.31 2 0
github.com/tietang/props/kvs/map_props.go:265.17,265.37 1 0
github.com/tietang/props/kvs/map_props.go:268.17,269.42 2 0
github.com/tietang/props/kvs/map_props.go:275.17,275.48 1 0
github.com/tietang/props/kvs/map_props.go:263.32,264.18 0 0
github.com/tietang/props/kvs/map_props.go:265.37,267.18 1 0
github.com/tietang/props/kvs/map_props.go:269.42,271.34 2 0
github.com/tietang/props/kvs/map_props.go:271.34,273.22 1 0
github.com/tietang/props/kvs/map_props.go:277.19,283.14 2 0
github.com/tietang/props/kvs/map_props.go:296.28,297.14 0 0
github.com/tietang/props/kvs/map_props.go:298.35,300.14 1 0
github.com/tietang/props/kvs/map_props.go:303.38,305.30 2 0
github.com/tietang/props/kvs/map_props.go:305.30,307.18 1 0
github.com/tietang/props/kvs/map_props.go:314.28,315.14 0 0
github.com/tietang/props/kvs/map_props.go:316.29,318.14 1 0
github.com/tietang/props/kvs/map_props.go:321.38,323.25 2 0
github.com/tietang/props/kvs/map_props.go:323.25,325.18 1 0
github.com/tietang/props/kvs/map_props.go:334.50,336.14 1 0
github.com/tietang/props/kvs/map_props.go:337.42,338.40 1 0
github.com/tietang/props/kvs/map_props.go:338.40,339.50 1 0
github.com/tietang/props/kvs/map_props.go:339.50,344.39 5 0
github.com/tietang/props/kvs/map_props.go:344.39,347.26 1 0
github.com/tietang/props/kvs/map_props.go:364.73,365.23 1 0
github.com/tietang/props/kvs/map_props.go:381.5,381.19 1 0
github.com/tietang/props/kvs/map_props.go:366.81,367.37 1 0
github.com/tietang/props/kvs/map_props.go:372.103,373.27 1 0
github.com/tietang/props/kvs/map_props.go:374.43,375.28 1 0
github.com/tietang/props/kvs/map_props.go:376.25,377.32 1 0
github.com/tietang/props/kvs/map_props.go:378.23,379.25 1 0
github.com/tietang/props/kvs/map_props.go:367.37,369.10 1 0
github.com/tietang/props/kvs/map_props.go:369.15,371.10 1 0
github.com/tietang/props/kvs/map_props.go:384.82,387.19 3 0
github.com/tietang/props/kvs/map_props.go:389.5,389.26 1 0
github.com/tietang/props/kvs/map_props.go:393.5,394.30 2 0
github.com/tietang/props/kvs/map_props.go:400.5,400.20 1 0
github.com/tietang/props/kvs/map_props.go:387.20,388.6 0 0
github.com/tietang/props/kvs/map_props.go:389.26,391.6 1 0
github.com/tietang/props/kvs/map_props.go:394.30,396.22 2 0
github.com/tietang/props/kvs/map_props.go:396.22,398.10 1 0
github.com/tietang/props/kvs/map_props.go:405.35,410.35 4 0
github.com/tietang/props/kvs/map_props.go:421.5,421.16 1 0
github.com/tietang/props/kvs/map_props.go:410.35,411.19 1 0
github.com/tietang/props/kvs/map_props.go:411.19,413.10 1 0
github.com/tietang/props/kvs/map_props.go:413.15,414.40 1 0
github.com/tietang/props/kvs/map_props.go:417.13,417.53 1 0
github.com/tietang/props/kvs/map_props.go:414.40,416.14 1 0
github.com/tietang/props/etcd/etcd_v3_kv_source.go:32.86,34.2 1 0
github.com/tietang/props/etcd/etcd_v3_kv_source.go:36.118,38.19 2 0
github.com/tietang/props/etcd/etcd_v3_kv_source.go:41.5,44.42 4 0
github.com/tietang/props/etcd/etcd_v3_kv_source.go:47.5,54.19 4 0
github.com/tietang/props/etcd/etcd_v3_kv_source.go:57.5,62.13 6 0
github.com/tietang/props/etcd/etcd_v3_kv_source.go:38.19,40.6 1 0
github.com/tietang/props/etcd/etcd_v3_kv_source.go:44.42,46.6 1 0
github.com/tietang/props/etcd/etcd_v3_kv_source.go:54.19,56.6 1 0
github.com/tietang/props/etcd/etcd_v3_kv_source.go:65.107,68.38 3 0
github.com/tietang/props/etcd/etcd_v3_kv_source.go:73.5,73.13 1 0
github.com/tietang/props/etcd/etcd_v3_kv_source.go:68.38,71.6 2 0
github.com/tietang/props/etcd/etcd_v3_kv_source.go:76.45,78.2 1 0
github.com/tietang/props/etcd/etcd_v3_kv_source.go:80.54,82.2 0 0
github.com/tietang/props/etcd/etcd_v3_kv_source.go:84.46,86.2 1 0
github.com/tietang/props/etcd/etcd_v3_kv_source.go:88.101,92.19 3 0
github.com/tietang/props/etcd/etcd_v3_kv_source.go:97.5,97.32 1 0
github.com/tietang/props/etcd/etcd_v3_kv_source.go:92.19,95.6 2 0
github.com/tietang/props/etcd/etcd_v3_kv_source.go:97.32,101.6 3 0
github.com/tietang/props/etcd/etcd_v3_kv_source.go:105.86,109.2 2 0
github.com/tietang/props/etcd/etcd_v3_kv_source.go:111.75,115.2 2 0
github.com/tietang/props/etcd/etcd_v3_kv_source.go:117.52,119.2 1 0
github.com/tietang/props/etcd/etcd_v3_props_source.go:33.80,35.2 1 0
github.com/tietang/props/etcd/etcd_v3_props_source.go:37.112,39.19 2 0
github.com/tietang/props/etcd/etcd_v3_props_source.go:42.5,45.42 4 0
github.com/tietang/props/etcd/etcd_v3_props_source.go:48.5,55.19 4 0
github.com/tietang/props/etcd/etcd_v3_props_source.go:58.5,63.13 6 0
github.com/tietang/props/etcd/etcd_v3_props_source.go:39.19,41.6 1 0
github.com/tietang/props/etcd/etcd_v3_props_source.go:45.42,47.6 1 0
github.com/tietang/props/etcd/etcd_v3_props_source.go:55.19,57.6 1 0
github.com/tietang/props/etcd/etcd_v3_props_source.go:66.104,69.38 3 0
github.com/tietang/props/etcd/etcd_v3_props_source.go:74.5,74.13 1 0
github.com/tietang/props/etcd/etcd_v3_props_source.go:69.38,72.6 2 0
github.com/tietang/props/etcd/etcd_v3_props_source.go:77.42,79.2 1 0
github.com/tietang/props/etcd/etcd_v3_props_source.go:81.51,83.2 0 0
github.com/tietang/props/etcd/etcd_v3_props_source.go:85.43,87.2 1 0
github.com/tietang/props/etcd/etcd_v3_props_source.go:89.98,93.19 3 0
github.com/tietang/props/etcd/etcd_v3_props_source.go:98.5,98.32 1 0
github.com/tietang/props/etcd/etcd_v3_props_source.go:93.19,96.6 2 0
github.com/tietang/props/etcd/etcd_v3_props_source.go:98.32,103.42 4 0
github.com/tietang/props/etcd/etcd_v3_props_source.go:103.42,107.10 3 0
github.com/tietang/props/etcd/etcd_v3_props_source.go:113.83,117.2 2 0
github.com/tietang/props/etcd/etcd_v3_props_source.go:119.72,123.2 2 0
github.com/tietang/props/etcd/etcd_v3_props_source.go:125.49,127.2 1 0
github.com/tietang/props/example/p.go:8.15,10.16 2 0
github.com/tietang/props/example/p.go:13.2,29.32 16 0
github.com/tietang/props/example/p.go:10.16,11.13 1 0
github.com/tietang/props/example/zk.go:10.14,14.19 3 0
github.com/tietang/props/example/zk.go:17.5,17.9 1 0
github.com/tietang/props/example/zk.go:26.5,30.63 5 0
github.com/tietang/props/example/zk.go:37.5,37.71 1 0
github.com/tietang/props/example/zk.go:44.5,44.9 1 0
github.com/tietang/props/example/zk.go:14.19,15.19 1 0
github.com/tietang/props/example/zk.go:17.9,20.45 3 0
github.com/tietang/props/example/zk.go:20.45,21.18 1 0
github.com/tietang/props/example/zk.go:30.63,32.38 2 0
github.com/tietang/props/example/zk.go:32.38,35.10 1 0
github.com/tietang/props/example/zk.go:37.71,40.38 2 0
github.com/tietang/props/example/zk.go:40.38,42.10 1 0
github.com/tietang/props/example/zk.go:44.9,48.6 2 0
github.com/tietang/props/kvs/map_props.go:21.40,26.2 2 0
github.com/tietang/props/kvs/map_props.go:28.65,33.2 2 0
github.com/tietang/props/kvs/map_props.go:35.39,37.2 1 0
github.com/tietang/props/kvs/map_props.go:40.56,44.2 3 0
github.com/tietang/props/kvs/map_props.go:45.54,47.2 1 0
github.com/tietang/props/kvs/map_props.go:48.48,50.2 1 0
github.com/tietang/props/kvs/map_props.go:51.56,53.2 1 0
github.com/tietang/props/kvs/map_props.go:54.63,56.2 1 0
github.com/tietang/props/kvs/map_props.go:60.57,61.35 1 1
github.com/tietang/props/kvs/map_props.go:64.5,64.56 1 1
github.com/tietang/props/kvs/map_props.go:61.35,63.6 1 1
github.com/tietang/props/kvs/map_props.go:69.63,70.35 1 0
github.com/tietang/props/kvs/map_props.go:73.5,73.18 1 0
github.com/tietang/props/kvs/map_props.go:70.35,72.6 1 0
github.com/tietang/props/kvs/map_props.go:76.57,79.46 2 1
github.com/tietang/props/kvs/map_props.go:82.5,82.55 1 1
github.com/tietang/props/kvs/map_props.go:79.46,81.6 1 1
github.com/tietang/props/kvs/map_props.go:85.67,86.35 1 1
github.com/tietang/props/kvs/map_props.go:91.5,91.18 1 1
github.com/tietang/props/kvs/map_props.go:86.35,87.50 1 1
github.com/tietang/props/kvs/map_props.go:87.50,89.10 1 0
github.com/tietang/props/kvs/map_props.go:93.59,96.51 2 1
github.com/tietang/props/kvs/map_props.go:99.5,99.59 1 1
github.com/tietang/props/kvs/map_props.go:96.51,98.6 1 1
github.com/tietang/props/kvs/map_props.go:102.70,103.35 1 1
github.com/tietang/props/kvs/map_props.go:108.5,108.18 1 1
github.com/tietang/props/kvs/map_props.go:103.35,104.55 1 1
github.com/tietang/props/kvs/map_props.go:104.55,106.10 1 0
github.com/tietang/props/kvs/map_props.go:111.65,114.56 2 0
github.com/tietang/props/kvs/map_props.go:117.5,117.57 1 0
github.com/tietang/props/kvs/map_props.go:114.56,116.6 1 0
github.com/tietang/props/kvs/map_props.go:120.79,121.35 1 0
github.com/tietang/props/kvs/map_props.go:126.5,126.18 1 0
github.com/tietang/props/kvs/map_props.go:121.35,122.60 1 0
github.com/tietang/props/kvs/map_props.go:122.60,124.10 1 0
github.com/tietang/props/kvs/map_props.go:132.72,134.19 2 1
github.com/tietang/props/kvs/map_props.go:138.5,138.25 1 1
github.com/tietang/props/kvs/map_props.go:134.19,137.6 1 1
github.com/tietang/props/kvs/map_props.go:141.98,142.35 1 1
github.com/tietang/props/kvs/map_props.go:147.5,147.24 1 1
github.com/tietang/props/kvs/map_props.go:142.35,143.48 1 1
github.com/tietang/props/kvs/map_props.go:143.48,145.10 1 0
github.com/tietang/props/kvs/map_props.go:151.41,153.32 2 0
github.com/tietang/props/kvs/map_props.go:156.5,156.16 1 0
github.com/tietang/props/kvs/map_props.go:153.32,155.6 1 0
github.com/tietang/props/kvs/map_props.go:160.46,162.2 1 0
github.com/tietang/props/kvs/map_props.go:163.58,164.30 1 0
github.com/tietang/props/kvs/map_props.go:164.30,166.6 1 0
github.com/tietang/props/kvs/map_props.go:171.33,173.2 1 0
github.com/tietang/props/kvs/map_props.go:175.58,177.2 1 0
github.com/tietang/props/kvs/map_props.go:179.77,182.2 2 0
github.com/tietang/props/kvs/map_props.go:183.82,197.58 5 0
github.com/tietang/props/kvs/map_props.go:203.5,204.30 2 0
github.com/tietang/props/kvs/map_props.go:361.5,361.15 1 0
github.com/tietang/props/kvs/map_props.go:197.58,202.6 1 0
github.com/tietang/props/kvs/map_props.go:204.30,206.36 2 0
github.com/tietang/props/kvs/map_props.go:209.9,212.30 3 0
github.com/tietang/props/kvs/map_props.go:234.9,237.48 3 0
github.com/tietang/props/kvs/map_props.go:244.9,244.29 1 0
github.com/tietang/props/kvs/map_props.go:206.36,207.21 1 0
github.com/tietang/props/kvs/map_props.go:212.30,213.24 1 0
github.com/tietang/props/kvs/map_props.go:216.13,216.57 1 0
github.com/tietang/props/kvs/map_props.go:213.24,214.25 1 0
github.com/tietang/props/kvs/map_props.go:216.57,217.47 1 0
github.com/tietang/props/kvs/map_props.go:217.47,219.18 1 0
github.com/tietang/props/kvs/map_props.go:220.19,221.33 1 0
github.com/tietang/props/kvs/map_props.go:221.33,223.18 1 0
github.com/tietang/props/kvs/map_props.go:223.23,225.18 1 0
github.com/tietang/props/kvs/map_props.go:237.48,238.21 1 0
github.com/tietang/props/kvs/map_props.go:245.29,247.37 1 0
github.com/tietang/props/kvs/map_props.go:250.13,251.38 2 0
github.com/tietang/props/kvs/map_props.go:257.13,258.18 2 0
github.com/tietang/props/kvs/map_props.go:259.85,261.50 1 0
github.com/tietang/props/kvs/map_props.go:285.13,285.18 1 0
github.com/tietang/props/kvs/map_props.go:287.90,291.18 3 0
github.com/tietang/props/kvs/map_props.go:293.47,296.27 2 0
github.com/tietang/props/kvs/map_props.go:298.13,298.35 1 0
github.com/tietang/props/kvs/map_props.go:302.13,303.38 2 0
github.com/tietang/props/kvs/map_props.go:309.13,310.18 2 0
github.com/tietang/props/kvs/map_props.go:312.27,314.27 2 0
github.com/tietang/props/kvs/map_props.go:316.13,316.29 1 0
github.com/tietang/props/kvs/map_props.go:320.13,321.38 2 0
github.com/tietang/props/kvs/map_props.go:327.13,329.18 2 0
github.com/tietang/props/kvs/map_props.go:330.26,334.50 3 0
github.com/tietang/props/kvs/map_props.go:337.13,337.42 1 0
github.com/tietang/props/kvs/map_props.go:351.13,351.18 1 0
github.com/tietang/props/kvs/map_props.go:352.13,352.18 1 0
github.com/tietang/props/kvs/map_props.go:353.29,356.18 2 0
github.com/tietang/props/kvs/map_props.go:357.17,357.17 0 0
github.com/tietang/props/kvs/map_props.go:247.37,249.14 1 0
github.com/tietang/props/kvs/map_props.go:251.38,253.31 2 0
github.com/tietang/props/kvs/map_props.go:253.31,255.18 1 0
github.com/tietang/props/kvs/map_props.go:261.50,263.31 2 0
github.com/tietang/props/kvs/map_props.go:265.17,265.37 1 0
github.com/tietang/props/kvs/map_props.go:268.17,269.42 2 0
github.com/tietang/props/kvs/map_props.go:275.17,275.48 1 0
github.com/tietang/props/kvs/map_props.go:263.32,264.18 0 0
github.com/tietang/props/kvs/map_props.go:265.37,267.18 1 0
github.com/tietang/props/kvs/map_props.go:269.42,271.34 2 0
github.com/tietang/props/kvs/map_props.go:271.34,273.22 1 0
github.com/tietang/props/kvs/map_props.go:277.19,283.14 2 0
github.com/tietang/props/kvs/map_props.go:296.28,297.14 0 0
github.com/tietang/props/kvs/map_props.go:298.35,300.14 1 0
github.com/tietang/props/kvs/map_props.go:303.38,305.30 2 0
github.com/tietang/props/kvs/map_props.go:305.30,307.18 1 0
github.com/tietang/props/kvs/map_props.go:314.28,315.14 0 0
github.com/tietang/props/kvs/map_props.go:316.29,318.14 1 0
github.com/tietang/props/kvs/map_props.go:321.38,323.25 2 0
github.com/tietang/props/kvs/map_props.go:323.25,325.18 1 0
github.com/tietang/props/kvs/map_props.go:334.50,336.14 1 0
github.com/tietang/props/kvs/map_props.go:337.42,338.40 1 0
github.com/tietang/props/kvs/map_props.go:338.40,339.50 1 0
github.com/tietang/props/kvs/map_props.go:339.50,344.39 5 0
github.com/tietang/props/kvs/map_props.go:344.39,347.26 1 0
github.com/tietang/props/kvs/map_props.go:364.73,365.23 1 0
github.com/tietang/props/kvs/map_props.go:381.5,381.19 1 0
github.com/tietang/props/kvs/map_props.go:366.81,367.37 1 0
github.com/tietang/props/kvs/map_props.go:372.103,373.27 1 0
github.com/tietang/props/kvs/map_props.go:374.43,375.28 1 0
github.com/tietang/props/kvs/map_props.go:376.25,377.32 1 0
github.com/tietang/props/kvs/map_props.go:378.23,379.25 1 0
github.com/tietang/props/kvs/map_props.go:367.37,369.10 1 0
github.com/tietang/props/kvs/map_props.go:369.15,371.10 1 0
github.com/tietang/props/kvs/map_props.go:384.82,387.19 3 0
github.com/tietang/props/kvs/map_props.go:389.5,389.26 1 0
github.com/tietang/props/kvs/map_props.go:393.5,394.30 2 0
github.com/tietang/props/kvs/map_props.go:400.5,400.20 1 0
github.com/tietang/props/kvs/map_props.go:387.20,388.6 0 0
github.com/tietang/props/kvs/map_props.go:389.26,391.6 1 0
github.com/tietang/props/kvs/map_props.go:394.30,396.22 2 0
github.com/tietang/props/kvs/map_props.go:396.22,398.10 1 0
github.com/tietang/props/kvs/map_props.go:405.35,410.35 4 0
github.com/tietang/props/kvs/map_props.go:421.5,421.16 1 0
github.com/tietang/props/kvs/map_props.go:410.35,411.19 1 0
github.com/tietang/props/kvs/map_props.go:411.19,413.10 1 0
github.com/tietang/props/kvs/map_props.go:413.15,414.40 1 0
github.com/tietang/props/kvs/map_props.go:417.13,417.53 1 0
github.com/tietang/props/kvs/map_props.go:414.40,416.14 1 0
github.com/tietang/props/kvs/set.go:12.20,16.2 1 0
github.com/tietang/props/kvs/set.go:17.61,19.27 1 0
github.com/tietang/props/kvs/set.go:19.27,21.28 2 0
github.com/tietang/props/kvs/set.go:21.28,22.18 1 0
github.com/tietang/props/kvs/set.go:27.37,31.2 3 0
github.com/tietang/props/kvs/set.go:33.40,37.2 3 0
github.com/tietang/props/kvs/set.go:38.42,43.2 4 0
github.com/tietang/props/kvs/set.go:44.33,46.2 1 0
github.com/tietang/props/kvs/set.go:47.23,51.2 3 0
github.com/tietang/props/kvs/set.go:52.30,53.21 1 0
github.com/tietang/props/kvs/set.go:56.5,56.17 1 0
github.com/tietang/props/kvs/set.go:53.21,55.6 1 0
github.com/tietang/props/kvs/set.go:58.36,62.27 4 0
github.com/tietang/props/kvs/set.go:65.5,65.16 1 0
github.com/tietang/props/kvs/set.go:62.27,64.6 1 0
github.com/tietang/props/consul/consul_kv_source.go:25.86,27.2 1 0
github.com/tietang/props/consul/consul_kv_source.go:29.121,31.19 2 0
github.com/tietang/props/consul/consul_kv_source.go:34.5,41.19 8 0
github.com/tietang/props/consul/consul_kv_source.go:44.5,47.13 4 0
github.com/tietang/props/consul/consul_kv_source.go:31.19,33.6 1 0
github.com/tietang/props/consul/consul_kv_source.go:41.19,42.19 1 0
github.com/tietang/props/consul/consul_kv_source.go:50.107,53.38 3 0
github.com/tietang/props/consul/consul_kv_source.go:58.5,58.13 1 0
github.com/tietang/props/consul/consul_kv_source.go:53.38,56.6 2 0
github.com/tietang/props/consul/consul_kv_source.go:61.45,63.2 1 0
github.com/tietang/props/consul/consul_kv_source.go:65.54,67.2 0 0
github.com/tietang/props/consul/consul_kv_source.go:69.47,70.2 0 0
github.com/tietang/props/consul/consul_kv_source.go:72.91,77.19 4 0
github.com/tietang/props/consul/consul_kv_source.go:81.5,81.28 1 0
github.com/tietang/props/consul/consul_kv_source.go:77.19,80.6 2 0
github.com/tietang/props/consul/consul_kv_source.go:81.28,83.23 2 0
github.com/tietang/props/consul/consul_kv_source.go:87.9,88.37 2 0
github.com/tietang/props/consul/consul_kv_source.go:83.23,85.21 2 0
github.com/tietang/props/consul/consul_kv_source.go:93.86,97.2 3 0
github.com/tietang/props/consul/consul_kv_source.go:99.75,103.2 2 0
github.com/tietang/props/consul/consul_kv_source.go:105.52,107.2 1 0
github.com/tietang/props/example/ex.go:8.14,50.2 19 0
github.com/tietang/props/example/un.go:25.14,63.2 18 0
github.com/tietang/props/example/p.go:8.15,10.16 2 0
github.com/tietang/props/example/p.go:13.2,29.32 16 0
github.com/tietang/props/example/p.go:10.16,11.13 1 0
github.com/tietang/props/kvs/props_source.go:19.73,22.2 2 0
github.com/tietang/props/kvs/props_source.go:24.81,29.19 3 0
github.com/tietang/props/kvs/props_source.go:34.5,39.13 6 0
github.com/tietang/props/kvs/props_source.go:29.19,31.6 1 0
github.com/tietang/props/kvs/props_source.go:31.11,33.6 1 0
github.com/tietang/props/kvs/props_source.go:42.96,45.18 3 1
github.com/tietang/props/kvs/props_source.go:50.5,50.13 1 1
github.com/tietang/props/kvs/props_source.go:45.18,47.6 1 0
github.com/tietang/props/kvs/props_source.go:47.11,49.6 1 1
github.com/tietang/props/kvs/props_source.go:53.85,56.36 3 0
github.com/tietang/props/kvs/props_source.go:60.5,60.13 1 0
github.com/tietang/props/kvs/props_source.go:56.36,59.6 2 0
github.com/tietang/props/kvs/props_source.go:62.67,64.19 2 0
github.com/tietang/props/kvs/props_source.go:70.5,71.13 2 0
github.com/tietang/props/kvs/props_source.go:64.19,66.6 1 0
github.com/tietang/props/kvs/props_source.go:66.11,68.6 1 0
github.com/tietang/props/kvs/props_source.go:73.48,75.2 1 0
github.com/tietang/props/kvs/props_source.go:77.52,79.2 1 0
github.com/tietang/props/kvs/value.go:17.13,21.2 1 1
github.com/tietang/props/kvs/value.go:32.45,34.2 1 0
github.com/tietang/props/kvs/value.go:37.64,39.21 2 0
github.com/tietang/props/kvs/value.go:42.5,42.53 1 0
github.com/tietang/props/kvs/value.go:39.21,41.6 1 0
github.com/tietang/props/kvs/value.go:46.68,52.2 1 0
github.com/tietang/props/kvs/value.go:58.33,60.2 1 0
github.com/tietang/props/kvs/value.go:63.35,65.2 1 0
github.com/tietang/props/kvs/value.go:68.36,70.2 1 0
github.com/tietang/props/kvs/value.go:74.60,76.2 1 0
github.com/tietang/props/kvs/value.go:83.52,84.16 1 0
github.com/tietang/props/kvs/value.go:90.5,90.68 1 0
github.com/tietang/props/kvs/value.go:85.92,86.25 1 0
github.com/tietang/props/kvs/value.go:87.95,88.26 1 0
github.com/tietang/props/kvs/value.go:94.41,96.2 1 0
github.com/tietang/props/kvs/value.go:99.47,101.2 1 0
github.com/tietang/props/kvs/value.go:104.39,106.2 1 0
github.com/tietang/props/kvs/value.go:109.43,111.2 1 0
github.com/tietang/props/kvs/value.go:114.41,117.2 2 0
github.com/tietang/props/kvs/value.go:120.45,122.2 1 0
github.com/tietang/props/kvs/value.go:125.54,127.2 1 0
github.com/tietang/props/kvs/value.go:130.65,132.2 1 0
github.com/tietang/props/kvs/value.go:135.46,137.2 1 0
github.com/tietang/props/kvs/value.go:140.57,142.22 2 0
github.com/tietang/props/kvs/value.go:146.5,146.15 1 0
github.com/tietang/props/kvs/value.go:142.22,145.6 2 0
github.com/tietang/props/kvs/value.go:151.54,153.42 2 0
github.com/tietang/props/kvs/value.go:157.5,157.15 1 0
github.com/tietang/props/kvs/value.go:153.42,156.6 2 0
github.com/tietang/props/kvs/value.go:162.63,164.42 2 0
github.com/tietang/props/kvs/value.go:168.5,168.15 1 0
github.com/tietang/props/kvs/value.go:164.42,167.6 2 0
github.com/tietang/props/kvs/value.go:173.51,175.42 2 0
github.com/tietang/props/kvs/value.go:179.5,179.15 1 0
github.com/tietang/props/kvs/value.go:175.42,178.6 2 0
github.com/tietang/props/kvs/value.go:184.57,186.42 2 0
github.com/tietang/props/kvs/value.go:190.5,190.15 1 0
github.com/tietang/props/kvs/value.go:186.42,189.6 2 0
github.com/tietang/props/kvs/value.go:195.54,197.42 2 0
github.com/tietang/props/kvs/value.go:201.5,201.15 1 0
github.com/tietang/props/kvs/value.go:197.42,200.6 2 0
github.com/tietang/props/kvs/value.go:206.60,208.42 2 0
github.com/tietang/props/kvs/value.go:212.5,212.15 1 0
github.com/tietang/props/kvs/value.go:208.42,211.6 2 0
github.com/tietang/props/kvs/value.go:217.76,219.42 2 0
github.com/tietang/props/kvs/value.go:223.5,223.15 1 0
github.com/tietang/props/kvs/value.go:219.42,222.6 2 0
github.com/tietang/props/kvs/value.go:228.85,230.42 2 0
github.com/tietang/props/kvs/value.go:234.5,234.15 1 0
github.com/tietang/props/kvs/value.go:230.42,233.6 2 0
github.com/tietang/props/kvs/value.go:239.64,241.2 1 0
github.com/tietang/props/kvs/value.go:245.70,247.37 2 0
github.com/tietang/props/kvs/value.go:252.5,252.22 1 0
github.com/tietang/props/kvs/value.go:247.37,248.24 1 0
github.com/tietang/props/kvs/value.go:248.24,250.10 1 0
github.com/tietang/props/kvs/value.go:257.80,259.37 2 0
github.com/tietang/props/kvs/value.go:264.5,264.22 1 0
github.com/tietang/props/kvs/value.go:259.37,260.24 1 0
github.com/tietang/props/kvs/value.go:260.24,262.10 1 0
github.com/tietang/props/kvs/value.go:269.64,271.37 2 0
github.com/tietang/props/kvs/value.go:276.5,276.22 1 0
github.com/tietang/props/kvs/value.go:271.37,272.24 1 0
github.com/tietang/props/kvs/value.go:272.24,274.10 1 0
github.com/tietang/props/kvs/value.go:281.72,283.37 2 0
github.com/tietang/props/kvs/value.go:288.5,288.22 1 0
github.com/tietang/props/kvs/value.go:283.37,284.24 1 0
github.com/tietang/props/kvs/value.go:284.24,286.10 1 0
github.com/tietang/props/kvs/value.go:293.68,295.37 2 0
github.com/tietang/props/kvs/value.go:300.5,300.22 1 0
github.com/tietang/props/kvs/value.go:295.37,296.24 1 0
github.com/tietang/props/kvs/value.go:296.24,298.10 1 0
github.com/tietang/props/kvs/value.go:305.76,307.37 2 0
github.com/tietang/props/kvs/value.go:312.5,312.22 1 0
github.com/tietang/props/kvs/value.go:307.37,308.24 1 0
github.com/tietang/props/kvs/value.go:308.24,310.10 1 0
github.com/tietang/props/kvs/value.go:317.104,319.37 2 0
github.com/tietang/props/kvs/value.go:324.5,324.22 1 0
github.com/tietang/props/kvs/value.go:319.37,320.24 1 0
github.com/tietang/props/kvs/value.go:320.24,322.10 1 0
github.com/tietang/props/kvs/value.go:329.83,331.2 1 0
github.com/tietang/props/kvs/value.go:335.71,337.31 2 0
github.com/tietang/props/kvs/value.go:340.5,340.15 1 0
github.com/tietang/props/kvs/value.go:337.31,339.6 1 0
github.com/tietang/props/kvs/value.go:345.59,347.31 2 0
github.com/tietang/props/kvs/value.go:350.5,350.15 1 0
github.com/tietang/props/kvs/value.go:347.31,349.6 1 0
github.com/tietang/props/kvs/value.go:355.65,357.31 2 0
github.com/tietang/props/kvs/value.go:360.5,360.15 1 0
github.com/tietang/props/kvs/value.go:357.31,359.6 1 0
github.com/tietang/props/kvs/value.go:365.93,367.59 2 0
github.com/tietang/props/kvs/value.go:370.5,370.15 1 0
github.com/tietang/props/kvs/value.go:367.59,369.6 1 0
github.com/tietang/props/kvs/value.go:375.72,377.2 1 0
github.com/tietang/props/kvs/value.go:380.39,382.22 2 0
github.com/tietang/props/kvs/value.go:387.5,388.25 2 0
github.com/tietang/props/kvs/value.go:392.5,392.16 1 0
github.com/tietang/props/kvs/value.go:382.22,384.6 1 0
github.com/tietang/props/kvs/value.go:388.25,391.6 1 0
github.com/tietang/props/kvs/value.go:395.39,396.35 1 0
github.com/tietang/props/kvs/value.go:402.5,402.17 1 0
github.com/tietang/props/kvs/value.go:396.35,397.22 1 0
github.com/tietang/props/kvs/value.go:397.22,399.10 1 0
github.com/tietang/props/kvs/value.go:406.41,409.2 2 0
github.com/tietang/props/kvs/value.go:412.33,415.2 2 0
github.com/tietang/props/kvs/value.go:418.37,421.2 2 0
github.com/tietang/props/kvs/value.go:424.48,427.2 2 0
github.com/tietang/props/kvs/value.go:430.35,433.2 2 0
github.com/tietang/props/kvs/value.go:436.39,439.2 2 0
github.com/tietang/props/kvs/value.go:443.59,446.2 2 0
github.com/tietang/props/kvs/value.go:450.40,452.2 1 0
github.com/tietang/props/kvs/value.go:456.46,459.2 2 0
github.com/tietang/props/kvs/value.go:463.38,466.2 2 0
github.com/tietang/props/kvs/value.go:470.42,473.2 2 0
github.com/tietang/props/kvs/value.go:477.40,480.2 2 0
github.com/tietang/props/kvs/value.go:484.44,487.2 2 0
github.com/tietang/props/kvs/value.go:490.64,493.2 2 0
github.com/tietang/props/kvs/value.go:496.45,498.2 1 0
github.com/tietang/props/kvs/value.go:501.56,503.2 1 0
github.com/tietang/props/kvs/value.go:506.48,508.2 1 0
github.com/tietang/props/kvs/value.go:511.52,513.2 1 0
github.com/tietang/props/kvs/value.go:516.50,518.2 1 0
github.com/tietang/props/kvs/value.go:521.54,523.2 1 0
github.com/tietang/props/kvs/value.go:527.74,529.2 1 0
github.com/tietang/props/kvs/value.go:533.55,535.2 1 0
github.com/tietang/props/kvs/value.go:538.102,540.30 2 0
github.com/tietang/props/kvs/value.go:549.5,549.21 1 0
github.com/tietang/props/kvs/value.go:540.30,542.42 2 0
github.com/tietang/props/kvs/value.go:545.9,545.37 1 0
github.com/tietang/props/kvs/value.go:542.42,544.10 1 0
github.com/tietang/props/kvs/value.go:545.37,547.10 1 0
github.com/tietang/props/kvs/value.go:553.94,555.30 2 0
github.com/tietang/props/kvs/value.go:564.5,564.21 1 0
github.com/tietang/props/kvs/value.go:555.30,557.42 2 0
github.com/tietang/props/kvs/value.go:560.9,560.37 1 0
github.com/tietang/props/kvs/value.go:557.42,559.10 1 0
github.com/tietang/props/kvs/value.go:560.37,562.10 1 0
github.com/tietang/props/kvs/value.go:568.109,570.30 2 0
github.com/tietang/props/kvs/value.go:579.5,579.21 1 0
github.com/tietang/props/kvs/value.go:570.30,572.42 2 0
github.com/tietang/props/kvs/value.go:575.9,575.37 1 0
github.com/tietang/props/kvs/value.go:572.42,574.10 1 0
github.com/tietang/props/kvs/value.go:575.37,577.10 1 0
github.com/tietang/props/kvs/value.go:583.98,585.30 2 0
github.com/tietang/props/kvs/value.go:594.5,594.21 1 0
github.com/tietang/props/kvs/value.go:585.30,587.42 2 0
github.com/tietang/props/kvs/value.go:590.9,590.37 1 0
github.com/tietang/props/kvs/value.go:587.42,589.10 1 0
github.com/tietang/props/kvs/value.go:590.37,592.10 1 0
github.com/tietang/props/kvs/value.go:598.96,600.30 2 0
github.com/tietang/props/kvs/value.go:609.5,609.21 1 0
github.com/tietang/props/kvs/value.go:600.30,602.42 2 0
github.com/tietang/props/kvs/value.go:605.9,605.37 1 0
github.com/tietang/props/kvs/value.go:602.42,604.10 1 0
github.com/tietang/props/kvs/value.go:605.37,607.10 1 0
github.com/tietang/props/kvs/value.go:613.100,615.30 2 0
github.com/tietang/props/kvs/value.go:624.5,624.21 1 0
github.com/tietang/props/kvs/value.go:615.30,617.42 2 0
github.com/tietang/props/kvs/value.go:620.9,620.37 1 0
github.com/tietang/props/kvs/value.go:617.42,619.10 1 0
github.com/tietang/props/kvs/value.go:620.37,622.10 1 0
github.com/tietang/props/kvs/value.go:628.122,630.30 2 0
github.com/tietang/props/kvs/value.go:639.5,639.21 1 0
github.com/tietang/props/kvs/value.go:630.30,632.42 2 0
github.com/tietang/props/kvs/value.go:635.9,635.37 1 0
github.com/tietang/props/kvs/value.go:632.42,634.10 1 0
github.com/tietang/props/kvs/value.go:635.37,637.10 1 0
github.com/tietang/props/etcd/etcd_v3_kv_source.go:32.86,34.2 1 0
github.com/tietang/props/etcd/etcd_v3_kv_source.go:36.118,38.19 2 0
github.com/tietang/props/etcd/etcd_v3_kv_source.go:41.5,44.42 4 0
github.com/tietang/props/etcd/etcd_v3_kv_source.go:47.5,54.19 4 0
github.com/tietang/props/etcd/etcd_v3_kv_source.go:57.5,62.13 6 0
github.com/tietang/props/etcd/etcd_v3_kv_source.go:38.19,40.6 1 0
github.com/tietang/props/etcd/etcd_v3_kv_source.go:44.42,46.6 1 0
github.com/tietang/props/etcd/etcd_v3_kv_source.go:54.19,56.6 1 0
github.com/tietang/props/etcd/etcd_v3_kv_source.go:65.107,68.38 3 0
github.com/tietang/props/etcd/etcd_v3_kv_source.go:73.5,73.13 1 0
github.com/tietang/props/etcd/etcd_v3_kv_source.go:68.38,71.6 2 0
github.com/tietang/props/etcd/etcd_v3_kv_source.go:76.45,78.2 1 0
github.com/tietang/props/etcd/etcd_v3_kv_source.go:80.54,82.2 0 0
github.com/tietang/props/etcd/etcd_v3_kv_source.go:84.46,86.2 1 0
github.com/tietang/props/etcd/etcd_v3_kv_source.go:88.101,92.19 3 0
github.com/tietang/props/etcd/etcd_v3_kv_source.go:97.5,97.32 1 0
github.com/tietang/props/etcd/etcd_v3_kv_source.go:92.19,95.6 2 0
github.com/tietang/props/etcd/etcd_v3_kv_source.go:97.32,101.6 3 0
github.com/tietang/props/etcd/etcd_v3_kv_source.go:105.86,109.2 2 0
github.com/tietang/props/etcd/etcd_v3_kv_source.go:111.75,115.2 2 0
github.com/tietang/props/etcd/etcd_v3_kv_source.go:117.52,119.2 1 0
github.com/tietang/props/etcd/etcd_v3_props_source.go:33.80,35.2 1 0
github.com/tietang/props/etcd/etcd_v3_props_source.go:37.112,39.19 2 0
github.com/tietang/props/etcd/etcd_v3_props_source.go:42.5,45.42 4 0
github.com/tietang/props/etcd/etcd_v3_props_source.go:48.5,55.19 4 0
github.com/tietang/props/etcd/etcd_v3_props_source.go:58.5,63.13 6 0
github.com/tietang/props/etcd/etcd_v3_props_source.go:39.19,41.6 1 0
github.com/tietang/props/etcd/etcd_v3_props_source.go:45.42,47.6 1 0
github.com/tietang/props/etcd/etcd_v3_props_source.go:55.19,57.6 1 0
github.com/tietang/props/etcd/etcd_v3_props_source.go:66.104,69.38 3 0
github.com/tietang/props/etcd/etcd_v3_props_source.go:74.5,74.13 1 0
github.com/tietang/props/etcd/etcd_v3_props_source.go:69.38,72.6 2 0
github.com/tietang/props/etcd/etcd_v3_props_source.go:77.42,79.2 1 0
github.com/tietang/props/etcd/etcd_v3_props_source.go:81.51,83.2 0 0
github.com/tietang/props/etcd/etcd_v3_props_source.go:85.43,87.2 1 0
github.com/tietang/props/etcd/etcd_v3_props_source.go:89.98,93.19 3 0
github.com/tietang/props/etcd/etcd_v3_props_source.go:98.5,98.32 1 0
github.com/tietang/props/etcd/etcd_v3_props_source.go:93.19,96.6 2 0
github.com/tietang/props/etcd/etcd_v3_props_source.go:98.32,103.42 4 0
github.com/tietang/props/etcd/etcd_v3_props_source.go:103.42,107.10 3 0
github.com/tietang/props/etcd/etcd_v3_props_source.go:113.83,117.2 2 0
github.com/tietang/props/etcd/etcd_v3_props_source.go:119.72,123.2 2 0
github.com/tietang/props/etcd/etcd_v3_props_source.go:125.49,127.2 1 0
github.com/tietang/props/example/Exampl.go:9.15,16.2 0 0
github.com/tietang/props/zk/zk_props_source.go:47.108,55.2 7 0
github.com/tietang/props/zk/zk_props_source.go:57.45,59.2 1 0
github.com/tietang/props/zk/zk_props_source.go:61.46,63.2 1 0
github.com/tietang/props/zk/zk_props_source.go:65.66,67.27 2 0
github.com/tietang/props/zk/zk_props_source.go:70.5,70.32 1 0
github.com/tietang/props/zk/zk_props_source.go:67.27,69.6 1 0
github.com/tietang/props/zk/zk_props_source.go:70.32,75.23 3 0
github.com/tietang/props/zk/zk_props_source.go:75.23,78.46 3 0
github.com/tietang/props/zk/zk_props_source.go:78.46,82.14 3 0
github.com/tietang/props/zk/zk_props_source.go:89.86,91.34 2 0
github.com/tietang/props/zk/zk_props_source.go:94.5,94.18 1 0
github.com/tietang/props/zk/zk_props_source.go:91.34,93.6 1 0
github.com/tietang/props/zk/zk_props_source.go:97.77,99.19 2 0
github.com/tietang/props/zk/zk_props_source.go:102.5,102.20 1 0
github.com/tietang/props/zk/zk_props_source.go:99.19,101.6 1 0
github.com/tietang/props/zk/zk_props_source.go:105.86,109.2 3 0
github.com/tietang/props/zk/zk_props_source.go:111.75,115.2 2 0
github.com/tietang/props/zk/zk_props_source.go:117.52,119.2 1 0
github.com/tietang/props/zk/zk_props_source.go:121.95,123.2 1 0
github.com/tietang/props/zk/zk_props_source.go:125.103,128.2 2 0
github.com/tietang/props/zk/zk_props_source.go:130.107,132.19 2 0
github.com/tietang/props/zk/zk_props_source.go:135.5,139.38 4 0
github.com/tietang/props/zk/zk_props_source.go:142.5,143.42 2 0
github.com/tietang/props/zk/zk_props_source.go:132.19,133.19 1 0
github.com/tietang/props/zk/zk_props_source.go:139.38,141.6 1 0
github.com/tietang/props/zk/zk_props_source.go:146.102,149.16 3 0
github.com/tietang/props/zk/zk_props_source.go:152.5,154.19 3 0
github.com/tietang/props/zk/zk_props_source.go:157.5,162.38 4 0
github.com/tietang/props/zk/zk_props_source.go:165.5,166.37 2 0
github.com/tietang/props/zk/zk_props_source.go:149.16,151.6 1 0
github.com/tietang/props/zk/zk_props_source.go:154.19,155.19 1 0
github.com/tietang/props/zk/zk_props_source.go:162.38,164.6 1 0
github.com/tietang/props/ini/ini.go:18.40,24.2 3 1
github.com/tietang/props/ini/ini.go:28.51,31.19 3 1
github.com/tietang/props/ini/ini.go:35.5,35.18 1 1
github.com/tietang/props/ini/ini.go:31.19,34.6 2 0
github.com/tietang/props/ini/ini.go:38.52,43.19 3 0
github.com/tietang/props/ini/ini.go:48.5,48.25 1 0
github.com/tietang/props/ini/ini.go:43.19,47.6 3 0
github.com/tietang/props/ini/ini.go:51.49,55.19 3 1
github.com/tietang/props/ini/ini.go:59.5,60.38 2 1
github.com/tietang/props/ini/ini.go:70.5,70.15 1 1
github.com/tietang/props/ini/ini.go:55.19,58.6 2 0
github.com/tietang/props/ini/ini.go:60.38,62.43 2 1
github.com/tietang/props/ini/ini.go:62.43,67.10 4 1
github.com/tietang/props/ini/ini.go:79.50,82.2 2 0
github.com/tietang/props/kvs/env_source.go:14.44,19.2 4 0
github.com/tietang/props/kvs/env_source.go:21.34,23.28 2 0
github.com/tietang/props/kvs/env_source.go:23.28,25.20 2 0
github.com/tietang/props/kvs/env_source.go:25.20,27.10 1 0
github.com/tietang/props/kvs/env_source.go:30.41,33.2 1 0
github.com/tietang/props/kvs/props.go:28.34,34.2 3 1
github.com/tietang/props/kvs/props.go:38.55,41.19 3 1
github.com/tietang/props/kvs/props.go:45.5,45.18 1 1
github.com/tietang/props/kvs/props.go:41.19,44.6 2 0
github.com/tietang/props/kvs/props.go:48.54,55.19 2 0
github.com/tietang/props/kvs/props.go:58.5,59.19 2 0
github.com/tietang/props/kvs/props.go:62.5,63.31 2 0
github.com/tietang/props/kvs/props.go:73.5,73.18 1 0
github.com/tietang/props/kvs/props.go:55.19,56.19 1 0
github.com/tietang/props/kvs/props.go:59.19,60.19 1 0
github.com/tietang/props/kvs/props.go:63.31,64.29 1 0
github.com/tietang/props/kvs/props.go:64.29,66.27 2 0
github.com/tietang/props/kvs/props.go:66.27,68.14 1 0
github.com/tietang/props/kvs/props.go:68.19,70.14 1 0
github.com/tietang/props/kvs/props.go:76.45,80.19 3 0
github.com/tietang/props/kvs/props.go:85.5,85.21 1 0
github.com/tietang/props/kvs/props.go:80.19,84.6 3 0
github.com/tietang/props/kvs/props.go:88.46,91.9 2 1
github.com/tietang/props/kvs/props.go:127.5,127.15 1 0
github.com/tietang/props/kvs/props.go:91.9,93.23 2 1
github.com/tietang/props/kvs/props.go:101.9,104.25 3 1
github.com/tietang/props/kvs/props.go:107.9,108.53 2 1
github.com/tietang/props/kvs/props.go:112.9,114.22 3 1
github.com/tietang/props/kvs/props.go:117.9,118.22 2 1
github.com/tietang/props/kvs/props.go:121.9,122.23 2 1
github.com/tietang/props/kvs/props.go:93.23,94.30 1 1
github.com/tietang/props/kvs/props.go:94.30,96.14 1 1
github.com/tietang/props/kvs/props.go:96.19,98.14 1 0
github.com/tietang/props/kvs/props.go:104.25,105.21 1 1
github.com/tietang/props/kvs/props.go:108.53,109.21 1 1
github.com/tietang/props/kvs/props.go:114.22,116.10 1 1
github.com/tietang/props/kvs/props.go:118.22,119.21 1 0
github.com/tietang/props/kvs/props.go:122.23,124.10 1 1
github.com/tietang/props/kvs/props.go:136.47,137.32 1 0
github.com/tietang/props/kvs/props.go:145.5,145.15 1 0
github.com/tietang/props/kvs/props.go:137.32,141.23 3 0
github.com/tietang/props/kvs/props.go:141.23,143.10 1 0
github.com/tietang/props/kvs/props.go:151.40,155.26 3 0
github.com/tietang/props/kvs/props.go:190.5,190.24 1 0
github.com/tietang/props/kvs/props.go:155.26,157.23 2 0
github.com/tietang/props/kvs/props.go:186.9,186.22 1 0
github.com/tietang/props/kvs/props.go:157.23,159.10 1 0
github.com/tietang/props/kvs/props.go:159.15,159.30 1 0
github.com/tietang/props/kvs/props.go:159.30,161.10 1 0
github.com/tietang/props/kvs/props.go:161.15,161.30 1 0
github.com/tietang/props/kvs/props.go:161.30,163.10 1 0
github.com/tietang/props/kvs/props.go:163.15,163.30 1 0
github.com/tietang/props/kvs/props.go:163.30,165.10 1 0
github.com/tietang/props/kvs/props.go:165.15,165.29 1 0
github.com/tietang/props/kvs/props.go:165.29,166.31 1 0
github.com/tietang/props/kvs/props.go:166.31,169.14 2 0
github.com/tietang/props/kvs/props.go:169.19,171.14 1 0
github.com/tietang/props/kvs/props.go:172.15,172.29 1 0
github.com/tietang/props/kvs/props.go:172.29,174.10 1 0
github.com/tietang/props/kvs/props.go:174.15,174.29 1 0
github.com/tietang/props/kvs/props.go:174.29,176.10 1 0
github.com/tietang/props/kvs/props.go:176.15,176.29 1 0
github.com/tietang/props/kvs/props.go:176.29,178.10 1 0
github.com/tietang/props/kvs/props.go:178.15,178.29 1 0
github.com/tietang/props/kvs/props.go:178.29,180.10 1 0
github.com/tietang/props/kvs/props.go:180.15,180.52 1 0
github.com/tietang/props/kvs/props.go:180.52,182.10 1 0
github.com/tietang/props/kvs/props.go:182.15,184.10 1 0
github.com/tietang/props/kvs/props.go:186.22,188.10 1 0
github.com/tietang/props/consul/consul_props_source.go:22.80,24.2 1 0
github.com/tietang/props/consul/consul_props_source.go:26.115,28.19 2 0
github.com/tietang/props/consul/consul_props_source.go:31.5,38.19 8 0
github.com/tietang/props/consul/consul_props_source.go:41.5,44.13 4 0
github.com/tietang/props/consul/consul_props_source.go:28.19,30.6 1 0
github.com/tietang/props/consul/consul_props_source.go:38.19,39.19 1 0
github.com/tietang/props/consul/consul_props_source.go:47.42,49.2 1 0
github.com/tietang/props/consul/consul_props_source.go:51.51,53.2 0 0
github.com/tietang/props/consul/consul_props_source.go:55.44,56.2 0 0
github.com/tietang/props/consul/consul_props_source.go:58.88,62.19 4 0
github.com/tietang/props/consul/consul_props_source.go:66.5,66.28 1 0
github.com/tietang/props/consul/consul_props_source.go:62.19,65.6 2 0
github.com/tietang/props/consul/consul_props_source.go:66.28,68.23 2 0
github.com/tietang/props/consul/consul_props_source.go:73.9,75.42 3 0
github.com/tietang/props/consul/consul_props_source.go:68.23,70.21 2 0
github.com/tietang/props/consul/consul_props_source.go:75.42,79.10 3 0
github.com/tietang/props/consul/consul_props_source.go:85.83,89.2 3 0
github.com/tietang/props/consul/consul_props_source.go:91.72,95.2 2 0
github.com/tietang/props/consul/consul_props_source.go:97.49,99.2 1 0
github.com/tietang/props/etcd/etcd_v2_kv_source.go:27.84,29.2 1 0
github.com/tietang/props/etcd/etcd_v2_kv_source.go:31.116,33.19 2 0
github.com/tietang/props/etcd/etcd_v2_kv_source.go:36.5,47.19 7 0
github.com/tietang/props/etcd/etcd_v2_kv_source.go:50.5,59.13 6 0
github.com/tietang/props/etcd/etcd_v2_kv_source.go:33.19,35.6 1 0
github.com/tietang/props/etcd/etcd_v2_kv_source.go:47.19,49.6 1 0
github.com/tietang/props/etcd/etcd_v2_kv_source.go:62.105,65.38 3 0
github.com/tietang/props/etcd/etcd_v2_kv_source.go:70.5,70.13 1 0
github.com/tietang/props/etcd/etcd_v2_kv_source.go:65.38,68.6 2 0
github.com/tietang/props/etcd/etcd_v2_kv_source.go:73.45,75.2 1 0
github.com/tietang/props/etcd/etcd_v2_kv_source.go:77.54,79.2 0 0
[...]
github.com/tietang/props/ini/ini.go:38.52,43.19 3 0
github.com/tietang/props/ini/ini.go:48.5,48.25 1 0
github.com/tietang/props/ini/ini.go:43.19,47.6 3 0
github.com/tietang/props/ini/ini.go:51.49,55.19 3 0
github.com/tietang/props/ini/ini.go:59.5,60.38 2 0
github.com/tietang/props/ini/ini.go:70.5,70.15 1 0
github.com/tietang/props/ini/ini.go:55.19,58.6 2 0
github.com/tietang/props/ini/ini.go:60.38,62.43 2 0
github.com/tietang/props/ini/ini.go:62.43,67.10 4 0
github.com/tietang/props/ini/ini.go:79.50,82.2 2 0
github.com/tietang/props/zk/zk_props_source.go:47.108,55.2 7 1
github.com/tietang/props/zk/zk_props_source.go:57.45,59.2 1 1
github.com/tietang/props/zk/zk_props_source.go:61.46,63.2 1 0
github.com/tietang/props/zk/zk_props_source.go:65.66,67.27 2 1
github.com/tietang/props/zk/zk_props_source.go:70.5,70.32 1 1
github.com/tietang/props/zk/zk_props_source.go:67.27,69.6 1 0
github.com/tietang/props/zk/zk_props_source.go:70.32,75.23 3 1
github.com/tietang/props/zk/zk_props_source.go:75.23,78.46 3 1
github.com/tietang/props/zk/zk_props_source.go:78.46,82.14 3 1
github.com/tietang/props/zk/zk_props_source.go:89.86,91.34 2 1
github.com/tietang/props/zk/zk_props_source.go:94.5,94.18 1 1
github.com/tietang/props/zk/zk_props_source.go:91.34,93.6 1 0
github.com/tietang/props/zk/zk_props_source.go:97.77,99.19 2 1
github.com/tietang/props/zk/zk_props_source.go:102.5,102.20 1 1
github.com/tietang/props/zk/zk_props_source.go:99.19,101.6 1 0
github.com/tietang/props/zk/zk_props_source.go:105.86,109.2 3 1
github.com/tietang/props/zk/zk_props_source.go:111.75,115.2 2 1
github.com/tietang/props/zk/zk_props_source.go:117.52,119.2 1 0
github.com/tietang/props/zk/zk_props_source.go:121.95,123.2 1 0
github.com/tietang/props/zk/zk_props_source.go:125.103,128.2 2 0
github.com/tietang/props/zk/zk_props_source.go:130.107,132.19 2 0
github.com/tietang/props/zk/zk_props_source.go:135.5,139.38 4 0
github.com/tietang/props/zk/zk_props_source.go:142.5,143.42 2 0
github.com/tietang/props/zk/zk_props_source.go:132.19,133.19 1 0
github.com/tietang/props/zk/zk_props_source.go:139.38,141.6 1 0
github.com/tietang/props/zk/zk_props_source.go:146.102,149.16 3 0
github.com/tietang/props/zk/zk_props_source.go:152.5,154.19 3 0
github.com/tietang/props/zk/zk_props_source.go:157.5,162.38 4 0
github.com/tietang/props/zk/zk_props_source.go:165.5,166.37 2 0
github.com/tietang/props/zk/zk_props_source.go:149.16,151.6 1 0
github.com/tietang/props/zk/zk_props_source.go:154.19,155.19 1 0
github.com/tietang/props/zk/zk_props_source.go:162.38,164.6 1 0
github.com/tietang/props/kvs/map_props.go:21.40,26.2 2 0
github.com/tietang/props/kvs/map_props.go:28.65,33.2 2 0
github.com/tietang/props/kvs/map_props.go:35.39,37.2 1 0
github.com/tietang/props/kvs/map_props.go:40.56,44.2 3 0
github.com/tietang/props/kvs/map_props.go:45.54,47.2 1 0
github.com/tietang/props/kvs/map_props.go:48.48,50.2 1 0
github.com/tietang/props/kvs/map_props.go:51.56,53.2 1 0
github.com/tietang/props/kvs/map_props.go:54.63,56.2 1 0
github.com/tietang/props/kvs/map_props.go:60.57,61.35 1 1
github.com/tietang/props/kvs/map_props.go:64.5,64.56 1 0
github.com/tietang/props/kvs/map_props.go:61.35,63.6 1 1
github.com/tietang/props/kvs/map_props.go:69.63,70.35 1 1
github.com/tietang/props/kvs/map_props.go:73.5,73.18 1 0
github.com/tietang/props/kvs/map_props.go:70.35,72.6 1 1
github.com/tietang/props/kvs/map_props.go:76.57,79.46 2 0
github.com/tietang/props/kvs/map_props.go:82.5,82.55 1 0
github.com/tietang/props/kvs/map_props.go:79.46,81.6 1 0
github.com/tietang/props/kvs/map_props.go:85.67,86.35 1 0
github.com/tietang/props/kvs/map_props.go:91.5,91.18 1 0
github.com/tietang/props/kvs/map_props.go:86.35,87.50 1 0
github.com/tietang/props/kvs/map_props.go:87.50,89.10 1 0
github.com/tietang/props/kvs/map_props.go:93.59,96.51 2 0
github.com/tietang/props/kvs/map_props.go:99.5,99.59 1 0
github.com/tietang/props/kvs/map_props.go:96.51,98.6 1 0
github.com/tietang/props/kvs/map_props.go:102.70,103.35 1 0
github.com/tietang/props/kvs/map_props.go:108.5,108.18 1 0
github.com/tietang/props/kvs/map_props.go:103.35,104.55 1 0
github.com/tietang/props/kvs/map_props.go:104.55,106.10 1 0
github.com/tietang/props/kvs/map_props.go:111.65,114.56 2 0
github.com/tietang/props/kvs/map_props.go:117.5,117.57 1 0
github.com/tietang/props/kvs/map_props.go:114.56,116.6 1 0
github.com/tietang/props/kvs/map_props.go:120.79,121.35 1 0
github.com/tietang/props/kvs/map_props.go:126.5,126.18 1 0
github.com/tietang/props/kvs/map_props.go:121.35,122.60 1 0
github.com/tietang/props/kvs/map_props.go:122.60,124.10 1 0
github.com/tietang/props/kvs/map_props.go:132.72,134.19 2 0
github.com/tietang/props/kvs/map_props.go:138.5,138.25 1 0
github.com/tietang/props/kvs/map_props.go:134.19,137.6 1 0
github.com/tietang/props/kvs/map_props.go:141.98,142.35 1 0
github.com/tietang/props/kvs/map_props.go:147.5,147.24 1 0
github.com/tietang/props/kvs/map_props.go:142.35,143.48 1 0
github.com/tietang/props/kvs/map_props.go:143.48,145.10 1 0
github.com/tietang/props/kvs/map_props.go:151.41,153.32 2 1
github.com/tietang/props/kvs/map_props.go:156.5,156.16 1 1
github.com/tietang/props/kvs/map_props.go:153.32,155.6 1 1
github.com/tietang/props/kvs/map_props.go:160.46,162.2 1 1
github.com/tietang/props/kvs/map_props.go:163.58,164.30 1 0
github.com/tietang/props/kvs/map_props.go:164.30,166.6 1 0
github.com/tietang/props/kvs/map_props.go:171.33,173.2 1 0
github.com/tietang/props/kvs/map_props.go:175.58,177.2 1 0
github.com/tietang/props/kvs/map_props.go:179.77,182.2 2 0
github.com/tietang/props/kvs/map_props.go:183.82,197.58 5 0
github.com/tietang/props/kvs/map_props.go:203.5,204.30 2 0
github.com/tietang/props/kvs/map_props.go:361.5,361.15 1 0
github.com/tietang/props/kvs/map_props.go:197.58,202.6 1 0
github.com/tietang/props/kvs/map_props.go:204.30,206.36 2 0
github.com/tietang/props/kvs/map_props.go:209.9,212.30 3 0
github.com/tietang/props/kvs/map_props.go:234.9,237.48 3 0
github.com/tietang/props/kvs/map_props.go:244.9,244.29 1 0
github.com/tietang/props/kvs/map_props.go:206.36,207.21 1 0
github.com/tietang/props/kvs/map_props.go:212.30,213.24 1 0
github.com/tietang/props/kvs/map_props.go:216.13,216.57 1 0
github.com/tietang/props/kvs/map_props.go:213.24,214.25 1 0
github.com/tietang/props/kvs/map_props.go:216.57,217.47 1 0
github.com/tietang/props/kvs/map_props.go:217.47,219.18 1 0
github.com/tietang/props/kvs/map_props.go:220.19,221.33 1 0
github.com/tietang/props/kvs/map_props.go:221.33,223.18 1 0
github.com/tietang/props/kvs/map_props.go:223.23,225.18 1 0
github.com/tietang/props/kvs/map_props.go:237.48,238.21 1 0
github.com/tietang/props/kvs/map_props.go:245.29,247.37 1 0
github.com/tietang/props/kvs/map_props.go:250.13,251.38 2 0
github.com/tietang/props/kvs/map_props.go:257.13,258.18 2 0
github.com/tietang/props/kvs/map_props.go:259.85,261.50 1 0
github.com/tietang/props/kvs/map_props.go:285.13,285.18 1 0
github.com/tietang/props/kvs/map_props.go:287.90,291.18 3 0
github.com/tietang/props/kvs/map_props.go:293.47,296.27 2 0
github.com/tietang/props/kvs/map_props.go:298.13,298.35 1 0
github.com/tietang/props/kvs/map_props.go:302.13,303.38 2 0
github.com/tietang/props/kvs/map_props.go:309.13,310.18 2 0
github.com/tietang/props/kvs/map_props.go:312.27,314.27 2 0
github.com/tietang/props/kvs/map_props.go:316.13,316.29 1 0
github.com/tietang/props/kvs/map_props.go:320.13,321.38 2 0
github.com/tietang/props/kvs/map_props.go:327.13,329.18 2 0
github.com/tietang/props/kvs/map_props.go:330.26,334.50 3 0
github.com/tietang/props/kvs/map_props.go:337.13,337.42 1 0
github.com/tietang/props/kvs/map_props.go:351.13,351.18 1 0
github.com/tietang/props/kvs/map_props.go:352.13,352.18 1 0
github.com/tietang/props/kvs/map_props.go:353.29,356.18 2 0
github.com/tietang/props/kvs/map_props.go:357.17,357.17 0 0
github.com/tietang/props/kvs/map_props.go:247.37,249.14 1 0
github.com/tietang/props/kvs/map_props.go:251.38,253.31 2 0
github.com/tietang/props/kvs/map_props.go:253.31,255.18 1 0
github.com/tietang/props/kvs/map_props.go:261.50,263.31 2 0
github.com/tietang/props/kvs/map_props.go:265.17,265.37 1 0
github.com/tietang/props/kvs/map_props.go:268.17,269.42 2 0
github.com/tietang/props/kvs/map_props.go:275.17,275.48 1 0
github.com/tietang/props/kvs/map_props.go:263.32,264.18 0 0
github.com/tietang/props/kvs/map_props.go:265.37,267.18 1 0
github.com/tietang/props/kvs/map_props.go:269.42,271.34 2 0
github.com/tietang/props/kvs/map_props.go:271.34,273.22 1 0
github.com/tietang/props/kvs/map_props.go:277.19,283.14 2 0
github.com/tietang/props/kvs/map_props.go:296.28,297.14 0 0
github.com/tietang/props/kvs/map_props.go:298.35,300.14 1 0
github.com/tietang/props/kvs/map_props.go:303.38,305.30 2 0
github.com/tietang/props/kvs/map_props.go:305.30,307.18 1 0
github.com/tietang/props/kvs/map_props.go:314.28,315.14 0 0
github.com/tietang/props/kvs/map_props.go:316.29,318.14 1 0
github.com/tietang/props/kvs/map_props.go:321.38,323.25 2 0
github.com/tietang/props/kvs/map_props.go:323.25,325.18 1 0
github.com/tietang/props/kvs/map_props.go:334.50,336.14 1 0
github.com/tietang/props/kvs/map_props.go:337.42,338.40 1 0
github.com/tietang/props/kvs/map_props.go:338.40,339.50 1 0
github.com/tietang/props/kvs/map_props.go:339.50,344.39 5 0
github.com/tietang/props/kvs/map_props.go:344.39,347.26 1 0
github.com/tietang/props/kvs/map_props.go:364.73,365.23 1 0
github.com/tietang/props/kvs/map_props.go:381.5,381.19 1 0
github.com/tietang/props/kvs/map_props.go:366.81,367.37 1 0
github.com/tietang/props/kvs/map_props.go:372.103,373.27 1 0
github.com/tietang/props/kvs/map_props.go:374.43,375.28 1 0
github.com/tietang/props/kvs/map_props.go:376.25,377.32 1 0
github.com/tietang/props/kvs/map_props.go:378.23,379.25 1 0
github.com/tietang/props/kvs/map_props.go:367.37,369.10 1 0
github.com/tietang/props/kvs/map_props.go:369.15,371.10 1 0
github.com/tietang/props/kvs/map_props.go:384.82,387.19 3 0
github.com/tietang/props/kvs/map_props.go:389.5,389.26 1 0
github.com/tietang/props/kvs/map_props.go:393.5,394.30 2 0
github.com/tietang/props/kvs/map_props.go:400.5,400.20 1 0
github.com/tietang/props/kvs/map_props.go:387.20,388.6 0 0
github.com/tietang/props/kvs/map_props.go:389.26,391.6 1 0
github.com/tietang/props/kvs/map_props.go:394.30,396.22 2 0
github.com/tietang/props/kvs/map_props.go:396.22,398.10 1 0
github.com/tietang/props/kvs/map_props.go:405.35,410.35 4 0
github.com/tietang/props/kvs/map_props.go:421.5,421.16 1 0
github.com/tietang/props/kvs/map_props.go:410.35,411.19 1 0
github.com/tietang/props/kvs/map_props.go:411.19,413.10 1 0
github.com/tietang/props/kvs/map_props.go:413.15,414.40 1 0
github.com/tietang/props/kvs/map_props.go:417.13,417.53 1 0
github.com/tietang/props/kvs/map_props.go:414.40,416.14 1 0
github.com/tietang/props/kvs/value.go:17.13,21.2 1 1
github.com/tietang/props/kvs/value.go:32.45,34.2 1 0
github.com/tietang/props/kvs/value.go:37.64,39.21 2 0
github.com/tietang/props/kvs/value.go:42.5,42.53 1 0
github.com/tietang/props/kvs/value.go:39.21,41.6 1 0
github.com/tietang/props/kvs/value.go:46.68,52.2 1 0
github.com/tietang/props/kvs/value.go:58.33,60.2 1 0
github.com/tietang/props/kvs/value.go:63.35,65.2 1 0
github.com/tietang/props/kvs/value.go:68.36,70.2 1 0
github.com/tietang/props/kvs/value.go:74.60,76.2 1 0
github.com/tietang/props/kvs/value.go:83.52,84.16 1 0
github.com/tietang/props/kvs/value.go:90.5,90.68 1 0
github.com/tietang/props/kvs/value.go:85.92,86.25 1 0
github.com/tietang/props/kvs/value.go:87.95,88.26 1 0
github.com/tietang/props/kvs/value.go:94.41,96.2 1 0
github.com/tietang/props/kvs/value.go:99.47,101.2 1 0
github.com/tietang/props/kvs/value.go:104.39,106.2 1 0
github.com/tietang/props/kvs/value.go:109.43,111.2 1 0
github.com/tietang/props/kvs/value.go:114.41,117.2 2 0
github.com/tietang/props/kvs/value.go:120.45,122.2 1 0
github.com/tietang/props/kvs/value.go:125.54,127.2 1 0
github.com/tietang/props/kvs/value.go:130.65,132.2 1 0
github.com/tietang/props/kvs/value.go:135.46,137.2 1 0
github.com/tietang/props/kvs/value.go:140.57,142.22 2 0
github.com/tietang/props/kvs/value.go:146.5,146.15 1 0
github.com/tietang/props/kvs/value.go:142.22,145.6 2 0
github.com/tietang/props/kvs/value.go:151.54,153.42 2 0
github.com/tietang/props/kvs/value.go:157.5,157.15 1 0
github.com/tietang/props/kvs/value.go:153.42,156.6 2 0
github.com/tietang/props/kvs/value.go:162.63,164.42 2 0
github.com/tietang/props/kvs/value.go:168.5,168.15 1 0
github.com/tietang/props/kvs/value.go:164.42,167.6 2 0
github.com/tietang/props/kvs/value.go:173.51,175.42 2 0
github.com/tietang/props/kvs/value.go:179.5,179.15 1 0
github.com/tietang/props/kvs/value.go:175.42,178.6 2 0
github.com/tietang/props/kvs/value.go:184.57,186.42 2 0
github.com/tietang/props/kvs/value.go:190.5,190.15 1 0
github.com/tietang/props/kvs/value.go:186.42,189.6 2 0
github.com/tietang/props/kvs/value.go:195.54,197.42 2 0
github.com/tietang/props/kvs/value.go:201.5,201.15 1 0
github.com/tietang/props/kvs/value.go:197.42,200.6 2 0
github.com/tietang/props/kvs/value.go:206.60,208.42 2 0
github.com/tietang/props/kvs/value.go:212.5,212.15 1 0
github.com/tietang/props/kvs/value.go:208.42,211.6 2 0
github.com/tietang/props/kvs/value.go:217.76,219.42 2 0
github.com/tietang/props/kvs/value.go:223.5,223.15 1 0
github.com/tietang/props/kvs/value.go:219.42,222.6 2 0
github.com/tietang/props/kvs/value.go:228.85,230.42 2 0
github.com/tietang/props/kvs/value.go:234.5,234.15 1 0
github.com/tietang/props/kvs/value.go:230.42,233.6 2 0
github.com/tietang/props/kvs/value.go:239.64,241.2 1 0
github.com/tietang/props/kvs/value.go:245.70,247.37 2 0
github.com/tietang/props/kvs/value.go:252.5,252.22 1 0
github.com/tietang/props/kvs/value.go:247.37,248.24 1 0
github.com/tietang/props/kvs/value.go:248.24,250.10 1 0
github.com/tietang/props/kvs/value.go:257.80,259.37 2 0
github.com/tietang/props/kvs/value.go:264.5,264.22 1 0
github.com/tietang/props/kvs/value.go:259.37,260.24 1 0
github.com/tietang/props/kvs/value.go:260.24,262.10 1 0
github.com/tietang/props/kvs/value.go:269.64,271.37 2 0
github.com/tietang/props/kvs/value.go:276.5,276.22 1 0
github.com/tietang/props/kvs/value.go:271.37,272.24 1 0
github.com/tietang/props/kvs/value.go:272.24,274.10 1 0
github.com/tietang/props/kvs/value.go:281.72,283.37 2 0
github.com/tietang/props/kvs/value.go:288.5,288.22 1 0
github.com/tietang/props/kvs/value.go:283.37,284.24 1 0
github.com/tietang/props/kvs/value.go:284.24,286.10 1 0
github.com/tietang/props/kvs/value.go:293.68,295.37 2 0
github.com/tietang/props/kvs/value.go:300.5,300.22 1 0
github.com/tietang/props/kvs/value.go:295.37,296.24 1 0
github.com/tietang/props/kvs/value.go:296.24,298.10 1 0
github.com/tietang/props/kvs/value.go:305.76,307.37 2 0
github.com/tietang/props/kvs/value.go:312.5,312.22 1 0
github.com/tietang/props/kvs/value.go:307.37,308.24 1 0
github.com/tietang/props/kvs/value.go:308.24,310.10 1 0
github.com/tietang/props/kvs/value.go:317.104,319.37 2 0
github.com/tietang/props/kvs/value.go:324.5,324.22 1 0
github.com/tietang/props/kvs/value.go:319.37,320.24 1 0
github.com/tietang/props/kvs/value.go:320.24,322.10 1 0
github.com/tietang/props/kvs/value.go:329.83,331.2 1 0
github.com/tietang/props/kvs/value.go:335.71,337.31 2 0
github.com/tietang/props/kvs/value.go:340.5,340.15 1 0
github.com/tietang/props/kvs/value.go:337.31,339.6 1 0
github.com/tietang/props/kvs/value.go:345.59,347.31 2 0
github.com/tietang/props/kvs/value.go:350.5,350.15 1 0
github.com/tietang/props/kvs/value.go:347.31,349.6 1 0
github.com/tietang/props/kvs/value.go:355.65,357.31 2 0
github.com/tietang/props/kvs/value.go:360.5,360.15 1 0
github.com/tietang/props/kvs/value.go:357.31,359.6 1 0
github.com/tietang/props/kvs/value.go:365.93,367.59 2 0
github.com/tietang/props/kvs/value.go:370.5,370.15 1 0
github.com/tietang/props/kvs/value.go:367.59,369.6 1 0
github.com/tietang/props/kvs/value.go:375.72,377.2 1 0
github.com/tietang/props/kvs/value.go:380.39,382.22 2 0
github.com/tietang/props/kvs/value.go:387.5,388.25 2 0
github.com/tietang/props/kvs/value.go:392.5,392.16 1 0
github.com/tietang/props/kvs/value.go:382.22,384.6 1 0
github.com/tietang/props/kvs/value.go:388.25,391.6 1 0
github.com/tietang/props/kvs/value.go:395.39,396.35 1 0
github.com/tietang/props/kvs/value.go:402.5,402.17 1 0
github.com/tietang/props/kvs/value.go:396.35,397.22 1 0
github.com/tietang/props/kvs/value.go:397.22,399.10 1 0
github.com/tietang/props/kvs/value.go:406.41,409.2 2 0
github.com/tietang/props/kvs/value.go:412.33,415.2 2 0
github.com/tietang/props/kvs/value.go:418.37,421.2 2 0
github.com/tietang/props/kvs/value.go:424.48,427.2 2 0
github.com/tietang/props/kvs/value.go:430.35,433.2 2 0
github.com/tietang/props/kvs/value.go:436.39,439.2 2 0
github.com/tietang/props/kvs/value.go:443.59,446.2 2 0
github.com/tietang/props/kvs/value.go:450.40,452.2 1 0
github.com/tietang/props/kvs/value.go:456.46,459.2 2 0
github.com/tietang/props/kvs/value.go:463.38,466.2 2 0
github.com/tietang/props/kvs/value.go:470.42,473.2 2 0
github.com/tietang/props/kvs/value.go:477.40,480.2 2 0
github.com/tietang/props/kvs/value.go:484.44,487.2 2 0
github.com/tietang/props/kvs/value.go:490.64,493.2 2 0
github.com/tietang/props/kvs/value.go:496.45,498.2 1 0
github.com/tietang/props/kvs/value.go:501.56,503.2 1 0
github.com/tietang/props/kvs/value.go:506.48,508.2 1 0
github.com/tietang/props/kvs/value.go:511.52,513.2 1 0
github.com/tietang/props/kvs/value.go:516.50,518.2 1 0
github.com/tietang/props/kvs/value.go:521.54,523.2 1 0
github.com/tietang/props/kvs/value.go:527.74,529.2 1 0
github.com/tietang/props/kvs/value.go:533.55,535.2 1 0
github.com/tietang/props/kvs/value.go:538.102,540.30 2 0
github.com/tietang/props/kvs/value.go:549.5,549.21 1 0
github.com/tietang/props/kvs/value.go:540.30,542.42 2 0
github.com/tietang/props/kvs/value.go:545.9,545.37 1 0
github.com/tietang/props/kvs/value.go:542.42,544.10 1 0
github.com/tietang/props/kvs/value.go:545.37,547.10 1 0
github.com/tietang/props/kvs/value.go:553.94,555.30 2 0
github.com/tietang/props/kvs/value.go:564.5,564.21 1 0
github.com/tietang/props/kvs/value.go:555.30,557.42 2 0
github.com/tietang/props/kvs/value.go:560.9,560.37 1 0
github.com/tietang/props/kvs/value.go:557.42,559.10 1 0
github.com/tietang/props/kvs/value.go:560.37,562.10 1 0
github.com/tietang/props/kvs/value.go:568.109,570.30 2 0
github.com/tietang/props/kvs/value.go:579.5,579.21 1 0
github.com/tietang/props/kvs/value.go:570.30,572.42 2 0
github.com/tietang/props/kvs/value.go:575.9,575.37 1 0
github.com/tietang/props/kvs/value.go:572.42,574.10 1 0
github.com/tietang/props/kvs/value.go:575.37,577.10 1 0
github.com/tietang/props/kvs/value.go:583.98,585.30 2 0
github.com/tietang/props/kvs/value.go:594.5,594.21 1 0
github.com/tietang/props/kvs/value.go:585.30,587.42 2 0
github.com/tietang/props/kvs/value.go:590.9,590.37 1 0
github.com/tietang/props/kvs/value.go:587.42,589.10 1 0
github.com/tietang/props/kvs/value.go:590.37,592.10 1 0
github.com/tietang/props/kvs/value.go:598.96,600.30 2 0
github.com/tietang/props/kvs/value.go:609.5,609.21 1 0
github.com/tietang/props/kvs/value.go:600.30,602.42 2 0
github.com/tietang/props/kvs/value.go:605.9,605.37 1 0
github.com/tietang/props/kvs/value.go:602.42,604.10 1 0
github.com/tietang/props/kvs/value.go:605.37,607.10 1 0
github.com/tietang/props/kvs/value.go:613.100,615.30 2 0
github.com/tietang/props/kvs/value.go:624.5,624.21 1 0
github.com/tietang/props/kvs/value.go:615.30,617.42 2 0
github.com/tietang/props/kvs/value.go:620.9,620.37 1 0
github.com/tietang/props/kvs/value.go:617.42,619.10 1 0
github.com/tietang/props/kvs/value.go:620.37,622.10 1 0
github.com/tietang/props/kvs/value.go:628.122,630.30 2 0
github.com/tietang/props/kvs/value.go:639.5,639.21 1 0
github.com/tietang/props/kvs/value.go:630.30,632.42 2 0
github.com/tietang/props/kvs/value.go:635.9,635.37 1 0
github.com/tietang/props/kvs/value.go:632.42,634.10 1 0
github.com/tietang/props/kvs/value.go:635.37,637.10 1 0
github.com/tietang/props/example/Exampl.go:9.15,16.2 0 0
