mode: atomic
github.com/tietang/props/v3/ini/ini.go:18.40,22.2 3 47
github.com/tietang/props/v3/ini/ini.go:26.51,29.16 3 47
github.com/tietang/props/v3/ini/ini.go:33.2,33.15 1 47
github.com/tietang/props/v3/ini/ini.go:29.16,32.3 2 0
github.com/tietang/props/v3/ini/ini.go:36.52,41.16 3 0
github.com/tietang/props/v3/ini/ini.go:46.2,46.22 1 0
github.com/tietang/props/v3/ini/ini.go:41.16,45.3 3 0
github.com/tietang/props/v3/ini/ini.go:49.49,53.16 3 47
github.com/tietang/props/v3/ini/ini.go:57.2,58.35 2 47
github.com/tietang/props/v3/ini/ini.go:68.2,68.12 1 47
github.com/tietang/props/v3/ini/ini.go:53.16,56.3 2 0
github.com/tietang/props/v3/ini/ini.go:58.35,60.37 2 95
github.com/tietang/props/v3/ini/ini.go:60.37,65.4 4 287
github.com/tietang/props/v3/ini/ini.go:77.50,80.2 2 0
github.com/tietang/props/v3/ini/ini_source.go:22.67,25.2 2 0
github.com/tietang/props/v3/ini/ini_source.go:27.75,32.19 3 0
github.com/tietang/props/v3/ini/ini_source.go:37.5,41.24 5 0
github.com/tietang/props/v3/ini/ini_source.go:44.5,45.13 2 0
github.com/tietang/props/v3/ini/ini_source.go:32.19,34.6 1 0
github.com/tietang/props/v3/ini/ini_source.go:34.11,36.6 1 0
github.com/tietang/props/v3/ini/ini_source.go:41.24,43.6 1 0
github.com/tietang/props/v3/ini/ini_source.go:48.84,51.19 3 0
github.com/tietang/props/v3/ini/ini_source.go:56.5,60.13 5 0
github.com/tietang/props/v3/ini/ini_source.go:51.19,53.6 1 0
github.com/tietang/props/v3/ini/ini_source.go:53.11,55.6 1 0
github.com/tietang/props/v3/ini/ini_source.go:63.86,66.36 3 0
github.com/tietang/props/v3/ini/ini_source.go:70.5,70.13 1 0
github.com/tietang/props/v3/ini/ini_source.go:66.36,69.6 2 0
github.com/tietang/props/v3/ini/ini_source.go:73.45,75.2 1 0
github.com/tietang/props/v3/ini/ini_source.go:77.49,79.2 1 0
github.com/tietang/props/v3/ini/helper.go:10.47,12.16 2 1
github.com/tietang/props/v3/ini/helper.go:16.2,16.29 1 1
github.com/tietang/props/v3/ini/helper.go:12.16,15.3 2 0
github.com/tietang/props/v3/kvs/env_source.go:14.44,19.2 4 3
github.com/tietang/props/v3/kvs/env_source.go:21.34,23.28 2 3
github.com/tietang/props/v3/kvs/env_source.go:23.28,25.20 2 102
github.com/tietang/props/v3/kvs/env_source.go:25.20,27.10 1 102
github.com/tietang/props/v3/kvs/env_source.go:30.41,33.2 1 2
github.com/tietang/props/v3/kvs/set.go:12.20,16.2 1 2
github.com/tietang/props/v3/kvs/set.go:17.61,19.27 1 2
github.com/tietang/props/v3/kvs/set.go:19.27,21.28 2 72
github.com/tietang/props/v3/kvs/set.go:21.28,22.18 1 0
github.com/tietang/props/v3/kvs/set.go:27.37,31.2 3 76
github.com/tietang/props/v3/kvs/set.go:33.40,37.2 3 0
github.com/tietang/props/v3/kvs/set.go:38.42,43.2 4 0
github.com/tietang/props/v3/kvs/set.go:44.33,46.2 1 0
github.com/tietang/props/v3/kvs/set.go:47.23,51.2 3 0
github.com/tietang/props/v3/kvs/set.go:52.30,53.21 1 0
github.com/tietang/props/v3/kvs/set.go:56.5,56.17 1 0
github.com/tietang/props/v3/kvs/set.go:53.21,55.6 1 0
github.com/tietang/props/v3/kvs/set.go:58.36,62.27 4 0
github.com/tietang/props/v3/kvs/set.go:65.5,65.16 1 0
github.com/tietang/props/v3/kvs/set.go:62.27,64.6 1 0
github.com/tietang/props/v3/kvs/config_composite.go:29.61,31.2 1 1
github.com/tietang/props/v3/kvs/config_composite.go:32.72,34.2 1 0
github.com/tietang/props/v3/kvs/config_composite.go:36.92,38.2 1 2
github.com/tietang/props/v3/kvs/config_composite.go:40.122,48.16 2 3
github.com/tietang/props/v3/kvs/config_composite.go:51.2,51.23 1 3
github.com/tietang/props/v3/kvs/config_composite.go:57.2,57.35 1 3
github.com/tietang/props/v3/kvs/config_composite.go:60.2,60.10 1 3
github.com/tietang/props/v3/kvs/config_composite.go:48.16,50.3 1 0
github.com/tietang/props/v3/kvs/config_composite.go:51.23,53.3 1 3
github.com/tietang/props/v3/kvs/config_composite.go:53.8,55.3 1 0
github.com/tietang/props/v3/kvs/config_composite.go:57.35,59.3 1 2
github.com/tietang/props/v3/kvs/config_composite.go:62.54,65.2 2 0
github.com/tietang/props/v3/kvs/config_composite.go:66.48,72.34 5 0
github.com/tietang/props/v3/kvs/config_composite.go:81.2,83.16 3 0
github.com/tietang/props/v3/kvs/config_composite.go:88.2,89.31 2 0
github.com/tietang/props/v3/kvs/config_composite.go:72.34,75.17 3 0
github.com/tietang/props/v3/kvs/config_composite.go:75.17,79.4 3 0
github.com/tietang/props/v3/kvs/config_composite.go:83.16,87.3 3 0
github.com/tietang/props/v3/kvs/config_composite.go:89.31,96.17 7 0
github.com/tietang/props/v3/kvs/config_composite.go:96.17,98.4 1 0
github.com/tietang/props/v3/kvs/config_composite.go:103.35,105.16 2 0
github.com/tietang/props/v3/kvs/config_composite.go:108.2,108.24 1 0
github.com/tietang/props/v3/kvs/config_composite.go:112.2,112.14 1 0
github.com/tietang/props/v3/kvs/config_composite.go:105.16,107.3 1 0
github.com/tietang/props/v3/kvs/config_composite.go:108.24,111.3 2 0
github.com/tietang/props/v3/kvs/config_composite.go:115.49,117.2 1 0
github.com/tietang/props/v3/kvs/config_composite.go:118.46,120.2 1 0
github.com/tietang/props/v3/kvs/config_composite.go:122.60,123.27 1 2
github.com/tietang/props/v3/kvs/config_composite.go:123.27,124.52 1 2
github.com/tietang/props/v3/kvs/config_composite.go:130.3,130.54 1 2
github.com/tietang/props/v3/kvs/config_composite.go:124.52,126.31 2 5
github.com/tietang/props/v3/kvs/config_composite.go:126.31,128.5 1 0
github.com/tietang/props/v3/kvs/config_composite.go:134.62,136.2 1 0
github.com/tietang/props/v3/kvs/config_composite.go:138.66,145.51 3 18
github.com/tietang/props/v3/kvs/config_composite.go:155.2,155.28 1 18
github.com/tietang/props/v3/kvs/config_composite.go:161.2,161.15 1 14
github.com/tietang/props/v3/kvs/config_composite.go:145.51,148.17 3 18
github.com/tietang/props/v3/kvs/config_composite.go:148.17,151.9 3 18
github.com/tietang/props/v3/kvs/config_composite.go:155.28,160.3 4 4
github.com/tietang/props/v3/kvs/config_composite.go:161.15,165.3 3 14
github.com/tietang/props/v3/kvs/config_composite.go:165.8,169.3 3 0
github.com/tietang/props/v3/kvs/config_composite.go:171.64,173.2 1 0
github.com/tietang/props/v3/kvs/config_composite.go:174.58,176.2 1 0
github.com/tietang/props/v3/kvs/config_composite.go:177.66,179.2 1 0
github.com/tietang/props/v3/kvs/config_composite.go:181.73,183.2 1 0
github.com/tietang/props/v3/kvs/config_composite.go:185.67,187.2 1 16
github.com/tietang/props/v3/kvs/config_composite.go:189.86,191.16 2 0
github.com/tietang/props/v3/kvs/config_composite.go:194.2,194.10 1 0
github.com/tietang/props/v3/kvs/config_composite.go:191.16,193.3 1 0
github.com/tietang/props/v3/kvs/config_composite.go:196.67,198.16 2 2
github.com/tietang/props/v3/kvs/config_composite.go:198.16,200.3 1 2
github.com/tietang/props/v3/kvs/config_composite.go:200.8,202.3 1 0
github.com/tietang/props/v3/kvs/config_composite.go:205.82,207.16 2 0
github.com/tietang/props/v3/kvs/config_composite.go:207.16,209.3 1 0
github.com/tietang/props/v3/kvs/config_composite.go:209.8,211.3 1 0
github.com/tietang/props/v3/kvs/config_composite.go:214.69,217.16 2 0
github.com/tietang/props/v3/kvs/config_composite.go:217.16,219.3 1 0
github.com/tietang/props/v3/kvs/config_composite.go:219.8,221.3 1 0
github.com/tietang/props/v3/kvs/config_composite.go:224.75,226.16 2 0
github.com/tietang/props/v3/kvs/config_composite.go:226.16,228.3 1 0
github.com/tietang/props/v3/kvs/config_composite.go:228.8,230.3 1 0
github.com/tietang/props/v3/kvs/config_composite.go:233.83,236.16 2 0
github.com/tietang/props/v3/kvs/config_composite.go:236.16,238.17 2 0
github.com/tietang/props/v3/kvs/config_composite.go:238.17,240.4 1 0
github.com/tietang/props/v3/kvs/config_composite.go:240.9,242.4 1 0
github.com/tietang/props/v3/kvs/config_composite.go:243.8,245.3 1 0
github.com/tietang/props/v3/kvs/config_composite.go:248.108,251.16 2 0
github.com/tietang/props/v3/kvs/config_composite.go:251.16,253.17 2 0
github.com/tietang/props/v3/kvs/config_composite.go:253.17,255.4 1 0
github.com/tietang/props/v3/kvs/config_composite.go:255.9,257.4 1 0
github.com/tietang/props/v3/kvs/config_composite.go:258.8,260.3 1 0
github.com/tietang/props/v3/kvs/config_composite.go:264.86,267.16 2 0
github.com/tietang/props/v3/kvs/config_composite.go:267.16,269.17 2 0
github.com/tietang/props/v3/kvs/config_composite.go:269.17,271.4 1 0
github.com/tietang/props/v3/kvs/config_composite.go:271.9,273.4 1 0
github.com/tietang/props/v3/kvs/config_composite.go:274.8,276.3 1 0
github.com/tietang/props/v3/kvs/config_composite.go:279.95,282.16 2 0
github.com/tietang/props/v3/kvs/config_composite.go:282.16,284.17 2 0
github.com/tietang/props/v3/kvs/config_composite.go:284.17,286.4 1 0
github.com/tietang/props/v3/kvs/config_composite.go:286.9,288.4 1 0
github.com/tietang/props/v3/kvs/config_composite.go:289.8,291.3 1 0
github.com/tietang/props/v3/kvs/config_composite.go:293.56,296.2 1 0
github.com/tietang/props/v3/kvs/config_composite.go:298.68,301.2 1 0
github.com/tietang/props/v3/kvs/config_composite.go:303.68,305.2 1 0
github.com/tietang/props/v3/kvs/config_composite.go:307.51,310.51 2 2
github.com/tietang/props/v3/kvs/config_composite.go:317.2,318.47 2 2
github.com/tietang/props/v3/kvs/config_composite.go:322.2,322.13 1 2
github.com/tietang/props/v3/kvs/config_composite.go:310.51,313.24 3 8
github.com/tietang/props/v3/kvs/config_composite.go:313.24,315.4 1 76
github.com/tietang/props/v3/kvs/config_composite.go:318.47,321.3 2 72
github.com/tietang/props/v3/kvs/config_composite.go:325.72,350.2 2 18
github.com/tietang/props/v3/kvs/config_composite.go:352.75,353.43 1 4
github.com/tietang/props/v3/kvs/config_composite.go:365.2,365.19 1 0
github.com/tietang/props/v3/kvs/config_composite.go:353.43,355.76 2 4
github.com/tietang/props/v3/kvs/config_composite.go:363.3,363.18 1 4
github.com/tietang/props/v3/kvs/config_composite.go:355.76,357.18 2 6
github.com/tietang/props/v3/kvs/config_composite.go:357.18,359.5 1 6
github.com/tietang/props/v3/kvs/config_composite.go:359.10,361.5 1 0
github.com/tietang/props/v3/kvs/config_composite.go:368.84,371.19 2 0
github.com/tietang/props/v3/kvs/config_composite.go:374.2,375.24 2 0
github.com/tietang/props/v3/kvs/config_composite.go:388.2,388.47 1 0
github.com/tietang/props/v3/kvs/config_composite.go:371.19,373.3 1 0
github.com/tietang/props/v3/kvs/config_composite.go:375.24,378.20 2 0
github.com/tietang/props/v3/kvs/config_composite.go:382.3,383.17 2 0
github.com/tietang/props/v3/kvs/config_composite.go:378.20,381.4 2 0
github.com/tietang/props/v3/kvs/config_composite.go:383.17,385.4 1 0
github.com/tietang/props/v3/kvs/props.go:28.34,34.2 3 102
github.com/tietang/props/v3/kvs/props.go:38.55,41.16 3 102
github.com/tietang/props/v3/kvs/props.go:45.2,45.15 1 102
github.com/tietang/props/v3/kvs/props.go:41.16,44.3 2 0
github.com/tietang/props/v3/kvs/props.go:48.54,55.16 2 2
github.com/tietang/props/v3/kvs/props.go:59.2,60.16 2 2
github.com/tietang/props/v3/kvs/props.go:63.2,64.28 2 2
github.com/tietang/props/v3/kvs/props.go:74.2,74.15 1 2
github.com/tietang/props/v3/kvs/props.go:55.16,57.13 2 0
github.com/tietang/props/v3/kvs/props.go:60.16,61.13 1 0
github.com/tietang/props/v3/kvs/props.go:64.28,65.23 1 2
github.com/tietang/props/v3/kvs/props.go:65.23,67.18 2 0
github.com/tietang/props/v3/kvs/props.go:67.18,69.5 1 0
github.com/tietang/props/v3/kvs/props.go:69.10,71.5 1 0
github.com/tietang/props/v3/kvs/props.go:77.45,81.16 3 0
github.com/tietang/props/v3/kvs/props.go:86.2,86.18 1 0
github.com/tietang/props/v3/kvs/props.go:81.16,85.3 3 0
github.com/tietang/props/v3/kvs/props.go:89.46,92.6 2 102
github.com/tietang/props/v3/kvs/props.go:128.2,128.12 1 0
github.com/tietang/props/v3/kvs/props.go:92.6,94.17 2 1328
github.com/tietang/props/v3/kvs/props.go:102.3,105.19 3 1226
github.com/tietang/props/v3/kvs/props.go:108.3,109.47 2 954
github.com/tietang/props/v3/kvs/props.go:113.3,115.16 3 906
github.com/tietang/props/v3/kvs/props.go:118.3,119.16 2 906
github.com/tietang/props/v3/kvs/props.go:122.3,123.17 2 906
github.com/tietang/props/v3/kvs/props.go:94.17,95.21 1 102
github.com/tietang/props/v3/kvs/props.go:95.21,97.5 1 102
github.com/tietang/props/v3/kvs/props.go:97.10,99.5 1 0
github.com/tietang/props/v3/kvs/props.go:105.19,106.12 1 272
github.com/tietang/props/v3/kvs/props.go:109.47,110.12 1 48
github.com/tietang/props/v3/kvs/props.go:115.16,117.4 1 136
github.com/tietang/props/v3/kvs/props.go:119.16,120.12 1 0
github.com/tietang/props/v3/kvs/props.go:123.17,125.4 1 834
github.com/tietang/props/v3/kvs/props.go:137.47,138.29 1 0
github.com/tietang/props/v3/kvs/props.go:146.2,146.12 1 0
github.com/tietang/props/v3/kvs/props.go:138.29,142.17 3 0
github.com/tietang/props/v3/kvs/props.go:142.17,144.4 1 0
github.com/tietang/props/v3/kvs/props.go:152.40,156.23 3 0
github.com/tietang/props/v3/kvs/props.go:191.2,191.21 1 0
github.com/tietang/props/v3/kvs/props.go:156.23,158.17 2 0
github.com/tietang/props/v3/kvs/props.go:187.3,187.16 1 0
github.com/tietang/props/v3/kvs/props.go:158.17,160.4 1 0
github.com/tietang/props/v3/kvs/props.go:160.9,160.24 1 0
github.com/tietang/props/v3/kvs/props.go:160.24,162.4 1 0
github.com/tietang/props/v3/kvs/props.go:162.9,162.24 1 0
github.com/tietang/props/v3/kvs/props.go:162.24,164.4 1 0
github.com/tietang/props/v3/kvs/props.go:164.9,164.24 1 0
github.com/tietang/props/v3/kvs/props.go:164.24,166.4 1 0
github.com/tietang/props/v3/kvs/props.go:166.9,166.23 1 0
github.com/tietang/props/v3/kvs/props.go:166.23,167.22 1 0
github.com/tietang/props/v3/kvs/props.go:167.22,170.5 2 0
github.com/tietang/props/v3/kvs/props.go:170.10,172.5 1 0
github.com/tietang/props/v3/kvs/props.go:173.9,173.23 1 0
github.com/tietang/props/v3/kvs/props.go:173.23,175.4 1 0
github.com/tietang/props/v3/kvs/props.go:175.9,175.23 1 0
github.com/tietang/props/v3/kvs/props.go:175.23,177.4 1 0
github.com/tietang/props/v3/kvs/props.go:177.9,177.23 1 0
github.com/tietang/props/v3/kvs/props.go:177.23,179.4 1 0
github.com/tietang/props/v3/kvs/props.go:179.9,179.23 1 0
github.com/tietang/props/v3/kvs/props.go:179.23,181.4 1 0
github.com/tietang/props/v3/kvs/props.go:181.9,181.46 1 0
github.com/tietang/props/v3/kvs/props.go:181.46,183.4 1 0
github.com/tietang/props/v3/kvs/props.go:183.9,185.4 1 0
github.com/tietang/props/v3/kvs/props.go:187.16,189.4 1 0
github.com/tietang/props/v3/kvs/props_source.go:19.73,22.2 2 2
github.com/tietang/props/v3/kvs/props_source.go:24.81,29.19 3 2
github.com/tietang/props/v3/kvs/props_source.go:34.5,39.13 6 2
github.com/tietang/props/v3/kvs/props_source.go:29.19,31.6 1 2
github.com/tietang/props/v3/kvs/props_source.go:31.11,33.6 1 0
github.com/tietang/props/v3/kvs/props_source.go:42.96,45.18 3 31
github.com/tietang/props/v3/kvs/props_source.go:50.5,50.13 1 31
github.com/tietang/props/v3/kvs/props_source.go:45.18,47.6 1 0
github.com/tietang/props/v3/kvs/props_source.go:47.11,49.6 1 31
github.com/tietang/props/v3/kvs/props_source.go:53.85,56.36 3 0
github.com/tietang/props/v3/kvs/props_source.go:60.5,60.13 1 0
github.com/tietang/props/v3/kvs/props_source.go:56.36,59.6 2 0
github.com/tietang/props/v3/kvs/props_source.go:62.67,64.19 2 7
github.com/tietang/props/v3/kvs/props_source.go:70.5,71.13 2 7
github.com/tietang/props/v3/kvs/props_source.go:64.19,66.6 1 0
github.com/tietang/props/v3/kvs/props_source.go:66.11,68.6 1 7
github.com/tietang/props/v3/kvs/props_source.go:73.48,75.2 1 8
github.com/tietang/props/v3/kvs/props_source.go:77.52,79.2 1 0
github.com/tietang/props/v3/kvs/value.go:17.13,21.2 1 1
github.com/tietang/props/v3/kvs/value.go:32.45,34.2 1 20
github.com/tietang/props/v3/kvs/value.go:37.64,39.21 2 0
github.com/tietang/props/v3/kvs/value.go:42.5,42.53 1 0
github.com/tietang/props/v3/kvs/value.go:39.21,41.6 1 0
github.com/tietang/props/v3/kvs/value.go:46.68,52.2 1 20
github.com/tietang/props/v3/kvs/value.go:58.33,60.2 1 0
github.com/tietang/props/v3/kvs/value.go:63.35,65.2 1 0
github.com/tietang/props/v3/kvs/value.go:68.36,70.2 1 2
github.com/tietang/props/v3/kvs/value.go:74.60,76.2 1 0
github.com/tietang/props/v3/kvs/value.go:83.52,84.16 1 0
github.com/tietang/props/v3/kvs/value.go:90.5,90.68 1 0
github.com/tietang/props/v3/kvs/value.go:85.92,86.25 1 0
github.com/tietang/props/v3/kvs/value.go:87.95,88.26 1 0
github.com/tietang/props/v3/kvs/value.go:94.41,96.2 1 0
github.com/tietang/props/v3/kvs/value.go:99.47,101.2 1 0
github.com/tietang/props/v3/kvs/value.go:104.39,106.2 1 2
github.com/tietang/props/v3/kvs/value.go:109.43,111.2 1 0
github.com/tietang/props/v3/kvs/value.go:114.41,117.2 2 0
github.com/tietang/props/v3/kvs/value.go:120.45,122.2 1 0
github.com/tietang/props/v3/kvs/value.go:125.54,127.2 1 0
github.com/tietang/props/v3/kvs/value.go:130.65,132.2 1 0
github.com/tietang/props/v3/kvs/value.go:135.46,137.2 1 0
github.com/tietang/props/v3/kvs/value.go:140.57,142.22 2 0
github.com/tietang/props/v3/kvs/value.go:146.5,146.15 1 0
github.com/tietang/props/v3/kvs/value.go:142.22,145.6 2 0
github.com/tietang/props/v3/kvs/value.go:151.54,153.42 2 0
github.com/tietang/props/v3/kvs/value.go:157.5,157.15 1 0
github.com/tietang/props/v3/kvs/value.go:153.42,156.6 2 0
github.com/tietang/props/v3/kvs/value.go:162.63,164.42 2 0
github.com/tietang/props/v3/kvs/value.go:168.5,168.15 1 0
github.com/tietang/props/v3/kvs/value.go:164.42,167.6 2 0
github.com/tietang/props/v3/kvs/value.go:173.51,175.42 2 0
github.com/tietang/props/v3/kvs/value.go:179.5,179.15 1 0
github.com/tietang/props/v3/kvs/value.go:175.42,178.6 2 0
github.com/tietang/props/v3/kvs/value.go:184.57,186.42 2 0
github.com/tietang/props/v3/kvs/value.go:190.5,190.15 1 0
github.com/tietang/props/v3/kvs/value.go:186.42,189.6 2 0
github.com/tietang/props/v3/kvs/value.go:195.54,197.42 2 0
github.com/tietang/props/v3/kvs/value.go:201.5,201.15 1 0
github.com/tietang/props/v3/kvs/value.go:197.42,200.6 2 0
github.com/tietang/props/v3/kvs/value.go:206.60,208.42 2 0
github.com/tietang/props/v3/kvs/value.go:212.5,212.15 1 0
github.com/tietang/props/v3/kvs/value.go:208.42,211.6 2 0
github.com/tietang/props/v3/kvs/value.go:217.76,219.42 2 0
github.com/tietang/props/v3/kvs/value.go:223.5,223.15 1 0
github.com/tietang/props/v3/kvs/value.go:219.42,222.6 2 0
github.com/tietang/props/v3/kvs/value.go:228.85,230.42 2 0
github.com/tietang/props/v3/kvs/value.go:234.5,234.15 1 0
github.com/tietang/props/v3/kvs/value.go:230.42,233.6 2 0
github.com/tietang/props/v3/kvs/value.go:239.64,241.2 1 0
github.com/tietang/props/v3/kvs/value.go:245.70,247.37 2 0
github.com/tietang/props/v3/kvs/value.go:252.5,252.22 1 0
github.com/tietang/props/v3/kvs/value.go:247.37,248.24 1 0
github.com/tietang/props/v3/kvs/value.go:248.24,250.10 1 0
github.com/tietang/props/v3/kvs/value.go:257.80,259.37 2 0
github.com/tietang/props/v3/kvs/value.go:264.5,264.22 1 0
github.com/tietang/props/v3/kvs/value.go:259.37,260.24 1 0
github.com/tietang/props/v3/kvs/value.go:260.24,262.10 1 0
github.com/tietang/props/v3/kvs/value.go:269.64,271.37 2 0
github.com/tietang/props/v3/kvs/value.go:276.5,276.22 1 0
github.com/tietang/props/v3/kvs/value.go:271.37,272.24 1 0
github.com/tietang/props/v3/kvs/value.go:272.24,274.10 1 0
github.com/tietang/props/v3/kvs/value.go:281.72,283.37 2 0
github.com/tietang/props/v3/kvs/value.go:288.5,288.22 1 0
github.com/tietang/props/v3/kvs/value.go:283.37,284.24 1 0
github.com/tietang/props/v3/kvs/value.go:284.24,286.10 1 0
github.com/tietang/props/v3/kvs/value.go:293.68,295.37 2 0
github.com/tietang/props/v3/kvs/value.go:300.5,300.22 1 0
github.com/tietang/props/v3/kvs/value.go:295.37,296.24 1 0
github.com/tietang/props/v3/kvs/value.go:296.24,298.10 1 0
github.com/tietang/props/v3/kvs/value.go:305.76,307.37 2 0
github.com/tietang/props/v3/kvs/value.go:312.5,312.22 1 0
github.com/tietang/props/v3/kvs/value.go:307.37,308.24 1 0
github.com/tietang/props/v3/kvs/value.go:308.24,310.10 1 0
github.com/tietang/props/v3/kvs/value.go:317.104,319.37 2 0
github.com/tietang/props/v3/kvs/value.go:324.5,324.22 1 0
github.com/tietang/props/v3/kvs/value.go:319.37,320.24 1 0
github.com/tietang/props/v3/kvs/value.go:320.24,322.10 1 0
github.com/tietang/props/v3/kvs/value.go:329.83,331.2 1 0
github.com/tietang/props/v3/kvs/value.go:335.71,337.31 2 0
github.com/tietang/props/v3/kvs/value.go:340.5,340.15 1 0
github.com/tietang/props/v3/kvs/value.go:337.31,339.6 1 0
github.com/tietang/props/v3/kvs/value.go:345.59,347.31 2 0
github.com/tietang/props/v3/kvs/value.go:350.5,350.15 1 0
github.com/tietang/props/v3/kvs/value.go:347.31,349.6 1 0
github.com/tietang/props/v3/kvs/value.go:355.65,357.31 2 0
github.com/tietang/props/v3/kvs/value.go:360.5,360.15 1 0
github.com/tietang/props/v3/kvs/value.go:357.31,359.6 1 0
github.com/tietang/props/v3/kvs/value.go:365.93,367.59 2 0
github.com/tietang/props/v3/kvs/value.go:370.5,370.15 1 0
github.com/tietang/props/v3/kvs/value.go:367.59,369.6 1 0
github.com/tietang/props/v3/kvs/value.go:375.72,377.2 1 0
github.com/tietang/props/v3/kvs/value.go:380.39,382.22 2 0
github.com/tietang/props/v3/kvs/value.go:387.5,388.25 2 0
github.com/tietang/props/v3/kvs/value.go:392.5,392.16 1 0
github.com/tietang/props/v3/kvs/value.go:382.22,384.6 1 0
github.com/tietang/props/v3/kvs/value.go:388.25,391.6 1 0
github.com/tietang/props/v3/kvs/value.go:395.39,396.35 1 0
github.com/tietang/props/v3/kvs/value.go:402.5,402.17 1 0
github.com/tietang/props/v3/kvs/value.go:396.35,397.22 1 0
github.com/tietang/props/v3/kvs/value.go:397.22,399.10 1 0
github.com/tietang/props/v3/kvs/value.go:406.41,409.2 2 0
github.com/tietang/props/v3/kvs/value.go:412.33,415.2 2 0
github.com/tietang/props/v3/kvs/value.go:418.37,421.2 2 0
github.com/tietang/props/v3/kvs/value.go:424.48,427.2 2 0
github.com/tietang/props/v3/kvs/value.go:430.35,433.2 2 0
github.com/tietang/props/v3/kvs/value.go:436.39,439.2 2 0
github.com/tietang/props/v3/kvs/value.go:443.59,446.2 2 0
github.com/tietang/props/v3/kvs/value.go:450.40,452.2 1 0
github.com/tietang/props/v3/kvs/value.go:456.46,459.2 2 0
github.com/tietang/props/v3/kvs/value.go:463.38,466.2 2 0
github.com/tietang/props/v3/kvs/value.go:470.42,473.2 2 0
github.com/tietang/props/v3/kvs/value.go:477.40,480.2 2 0
github.com/tietang/props/v3/kvs/value.go:484.44,487.2 2 0
github.com/tietang/props/v3/kvs/value.go:490.64,493.2 2 0
github.com/tietang/props/v3/kvs/value.go:496.45,498.2 1 0
github.com/tietang/props/v3/kvs/value.go:501.56,503.2 1 0
github.com/tietang/props/v3/kvs/value.go:506.48,508.2 1 0
github.com/tietang/props/v3/kvs/value.go:511.52,513.2 1 0
github.com/tietang/props/v3/kvs/value.go:516.50,518.2 1 0
github.com/tietang/props/v3/kvs/value.go:521.54,523.2 1 0
github.com/tietang/props/v3/kvs/value.go:527.74,529.2 1 0
github.com/tietang/props/v3/kvs/value.go:533.55,535.2 1 0
github.com/tietang/props/v3/kvs/value.go:538.102,540.30 2 0
github.com/tietang/props/v3/kvs/value.go:549.5,549.21 1 0
github.com/tietang/props/v3/kvs/value.go:540.30,542.42 2 0
github.com/tietang/props/v3/kvs/value.go:545.9,545.37 1 0
github.com/tietang/props/v3/kvs/value.go:542.42,544.10 1 0
github.com/tietang/props/v3/kvs/value.go:545.37,547.10 1 0
github.com/tietang/props/v3/kvs/value.go:553.94,555.30 2 0
github.com/tietang/props/v3/kvs/value.go:564.5,564.21 1 0
github.com/tietang/props/v3/kvs/value.go:555.30,557.42 2 0
github.com/tietang/props/v3/kvs/value.go:560.9,560.37 1 0
github.com/tietang/props/v3/kvs/value.go:557.42,559.10 1 0
github.com/tietang/props/v3/kvs/value.go:560.37,562.10 1 0
github.com/tietang/props/v3/kvs/value.go:568.109,570.30 2 0
github.com/tietang/props/v3/kvs/value.go:579.5,579.21 1 0
github.com/tietang/props/v3/kvs/value.go:570.30,572.42 2 0
github.com/tietang/props/v3/kvs/value.go:575.9,575.37 1 0
github.com/tietang/props/v3/kvs/value.go:572.42,574.10 1 0
github.com/tietang/props/v3/kvs/value.go:575.37,577.10 1 0
github.com/tietang/props/v3/kvs/value.go:583.98,585.30 2 0
github.com/tietang/props/v3/kvs/value.go:594.5,594.21 1 0
github.com/tietang/props/v3/kvs/value.go:585.30,587.42 2 0
github.com/tietang/props/v3/kvs/value.go:590.9,590.37 1 0
github.com/tietang/props/v3/kvs/value.go:587.42,589.10 1 0
github.com/tietang/props/v3/kvs/value.go:590.37,592.10 1 0
github.com/tietang/props/v3/kvs/value.go:598.96,600.30 2 0
github.com/tietang/props/v3/kvs/value.go:609.5,609.21 1 0
github.com/tietang/props/v3/kvs/value.go:600.30,602.42 2 0
github.com/tietang/props/v3/kvs/value.go:605.9,605.37 1 0
github.com/tietang/props/v3/kvs/value.go:602.42,604.10 1 0
github.com/tietang/props/v3/kvs/value.go:605.37,607.10 1 0
github.com/tietang/props/v3/kvs/value.go:613.100,615.30 2 0
github.com/tietang/props/v3/kvs/value.go:624.5,624.21 1 0
github.com/tietang/props/v3/kvs/value.go:615.30,617.42 2 0
github.com/tietang/props/v3/kvs/value.go:620.9,620.37 1 0
github.com/tietang/props/v3/kvs/value.go:617.42,619.10 1 0
github.com/tietang/props/v3/kvs/value.go:620.37,622.10 1 0
github.com/tietang/props/v3/kvs/value.go:628.122,630.30 2 0
github.com/tietang/props/v3/kvs/value.go:639.5,639.21 1 0
github.com/tietang/props/v3/kvs/value.go:630.30,632.42 2 0
github.com/tietang/props/v3/kvs/value.go:635.9,635.37 1 0
github.com/tietang/props/v3/kvs/value.go:632.42,634.10 1 0
github.com/tietang/props/v3/kvs/value.go:635.37,637.10 1 0
github.com/tietang/props/v3/kvs/helper.go:19.50,23.16 3 19
github.com/tietang/props/v3/kvs/helper.go:26.2,26.30 1 14
github.com/tietang/props/v3/kvs/helper.go:23.16,25.3 1 5
github.com/tietang/props/v3/kvs/helper.go:37.61,46.16 4 0
github.com/tietang/props/v3/kvs/helper.go:51.2,56.6 3 0
github.com/tietang/props/v3/kvs/helper.go:64.2,67.13 4 0
github.com/tietang/props/v3/kvs/helper.go:46.16,49.3 2 0
github.com/tietang/props/v3/kvs/helper.go:56.6,58.36 2 0
github.com/tietang/props/v3/kvs/helper.go:62.3,62.18 1 0
github.com/tietang/props/v3/kvs/helper.go:58.36,60.9 2 0
github.com/tietang/props/v3/kvs/helper.go:70.59,78.2 4 0
github.com/tietang/props/v3/kvs/helper.go:80.48,82.16 2 0
github.com/tietang/props/v3/kvs/helper.go:85.2,87.17 3 0
github.com/tietang/props/v3/kvs/helper.go:82.16,84.3 1 0
github.com/tietang/props/v3/kvs/helper.go:90.40,91.62 1 36
github.com/tietang/props/v3/kvs/helper.go:94.2,94.61 1 32
github.com/tietang/props/v3/kvs/helper.go:97.2,98.15 2 28
github.com/tietang/props/v3/kvs/helper.go:91.62,93.3 1 4
github.com/tietang/props/v3/kvs/helper.go:94.61,96.3 1 4
github.com/tietang/props/v3/kvs/helper.go:101.50,103.16 2 0
github.com/tietang/props/v3/kvs/helper.go:107.2,107.25 1 0
github.com/tietang/props/v3/kvs/helper.go:103.16,106.3 2 0
github.com/tietang/props/v3/kvs/helper.go:110.34,112.25 2 0
github.com/tietang/props/v3/kvs/helper.go:126.2,126.11 1 0
github.com/tietang/props/v3/kvs/helper.go:112.25,113.14 1 0
github.com/tietang/props/v3/kvs/helper.go:116.3,116.33 1 0
github.com/tietang/props/v3/kvs/helper.go:119.3,119.32 1 0
github.com/tietang/props/v3/kvs/helper.go:113.14,114.12 1 0
github.com/tietang/props/v3/kvs/helper.go:116.33,118.4 1 0
github.com/tietang/props/v3/kvs/helper.go:119.32,121.4 1 0
github.com/tietang/props/v3/kvs/helper.go:121.9,123.4 1 0
github.com/tietang/props/v3/kvs/map_props.go:21.40,26.2 2 0
github.com/tietang/props/v3/kvs/map_props.go:28.65,33.2 2 0
github.com/tietang/props/v3/kvs/map_props.go:35.39,37.2 1 0
github.com/tietang/props/v3/kvs/map_props.go:40.56,44.2 3 0
github.com/tietang/props/v3/kvs/map_props.go:45.54,47.2 1 0
github.com/tietang/props/v3/kvs/map_props.go:48.48,50.2 1 0
github.com/tietang/props/v3/kvs/map_props.go:51.56,53.2 1 0
github.com/tietang/props/v3/kvs/map_props.go:54.63,56.2 1 0
github.com/tietang/props/v3/kvs/map_props.go:60.57,61.32 1 54
github.com/tietang/props/v3/kvs/map_props.go:64.2,64.53 1 10
github.com/tietang/props/v3/kvs/map_props.go:61.32,63.3 1 44
github.com/tietang/props/v3/kvs/map_props.go:69.63,70.32 1 0
github.com/tietang/props/v3/kvs/map_props.go:73.2,73.15 1 0
github.com/tietang/props/v3/kvs/map_props.go:70.32,72.3 1 0
github.com/tietang/props/v3/kvs/map_props.go:76.57,79.43 2 10
github.com/tietang/props/v3/kvs/map_props.go:82.2,82.52 1 4
github.com/tietang/props/v3/kvs/map_props.go:79.43,81.3 1 6
github.com/tietang/props/v3/kvs/map_props.go:85.67,86.32 1 8
github.com/tietang/props/v3/kvs/map_props.go:91.2,91.15 1 8
github.com/tietang/props/v3/kvs/map_props.go:86.32,87.44 1 4
github.com/tietang/props/v3/kvs/map_props.go:87.44,89.4 1 0
github.com/tietang/props/v3/kvs/map_props.go:93.59,95.8 2 30
github.com/tietang/props/v3/kvs/map_props.go:98.2,98.56 1 0
github.com/tietang/props/v3/kvs/map_props.go:95.8,97.3 1 30
github.com/tietang/props/v3/kvs/map_props.go:101.70,102.32 1 8
github.com/tietang/props/v3/kvs/map_props.go:107.2,107.15 1 8
github.com/tietang/props/v3/kvs/map_props.go:102.32,103.60 1 6
github.com/tietang/props/v3/kvs/map_props.go:103.60,105.4 1 0
github.com/tietang/props/v3/kvs/map_props.go:110.65,113.53 2 0
github.com/tietang/props/v3/kvs/map_props.go:116.2,116.54 1 0
github.com/tietang/props/v3/kvs/map_props.go:113.53,115.3 1 0
github.com/tietang/props/v3/kvs/map_props.go:119.79,120.32 1 0
github.com/tietang/props/v3/kvs/map_props.go:125.2,125.15 1 0
github.com/tietang/props/v3/kvs/map_props.go:120.32,121.54 1 0
github.com/tietang/props/v3/kvs/map_props.go:121.54,123.4 1 0
github.com/tietang/props/v3/kvs/map_props.go:131.72,133.16 2 12
github.com/tietang/props/v3/kvs/map_props.go:137.2,137.22 1 10
github.com/tietang/props/v3/kvs/map_props.go:133.16,136.3 1 2
github.com/tietang/props/v3/kvs/map_props.go:140.98,141.32 1 8
github.com/tietang/props/v3/kvs/map_props.go:146.2,146.21 1 8
github.com/tietang/props/v3/kvs/map_props.go:141.32,142.42 1 4
github.com/tietang/props/v3/kvs/map_props.go:142.42,144.4 1 0
github.com/tietang/props/v3/kvs/map_props.go:150.41,152.29 2 10
github.com/tietang/props/v3/kvs/map_props.go:155.2,155.13 1 10
github.com/tietang/props/v3/kvs/map_props.go:152.29,154.3 1 82
github.com/tietang/props/v3/kvs/map_props.go:159.46,161.2 1 116
github.com/tietang/props/v3/kvs/map_props.go:162.58,163.27 1 0
github.com/tietang/props/v3/kvs/map_props.go:163.27,165.3 1 0
github.com/tietang/props/v3/kvs/map_props.go:170.33,172.2 1 0
github.com/tietang/props/v3/kvs/map_props.go:174.58,176.2 1 0
github.com/tietang/props/v3/kvs/map_props.go:178.77,181.2 2 0
github.com/tietang/props/v3/kvs/map_props.go:182.82,196.55 5 0
github.com/tietang/props/v3/kvs/map_props.go:202.2,203.27 2 0
github.com/tietang/props/v3/kvs/map_props.go:360.2,360.12 1 0
github.com/tietang/props/v3/kvs/map_props.go:196.55,201.3 1 0
github.com/tietang/props/v3/kvs/map_props.go:203.27,205.30 2 0
github.com/tietang/props/v3/kvs/map_props.go:208.3,211.24 3 0
github.com/tietang/props/v3/kvs/map_props.go:233.3,236.42 3 0
github.com/tietang/props/v3/kvs/map_props.go:243.3,243.23 1 0
github.com/tietang/props/v3/kvs/map_props.go:205.30,206.12 1 0
github.com/tietang/props/v3/kvs/map_props.go:211.24,212.15 1 0
github.com/tietang/props/v3/kvs/map_props.go:215.4,215.48 1 0
github.com/tietang/props/v3/kvs/map_props.go:212.15,213.13 1 0
github.com/tietang/props/v3/kvs/map_props.go:215.48,216.35 1 0
github.com/tietang/props/v3/kvs/map_props.go:216.35,218.6 1 0
github.com/tietang/props/v3/kvs/map_props.go:219.10,220.21 1 0
github.com/tietang/props/v3/kvs/map_props.go:220.21,222.6 1 0
github.com/tietang/props/v3/kvs/map_props.go:222.11,224.6 1 0
github.com/tietang/props/v3/kvs/map_props.go:236.42,237.12 1 0
github.com/tietang/props/v3/kvs/map_props.go:244.23,246.28 1 0
github.com/tietang/props/v3/kvs/map_props.go:249.4,250.29 2 0
github.com/tietang/props/v3/kvs/map_props.go:256.4,257.9 2 0
github.com/tietang/props/v3/kvs/map_props.go:258.79,260.41 1 0
github.com/tietang/props/v3/kvs/map_props.go:284.4,284.9 1 0
github.com/tietang/props/v3/kvs/map_props.go:286.84,290.9 3 0
github.com/tietang/props/v3/kvs/map_props.go:292.41,295.18 2 0
github.com/tietang/props/v3/kvs/map_props.go:297.4,297.26 1 0
github.com/tietang/props/v3/kvs/map_props.go:301.4,302.29 2 0
github.com/tietang/props/v3/kvs/map_props.go:308.4,309.9 2 0
github.com/tietang/props/v3/kvs/map_props.go:311.21,313.18 2 0
github.com/tietang/props/v3/kvs/map_props.go:315.4,315.20 1 0
github.com/tietang/props/v3/kvs/map_props.go:319.4,320.29 2 0
github.com/tietang/props/v3/kvs/map_props.go:326.4,328.9 2 0
github.com/tietang/props/v3/kvs/map_props.go:329.20,333.41 3 0
github.com/tietang/props/v3/kvs/map_props.go:336.4,336.33 1 0
github.com/tietang/props/v3/kvs/map_props.go:350.4,350.9 1 0
github.com/tietang/props/v3/kvs/map_props.go:351.4,351.9 1 0
github.com/tietang/props/v3/kvs/map_props.go:352.23,355.9 2 0
github.com/tietang/props/v3/kvs/map_props.go:356.11,356.11 0 0
github.com/tietang/props/v3/kvs/map_props.go:246.28,248.5 1 0
github.com/tietang/props/v3/kvs/map_props.go:250.29,252.19 2 0
github.com/tietang/props/v3/kvs/map_props.go:252.19,254.6 1 0
github.com/tietang/props/v3/kvs/map_props.go:260.41,262.19 2 0
github.com/tietang/props/v3/kvs/map_props.go:264.5,264.25 1 0
github.com/tietang/props/v3/kvs/map_props.go:267.5,268.30 2 0
github.com/tietang/props/v3/kvs/map_props.go:274.5,274.36 1 0
github.com/tietang/props/v3/kvs/map_props.go:262.20,263.6 0 0
github.com/tietang/props/v3/kvs/map_props.go:264.25,266.6 1 0
github.com/tietang/props/v3/kvs/map_props.go:268.30,270.19 2 0
github.com/tietang/props/v3/kvs/map_props.go:270.19,272.7 1 0
github.com/tietang/props/v3/kvs/map_props.go:276.10,282.5 2 0
github.com/tietang/props/v3/kvs/map_props.go:295.19,296.5 0 0
github.com/tietang/props/v3/kvs/map_props.go:297.26,299.5 1 0
github.com/tietang/props/v3/kvs/map_props.go:302.29,304.18 2 0
github.com/tietang/props/v3/kvs/map_props.go:304.18,306.6 1 0
github.com/tietang/props/v3/kvs/map_props.go:313.19,314.5 0 0
github.com/tietang/props/v3/kvs/map_props.go:315.20,317.5 1 0
github.com/tietang/props/v3/kvs/map_props.go:320.29,322.13 2 0
github.com/tietang/props/v3/kvs/map_props.go:322.13,324.6 1 0
github.com/tietang/props/v3/kvs/map_props.go:333.41,335.5 1 0
github.com/tietang/props/v3/kvs/map_props.go:336.33,337.28 1 0
github.com/tietang/props/v3/kvs/map_props.go:337.28,338.35 1 0
github.com/tietang/props/v3/kvs/map_props.go:338.35,343.21 5 0
github.com/tietang/props/v3/kvs/map_props.go:343.21,346.8 1 0
github.com/tietang/props/v3/kvs/map_props.go:363.73,364.20 1 0
github.com/tietang/props/v3/kvs/map_props.go:380.2,380.16 1 0
github.com/tietang/props/v3/kvs/map_props.go:365.78,366.31 1 0
github.com/tietang/props/v3/kvs/map_props.go:371.100,372.21 1 0
github.com/tietang/props/v3/kvs/map_props.go:373.40,374.22 1 0
github.com/tietang/props/v3/kvs/map_props.go:375.22,376.26 1 0
github.com/tietang/props/v3/kvs/map_props.go:377.20,378.19 1 0
github.com/tietang/props/v3/kvs/map_props.go:366.31,368.4 1 0
github.com/tietang/props/v3/kvs/map_props.go:368.9,370.4 1 0
github.com/tietang/props/v3/kvs/map_props.go:383.82,386.16 3 0
github.com/tietang/props/v3/kvs/map_props.go:388.2,388.23 1 0
github.com/tietang/props/v3/kvs/map_props.go:392.2,393.27 2 0
github.com/tietang/props/v3/kvs/map_props.go:399.2,399.17 1 0
github.com/tietang/props/v3/kvs/map_props.go:386.17,387.3 0 0
github.com/tietang/props/v3/kvs/map_props.go:388.23,390.3 1 0
github.com/tietang/props/v3/kvs/map_props.go:393.27,395.16 2 0
github.com/tietang/props/v3/kvs/map_props.go:395.16,397.4 1 0
github.com/tietang/props/v3/kvs/map_props.go:404.35,409.32 4 0
github.com/tietang/props/v3/kvs/map_props.go:420.2,420.13 1 0
github.com/tietang/props/v3/kvs/map_props.go:409.32,410.13 1 0
github.com/tietang/props/v3/kvs/map_props.go:410.13,412.4 1 0
github.com/tietang/props/v3/kvs/map_props.go:412.9,413.31 1 0
github.com/tietang/props/v3/kvs/map_props.go:416.4,416.44 1 0
github.com/tietang/props/v3/kvs/map_props.go:413.31,415.5 1 0
github.com/tietang/props/v3/consul/consul_kv_source.go:28.86,30.2 1 1
github.com/tietang/props/v3/consul/consul_kv_source.go:33.121,35.16 2 1
github.com/tietang/props/v3/consul/consul_kv_source.go:39.2,46.16 8 1
github.com/tietang/props/v3/consul/consul_kv_source.go:49.2,53.10 4 1
github.com/tietang/props/v3/consul/consul_kv_source.go:35.16,37.3 1 1
github.com/tietang/props/v3/consul/consul_kv_source.go:46.16,47.13 1 0
github.com/tietang/props/v3/consul/consul_kv_source.go:57.107,60.35 3 0
github.com/tietang/props/v3/consul/consul_kv_source.go:65.2,65.10 1 0
github.com/tietang/props/v3/consul/consul_kv_source.go:60.35,63.3 2 0
github.com/tietang/props/v3/consul/consul_kv_source.go:68.45,70.2 1 1
github.com/tietang/props/v3/consul/consul_kv_source.go:72.54,74.2 0 0
github.com/tietang/props/v3/consul/consul_kv_source.go:76.47,77.2 0 0
github.com/tietang/props/v3/consul/consul_kv_source.go:79.91,84.16 4 1
github.com/tietang/props/v3/consul/consul_kv_source.go:88.2,88.25 1 1
github.com/tietang/props/v3/consul/consul_kv_source.go:84.16,87.3 2 0
github.com/tietang/props/v3/consul/consul_kv_source.go:88.25,90.17 2 10
github.com/tietang/props/v3/consul/consul_kv_source.go:94.3,95.31 2 10
github.com/tietang/props/v3/consul/consul_kv_source.go:90.17,92.12 2 0
github.com/tietang/props/v3/consul/consul_kv_source.go:100.86,104.2 3 10
github.com/tietang/props/v3/consul/consul_kv_source.go:106.75,110.2 2 10
github.com/tietang/props/v3/consul/consul_kv_source.go:112.52,114.2 1 0
github.com/tietang/props/v3/consul/consul_props_source.go:25.80,27.2 1 1
github.com/tietang/props/v3/consul/consul_props_source.go:30.115,32.16 2 1
github.com/tietang/props/v3/consul/consul_props_source.go:35.2,42.16 8 1
github.com/tietang/props/v3/consul/consul_props_source.go:45.2,48.10 4 1
github.com/tietang/props/v3/consul/consul_props_source.go:32.16,34.3 1 0
github.com/tietang/props/v3/consul/consul_props_source.go:42.16,43.13 1 0
github.com/tietang/props/v3/consul/consul_props_source.go:51.42,53.2 1 1
github.com/tietang/props/v3/consul/consul_props_source.go:55.51,57.2 0 0
github.com/tietang/props/v3/consul/consul_props_source.go:59.44,60.2 0 0
github.com/tietang/props/v3/consul/consul_props_source.go:62.88,66.16 4 1
github.com/tietang/props/v3/consul/consul_props_source.go:70.2,70.25 1 1
github.com/tietang/props/v3/consul/consul_props_source.go:66.16,69.3 2 0
github.com/tietang/props/v3/consul/consul_props_source.go:70.25,72.17 2 10
github.com/tietang/props/v3/consul/consul_props_source.go:77.3,79.36 3 10
github.com/tietang/props/v3/consul/consul_props_source.go:72.17,74.12 2 0
github.com/tietang/props/v3/consul/consul_props_source.go:79.36,83.4 3 30
github.com/tietang/props/v3/consul/consul_props_source.go:89.83,93.2 3 30
github.com/tietang/props/v3/consul/consul_props_source.go:95.72,99.2 2 30
github.com/tietang/props/v3/consul/consul_props_source.go:101.49,103.2 1 0
github.com/tietang/props/v3/consul/consul_source.go:39.99,42.35 3 0
github.com/tietang/props/v3/consul/consul_source.go:47.2,47.10 1 0
github.com/tietang/props/v3/consul/consul_source.go:42.35,45.3 2 0
github.com/tietang/props/v3/consul/consul_source.go:49.134,53.35 3 0
github.com/tietang/props/v3/consul/consul_source.go:57.2,57.10 1 0
github.com/tietang/props/v3/consul/consul_source.go:53.35,56.3 2 0
github.com/tietang/props/v3/consul/consul_source.go:60.70,63.2 2 3
github.com/tietang/props/v3/consul/consul_source.go:65.134,69.16 4 5
github.com/tietang/props/v3/consul/consul_source.go:72.2,79.16 8 5
github.com/tietang/props/v3/consul/consul_source.go:82.2,85.10 4 5
github.com/tietang/props/v3/consul/consul_source.go:69.16,71.3 1 0
github.com/tietang/props/v3/consul/consul_source.go:79.16,80.13 1 0
github.com/tietang/props/v3/consul/consul_source.go:88.37,90.2 1 5
github.com/tietang/props/v3/consul/consul_source.go:92.45,95.2 2 0
github.com/tietang/props/v3/consul/consul_source.go:97.39,98.2 0 0
github.com/tietang/props/v3/consul/consul_source.go:100.83,101.36 1 5
github.com/tietang/props/v3/consul/consul_source.go:105.2,108.16 4 4
github.com/tietang/props/v3/consul/consul_source.go:112.2,112.25 1 4
github.com/tietang/props/v3/consul/consul_source.go:101.36,104.3 2 1
github.com/tietang/props/v3/consul/consul_source.go:108.16,111.3 2 0
github.com/tietang/props/v3/consul/consul_source.go:112.25,114.17 2 23
github.com/tietang/props/v3/consul/consul_source.go:118.3,120.39 3 23
github.com/tietang/props/v3/consul/consul_source.go:132.3,132.66 1 23
github.com/tietang/props/v3/consul/consul_source.go:114.17,116.12 2 0
github.com/tietang/props/v3/consul/consul_source.go:120.39,123.38 3 13
github.com/tietang/props/v3/consul/consul_source.go:123.38,125.5 1 10
github.com/tietang/props/v3/consul/consul_source.go:125.10,127.5 1 3
github.com/tietang/props/v3/consul/consul_source.go:128.9,130.4 1 10
github.com/tietang/props/v3/consul/consul_source.go:132.66,134.4 1 12
github.com/tietang/props/v3/consul/consul_source.go:134.9,134.42 1 11
github.com/tietang/props/v3/consul/consul_source.go:134.42,136.4 1 10
github.com/tietang/props/v3/consul/consul_source.go:136.9,136.37 1 1
github.com/tietang/props/v3/consul/consul_source.go:136.37,138.4 1 1
github.com/tietang/props/v3/consul/consul_source.go:138.9,138.92 1 0
github.com/tietang/props/v3/consul/consul_source.go:138.92,140.4 1 0
github.com/tietang/props/v3/consul/consul_source.go:140.9,142.4 1 0
github.com/tietang/props/v3/consul/consul_source.go:155.55,157.18 2 0
github.com/tietang/props/v3/consul/consul_source.go:157.18,159.3 1 0
github.com/tietang/props/v3/consul/consul_source.go:162.54,164.18 2 1
github.com/tietang/props/v3/consul/consul_source.go:164.18,166.3 1 1
github.com/tietang/props/v3/consul/consul_source.go:169.56,171.18 2 12
github.com/tietang/props/v3/consul/consul_source.go:171.18,173.3 1 12
github.com/tietang/props/v3/consul/consul_source.go:175.64,177.18 2 10
github.com/tietang/props/v3/consul/consul_source.go:177.18,180.40 2 10
github.com/tietang/props/v3/consul/consul_source.go:180.40,183.4 2 100
github.com/tietang/props/v3/consul/consul_source.go:187.81,192.16 4 1
github.com/tietang/props/v3/consul/consul_source.go:196.2,196.25 1 1
github.com/tietang/props/v3/consul/consul_source.go:192.16,195.3 2 0
github.com/tietang/props/v3/consul/consul_source.go:196.25,198.17 2 2
github.com/tietang/props/v3/consul/consul_source.go:202.3,203.31 2 2
github.com/tietang/props/v3/consul/consul_source.go:198.17,200.12 2 0
github.com/tietang/props/v3/consul/consul_source.go:208.81,213.2 4 2
github.com/tietang/props/v3/consul/consul_source.go:215.70,219.2 2 2
github.com/tietang/props/v3/consul/consul_source.go:221.44,223.2 1 0
github.com/tietang/props/v3/etcd/etcd_v2_base_source.go:29.38,30.2 0 0
github.com/tietang/props/v3/etcd/etcd_v2_base_source.go:32.78,35.6 2 0
github.com/tietang/props/v3/etcd/etcd_v2_base_source.go:35.6,38.17 3 0
github.com/tietang/props/v3/etcd/etcd_v2_base_source.go:41.3,41.14 1 0
github.com/tietang/props/v3/etcd/etcd_v2_base_source.go:38.17,40.4 1 0
github.com/tietang/props/v3/etcd/etcd_v2_base_source.go:46.39,48.2 0 0
github.com/tietang/props/v3/etcd/etcd_v2_base_source.go:50.73,53.16 3 12
github.com/tietang/props/v3/etcd/etcd_v2_base_source.go:56.2,57.19 2 12
github.com/tietang/props/v3/etcd/etcd_v2_base_source.go:53.16,55.3 1 0
github.com/tietang/props/v3/etcd/etcd_v2_base_source.go:60.78,64.2 3 10
github.com/tietang/props/v3/etcd/etcd_v2_base_source.go:66.67,70.2 2 10
github.com/tietang/props/v3/etcd/etcd_v2_base_source.go:72.44,74.2 1 0
github.com/tietang/props/v3/etcd/etcd_v2_kv_source.go:16.84,18.2 1 1
github.com/tietang/props/v3/etcd/etcd_v2_kv_source.go:20.116,22.19 2 1
github.com/tietang/props/v3/etcd/etcd_v2_kv_source.go:25.5,36.19 7 1
github.com/tietang/props/v3/etcd/etcd_v2_kv_source.go:39.5,48.13 6 1
github.com/tietang/props/v3/etcd/etcd_v2_kv_source.go:22.19,24.6 1 1
github.com/tietang/props/v3/etcd/etcd_v2_kv_source.go:36.19,38.6 1 0
github.com/tietang/props/v3/etcd/etcd_v2_kv_source.go:51.105,54.38 3 0
github.com/tietang/props/v3/etcd/etcd_v2_kv_source.go:59.5,59.13 1 0
github.com/tietang/props/v3/etcd/etcd_v2_kv_source.go:54.38,57.6 2 0
github.com/tietang/props/v3/etcd/etcd_v2_kv_source.go:62.45,64.2 1 1
github.com/tietang/props/v3/etcd/etcd_v2_kv_source.go:66.95,67.27 1 2
github.com/tietang/props/v3/etcd/etcd_v2_kv_source.go:70.5,70.27 1 2
github.com/tietang/props/v3/etcd/etcd_v2_kv_source.go:74.5,74.35 1 2
github.com/tietang/props/v3/etcd/etcd_v2_kv_source.go:67.27,69.6 1 1
github.com/tietang/props/v3/etcd/etcd_v2_kv_source.go:70.27,72.6 1 0
github.com/tietang/props/v3/etcd/etcd_v2_kv_source.go:74.35,76.66 2 11
github.com/tietang/props/v3/etcd/etcd_v2_kv_source.go:85.9,87.22 3 11
github.com/tietang/props/v3/etcd/etcd_v2_kv_source.go:76.66,78.52 2 0
github.com/tietang/props/v3/etcd/etcd_v2_kv_source.go:78.52,80.14 1 0
github.com/tietang/props/v3/etcd/etcd_v2_kv_source.go:87.22,89.10 1 10
github.com/tietang/props/v3/etcd/etcd_v2_kv_source.go:89.15,91.10 1 1
github.com/tietang/props/v3/etcd/etcd_v2_props_source.go:22.78,24.2 1 1
github.com/tietang/props/v3/etcd/etcd_v2_props_source.go:26.110,28.19 2 1
github.com/tietang/props/v3/etcd/etcd_v2_props_source.go:31.5,42.19 7 1
github.com/tietang/props/v3/etcd/etcd_v2_props_source.go:45.5,48.13 4 1
github.com/tietang/props/v3/etcd/etcd_v2_props_source.go:28.19,30.6 1 1
github.com/tietang/props/v3/etcd/etcd_v2_props_source.go:42.19,44.6 1 0
github.com/tietang/props/v3/etcd/etcd_v2_props_source.go:51.102,54.38 3 0
github.com/tietang/props/v3/etcd/etcd_v2_props_source.go:59.5,59.13 1 0
github.com/tietang/props/v3/etcd/etcd_v2_props_source.go:54.38,57.6 2 0
github.com/tietang/props/v3/etcd/etcd_v2_props_source.go:62.42,64.2 1 1
github.com/tietang/props/v3/etcd/etcd_v2_props_source.go:66.51,68.2 0 0
github.com/tietang/props/v3/etcd/etcd_v2_props_source.go:70.44,72.2 0 0
github.com/tietang/props/v3/etcd/etcd_v2_props_source.go:74.52,76.27 2 1
github.com/tietang/props/v3/etcd/etcd_v2_props_source.go:79.5,79.32 1 1
github.com/tietang/props/v3/etcd/etcd_v2_props_source.go:76.27,78.6 1 0
github.com/tietang/props/v3/etcd/etcd_v2_props_source.go:79.32,85.42 4 10
github.com/tietang/props/v3/etcd/etcd_v2_props_source.go:85.42,89.10 3 30
github.com/tietang/props/v3/etcd/etcd_v2_props_source.go:94.78,98.19 3 1
github.com/tietang/props/v3/etcd/etcd_v2_props_source.go:101.5,102.22 2 1
github.com/tietang/props/v3/etcd/etcd_v2_props_source.go:98.19,100.6 1 0
github.com/tietang/props/v3/etcd/etcd_v2_props_source.go:105.83,109.2 3 30
github.com/tietang/props/v3/etcd/etcd_v2_props_source.go:111.72,115.2 2 30
github.com/tietang/props/v3/etcd/etcd_v2_props_source.go:117.49,119.2 1 0
github.com/tietang/props/v3/etcd/etcd_v3_kv_source.go:32.86,34.2 1 1
github.com/tietang/props/v3/etcd/etcd_v3_kv_source.go:36.118,38.19 2 1
github.com/tietang/props/v3/etcd/etcd_v3_kv_source.go:41.5,44.42 4 1
github.com/tietang/props/v3/etcd/etcd_v3_kv_source.go:47.5,54.19 4 1
github.com/tietang/props/v3/etcd/etcd_v3_kv_source.go:57.5,62.13 6 1
github.com/tietang/props/v3/etcd/etcd_v3_kv_source.go:38.19,40.6 1 1
github.com/tietang/props/v3/etcd/etcd_v3_kv_source.go:44.42,46.6 1 1
github.com/tietang/props/v3/etcd/etcd_v3_kv_source.go:54.19,56.6 1 0
github.com/tietang/props/v3/etcd/etcd_v3_kv_source.go:65.107,68.38 3 0
github.com/tietang/props/v3/etcd/etcd_v3_kv_source.go:73.5,73.13 1 0
github.com/tietang/props/v3/etcd/etcd_v3_kv_source.go:68.38,71.6 2 0
github.com/tietang/props/v3/etcd/etcd_v3_kv_source.go:76.45,78.2 1 1
github.com/tietang/props/v3/etcd/etcd_v3_kv_source.go:80.54,82.2 0 0
github.com/tietang/props/v3/etcd/etcd_v3_kv_source.go:84.46,86.2 1 0
github.com/tietang/props/v3/etcd/etcd_v3_kv_source.go:88.101,92.19 3 1
github.com/tietang/props/v3/etcd/etcd_v3_kv_source.go:97.5,97.32 1 1
github.com/tietang/props/v3/etcd/etcd_v3_kv_source.go:92.19,95.6 2 0
github.com/tietang/props/v3/etcd/etcd_v3_kv_source.go:97.32,101.6 3 10
github.com/tietang/props/v3/etcd/etcd_v3_kv_source.go:105.86,109.2 2 10
github.com/tietang/props/v3/etcd/etcd_v3_kv_source.go:111.75,115.2 2 10
github.com/tietang/props/v3/etcd/etcd_v3_kv_source.go:117.52,119.2 1 0
github.com/tietang/props/v3/etcd/etcd_v3_props_source.go:33.80,35.2 1 1
github.com/tietang/props/v3/etcd/etcd_v3_props_source.go:37.112,39.19 2 1
github.com/tietang/props/v3/etcd/etcd_v3_props_source.go:42.5,45.42 4 1
github.com/tietang/props/v3/etcd/etcd_v3_props_source.go:48.5,55.19 4 1
github.com/tietang/props/v3/etcd/etcd_v3_props_source.go:58.5,63.13 6 1
github.com/tietang/props/v3/etcd/etcd_v3_props_source.go:39.19,41.6 1 1
github.com/tietang/props/v3/etcd/etcd_v3_props_source.go:45.42,47.6 1 1
github.com/tietang/props/v3/etcd/etcd_v3_props_source.go:55.19,57.6 1 0
github.com/tietang/props/v3/etcd/etcd_v3_props_source.go:66.104,69.38 3 0
github.com/tietang/props/v3/etcd/etcd_v3_props_source.go:74.5,74.13 1 0
github.com/tietang/props/v3/etcd/etcd_v3_props_source.go:69.38,72.6 2 0
github.com/tietang/props/v3/etcd/etcd_v3_props_source.go:77.42,79.2 1 1
github.com/tietang/props/v3/etcd/etcd_v3_props_source.go:81.51,83.2 0 0
github.com/tietang/props/v3/etcd/etcd_v3_props_source.go:85.43,87.2 1 0
github.com/tietang/props/v3/etcd/etcd_v3_props_source.go:89.98,93.19 3 1
github.com/tietang/props/v3/etcd/etcd_v3_props_source.go:98.5,98.32 1 1
github.com/tietang/props/v3/etcd/etcd_v3_props_source.go:93.19,96.6 2 0
github.com/tietang/props/v3/etcd/etcd_v3_props_source.go:98.32,103.42 4 10
github.com/tietang/props/v3/etcd/etcd_v3_props_source.go:103.42,107.10 3 30
github.com/tietang/props/v3/etcd/etcd_v3_props_source.go:113.83,117.2 2 30
github.com/tietang/props/v3/etcd/etcd_v3_props_source.go:119.72,123.2 2 30
github.com/tietang/props/v3/etcd/etcd_v3_props_source.go:125.49,127.2 1 0
github.com/tietang/props/v3/yam/helper.go:9.48,12.16 3 0
github.com/tietang/props/v3/yam/helper.go:16.2,16.25 1 0
github.com/tietang/props/v3/yam/helper.go:12.16,15.3 2 0
github.com/tietang/props/v3/yam/yaml.go:18.42,22.2 3 1
github.com/tietang/props/v3/yam/yaml.go:26.53,29.16 3 0
github.com/tietang/props/v3/yam/yaml.go:33.2,33.15 1 0
github.com/tietang/props/v3/yam/yaml.go:29.16,32.3 2 0
github.com/tietang/props/v3/yam/yaml.go:36.54,41.16 3 0
github.com/tietang/props/v3/yam/yaml.go:46.2,46.23 1 0
github.com/tietang/props/v3/yam/yaml.go:41.16,45.3 3 0
github.com/tietang/props/v3/yam/yaml.go:49.50,54.16 4 3
github.com/tietang/props/v3/yam/yaml.go:57.2,59.12 3 3
github.com/tietang/props/v3/yam/yaml.go:54.16,56.3 1 0
github.com/tietang/props/v3/yam/yaml.go:62.68,64.18 2 6
github.com/tietang/props/v3/yam/yaml.go:64.18,68.33 4 15
github.com/tietang/props/v3/yam/yaml.go:68.33,71.12 3 3
github.com/tietang/props/v3/yam/yaml.go:72.9,75.24 3 12
github.com/tietang/props/v3/yam/yaml.go:78.4,78.25 1 12
github.com/tietang/props/v3/yam/yaml.go:75.24,77.5 1 3
github.com/tietang/props/v3/yam/yaml_source.go:17.61,20.2 2 0
github.com/tietang/props/v3/yam/yaml_source.go:22.69,25.16 2 0
github.com/tietang/props/v3/yam/yaml_source.go:29.2,32.10 4 0
github.com/tietang/props/v3/yam/yaml_source.go:25.16,28.3 2 0
github.com/tietang/props/v3/yam/yaml_source.go:35.78,41.21 5 1
github.com/tietang/props/v3/yam/yaml_source.go:44.2,45.10 2 1
github.com/tietang/props/v3/yam/yaml_source.go:41.21,43.3 1 0
github.com/tietang/props/v3/yam/yaml_source.go:48.86,51.33 3 0
github.com/tietang/props/v3/yam/yaml_source.go:55.2,55.10 1 0
github.com/tietang/props/v3/yam/yaml_source.go:51.33,54.3 2 0
github.com/tietang/props/v3/yam/yaml_source.go:58.42,60.2 1 0
github.com/tietang/props/v3/yam/yaml_source.go:62.46,64.2 1 0
github.com/tietang/props/v3/zk/zk_base.go:27.35,29.2 1 0
github.com/tietang/props/v3/zk/zk_base.go:31.75,33.31 2 35
github.com/tietang/props/v3/zk/zk_base.go:36.2,36.23 1 33
github.com/tietang/props/v3/zk/zk_base.go:33.31,35.3 1 2
github.com/tietang/props/v3/zk/zk_base.go:39.66,41.16 2 27
github.com/tietang/props/v3/zk/zk_base.go:44.2,44.17 1 27
github.com/tietang/props/v3/zk/zk_base.go:41.16,43.3 1 0
github.com/tietang/props/v3/zk/zk_base.go:47.78,55.2 4 40
github.com/tietang/props/v3/zk/zk_base.go:57.67,61.2 2 40
github.com/tietang/props/v3/zk/zk_base.go:63.41,65.2 1 0
github.com/tietang/props/v3/zk/zk_base.go:67.98,69.2 1 0
github.com/tietang/props/v3/zk/zk_base.go:71.106,74.2 2 0
github.com/tietang/props/v3/zk/zk_base.go:76.110,78.16 2 0
github.com/tietang/props/v3/zk/zk_base.go:83.2,87.35 4 0
github.com/tietang/props/v3/zk/zk_base.go:90.2,91.39 2 0
github.com/tietang/props/v3/zk/zk_base.go:78.16,82.3 2 0
github.com/tietang/props/v3/zk/zk_base.go:87.35,89.3 1 0
github.com/tietang/props/v3/zk/zk_base.go:94.105,97.13 3 0
github.com/tietang/props/v3/zk/zk_base.go:100.2,102.16 3 0
github.com/tietang/props/v3/zk/zk_base.go:106.2,111.35 4 0
github.com/tietang/props/v3/zk/zk_base.go:114.2,115.34 2 0
github.com/tietang/props/v3/zk/zk_base.go:97.13,99.3 1 0
github.com/tietang/props/v3/zk/zk_base.go:102.16,105.3 1 0
github.com/tietang/props/v3/zk/zk_base.go:111.35,113.3 1 0
github.com/tietang/props/v3/zk/zk_base.go:118.70,119.55 1 0
github.com/tietang/props/v3/zk/zk_base.go:119.55,121.3 1 0
github.com/tietang/props/v3/zk/zk_base.go:125.96,127.67 1 13
github.com/tietang/props/v3/zk/zk_base.go:132.2,132.24 1 13
github.com/tietang/props/v3/zk/zk_base.go:135.2,135.24 1 13
github.com/tietang/props/v3/zk/zk_base.go:138.2,138.29 1 3
github.com/tietang/props/v3/zk/zk_base.go:127.67,130.3 2 0
github.com/tietang/props/v3/zk/zk_base.go:132.24,134.3 1 11
github.com/tietang/props/v3/zk/zk_base.go:135.24,137.3 1 10
github.com/tietang/props/v3/zk/zk_base.go:138.29,144.17 4 12
github.com/tietang/props/v3/zk/zk_base.go:148.3,148.42 1 12
github.com/tietang/props/v3/zk/zk_base.go:144.17,146.4 1 10
github.com/tietang/props/v3/zk/zk_composite.go:10.127,12.16 2 0
github.com/tietang/props/v3/zk/zk_composite.go:16.2,16.6 1 0
github.com/tietang/props/v3/zk/zk_composite.go:24.2,24.64 1 0
github.com/tietang/props/v3/zk/zk_composite.go:12.16,14.13 2 0
github.com/tietang/props/v3/zk/zk_composite.go:16.6,19.39 3 0
github.com/tietang/props/v3/zk/zk_composite.go:19.39,21.9 2 0
github.com/tietang/props/v3/zk/zk_composite.go:27.107,30.35 3 0
github.com/tietang/props/v3/zk/zk_composite.go:34.2,34.10 1 0
github.com/tietang/props/v3/zk/zk_composite.go:30.35,33.3 2 0
github.com/tietang/props/v3/zk/zk_props_source.go:43.122,52.2 8 1
github.com/tietang/props/v3/zk/zk_props_source.go:54.55,56.2 1 1
github.com/tietang/props/v3/zk/zk_props_source.go:58.66,60.24 2 1
github.com/tietang/props/v3/zk/zk_props_source.go:63.2,63.29 1 1
github.com/tietang/props/v3/zk/zk_props_source.go:60.24,62.3 1 0
github.com/tietang/props/v3/zk/zk_props_source.go:63.29,67.60 3 10
github.com/tietang/props/v3/zk/zk_props_source.go:72.3,72.17 1 10
github.com/tietang/props/v3/zk/zk_props_source.go:67.60,70.4 2 0
github.com/tietang/props/v3/zk/zk_props_source.go:72.17,75.37 3 10
github.com/tietang/props/v3/zk/zk_props_source.go:75.37,79.5 3 30
github.com/tietang/props/v3/zk/zk_source.go:89.99,91.2 1 2
github.com/tietang/props/v3/zk/zk_source.go:92.147,102.2 9 4
github.com/tietang/props/v3/zk/zk_source.go:104.40,106.2 1 4
github.com/tietang/props/v3/zk/zk_source.go:108.41,110.2 1 0
github.com/tietang/props/v3/zk/zk_source.go:112.91,113.36 1 4
github.com/tietang/props/v3/zk/zk_source.go:117.2,117.67 1 3
github.com/tietang/props/v3/zk/zk_source.go:122.2,122.24 1 3
github.com/tietang/props/v3/zk/zk_source.go:125.2,125.24 1 3
github.com/tietang/props/v3/zk/zk_source.go:129.2,129.29 1 3
github.com/tietang/props/v3/zk/zk_source.go:113.36,116.3 2 1
github.com/tietang/props/v3/zk/zk_source.go:117.67,120.3 2 0
github.com/tietang/props/v3/zk/zk_source.go:122.24,124.3 1 3
github.com/tietang/props/v3/zk/zk_source.go:125.24,127.3 1 0
github.com/tietang/props/v3/zk/zk_source.go:129.29,132.60 3 13
github.com/tietang/props/v3/zk/zk_source.go:136.3,136.17 1 13
github.com/tietang/props/v3/zk/zk_source.go:142.3,143.39 2 13
github.com/tietang/props/v3/zk/zk_source.go:155.3,155.66 1 13
github.com/tietang/props/v3/zk/zk_source.go:132.60,135.4 2 0
github.com/tietang/props/v3/zk/zk_source.go:136.17,137.12 1 0
github.com/tietang/props/v3/zk/zk_source.go:143.39,146.38 3 3
github.com/tietang/props/v3/zk/zk_source.go:146.38,148.5 1 0
github.com/tietang/props/v3/zk/zk_source.go:148.10,150.5 1 3
github.com/tietang/props/v3/zk/zk_source.go:151.9,153.4 1 10
github.com/tietang/props/v3/zk/zk_source.go:155.66,157.4 1 2
github.com/tietang/props/v3/zk/zk_source.go:157.9,157.42 1 11
github.com/tietang/props/v3/zk/zk_source.go:157.42,159.4 1 10
github.com/tietang/props/v3/zk/zk_source.go:159.9,159.37 1 1
github.com/tietang/props/v3/zk/zk_source.go:159.37,161.4 1 1
github.com/tietang/props/v3/zk/zk_source.go:161.9,161.92 1 0
github.com/tietang/props/v3/zk/zk_source.go:161.92,163.4 1 0
github.com/tietang/props/v3/zk/zk_source.go:163.9,165.4 1 0
github.com/tietang/props/v3/zk/zk_source.go:170.58,172.18 2 0
github.com/tietang/props/v3/zk/zk_source.go:172.18,174.3 1 0
github.com/tietang/props/v3/zk/zk_source.go:177.57,179.18 2 1
github.com/tietang/props/v3/zk/zk_source.go:179.18,181.3 1 1
github.com/tietang/props/v3/zk/zk_source.go:185.59,187.18 2 2
github.com/tietang/props/v3/zk/zk_source.go:187.18,189.3 1 2
github.com/tietang/props/v3/zk/zk_source.go:191.67,193.18 2 10
github.com/tietang/props/v3/zk/zk_source.go:193.18,195.40 2 10
github.com/tietang/props/v3/zk/zk_source.go:195.40,198.4 2 100
github.com/tietang/props/v3/zk/zk_utils.go:16.79,18.2 1 23
github.com/tietang/props/v3/zk/zk_utils.go:20.77,24.27 3 23
github.com/tietang/props/v3/zk/zk_utils.go:27.2,27.57 1 23
github.com/tietang/props/v3/zk/zk_utils.go:24.27,26.3 1 0
github.com/tietang/props/v3/zk/zk_utils.go:30.53,32.34 2 29
github.com/tietang/props/v3/zk/zk_utils.go:43.2,44.8 2 26
github.com/tietang/props/v3/zk/zk_utils.go:51.2,51.12 1 26
github.com/tietang/props/v3/zk/zk_utils.go:32.34,33.27 1 3
github.com/tietang/props/v3/zk/zk_utils.go:40.3,40.13 1 3
github.com/tietang/props/v3/zk/zk_utils.go:33.27,36.18 3 13
github.com/tietang/props/v3/zk/zk_utils.go:36.18,38.5 1 0
github.com/tietang/props/v3/zk/zk_utils.go:44.8,46.17 2 13
github.com/tietang/props/v3/zk/zk_utils.go:46.17,48.4 1 0
github.com/tietang/props/v3/zk/zk_utils.go:54.47,56.14 2 33
github.com/tietang/props/v3/zk/zk_utils.go:59.2,59.10 1 33
github.com/tietang/props/v3/zk/zk_utils.go:56.14,58.3 1 0
github.com/tietang/props/v3/zk/zk_utils.go:61.60,63.14 2 36
github.com/tietang/props/v3/zk/zk_utils.go:66.2,66.13 1 36
github.com/tietang/props/v3/zk/zk_utils.go:63.14,65.3 1 0
github.com/tietang/props/v3/zk/zk_utils.go:69.53,71.6 2 0
github.com/tietang/props/v3/zk/zk_utils.go:71.6,75.36 4 0
github.com/tietang/props/v3/zk/zk_utils.go:75.36,78.4 2 0
github.com/tietang/props/v3/zk/zk_utils.go:81.53,83.6 2 0
github.com/tietang/props/v3/zk/zk_utils.go:83.6,87.36 4 0
github.com/tietang/props/v3/zk/zk_utils.go:87.36,90.4 2 0
github.com/tietang/props/v3/zk/zk_utils.go:94.56,95.6 1 0
github.com/tietang/props/v3/zk/zk_utils.go:95.6,99.3 3 0
github.com/tietang/props/v3/zk/zk_utils.go:102.57,103.6 1 0
github.com/tietang/props/v3/zk/zk_utils.go:103.6,107.3 3 0
github.com/tietang/props/v3/nacos/nacos_props_source.go:49.95,61.2 10 2
github.com/tietang/props/v3/nacos/nacos_props_source.go:63.117,66.33 3 0
github.com/tietang/props/v3/nacos/nacos_props_source.go:71.2,71.10 1 0
github.com/tietang/props/v3/nacos/nacos_props_source.go:66.33,69.3 2 0
github.com/tietang/props/v3/nacos/nacos_props_source.go:74.41,76.2 1 2
github.com/tietang/props/v3/nacos/nacos_props_source.go:78.50,80.2 0 0
github.com/tietang/props/v3/nacos/nacos_props_source.go:82.43,83.2 0 0
github.com/tietang/props/v3/nacos/nacos_props_source.go:85.51,88.16 2 2
github.com/tietang/props/v3/nacos/nacos_props_source.go:92.2,93.15 2 2
github.com/tietang/props/v3/nacos/nacos_props_source.go:96.2,97.17 2 2
github.com/tietang/props/v3/nacos/nacos_props_source.go:100.2,102.26 2 2
github.com/tietang/props/v3/nacos/nacos_props_source.go:88.16,91.3 2 0
github.com/tietang/props/v3/nacos/nacos_props_source.go:93.15,95.3 1 2
github.com/tietang/props/v3/nacos/nacos_props_source.go:97.17,99.3 1 2
github.com/tietang/props/v3/nacos/nacos_props_source.go:102.26,105.13 2 33
github.com/tietang/props/v3/nacos/nacos_props_source.go:108.3,110.30 3 30
github.com/tietang/props/v3/nacos/nacos_props_source.go:105.13,106.12 1 3
github.com/tietang/props/v3/nacos/nacos_props_source.go:116.67,119.2 1 30
github.com/tietang/props/v3/nacos/nacos_props_source.go:121.48,123.2 1 0
github.com/tietang/props/v3/nacos/nacos_props_source.go:125.48,129.15 3 2
github.com/tietang/props/v3/nacos/nacos_props_source.go:132.2,134.17 3 2
github.com/tietang/props/v3/nacos/nacos_props_source.go:129.15,130.41 1 0
github.com/tietang/props/v3/nacos/nacos_props_source.go:137.65,146.16 4 2
github.com/tietang/props/v3/nacos/nacos_props_source.go:151.2,156.41 3 2
github.com/tietang/props/v3/nacos/nacos_props_source.go:159.2,159.22 1 2
github.com/tietang/props/v3/nacos/nacos_props_source.go:146.16,149.3 2 0
github.com/tietang/props/v3/nacos/nacos_props_source.go:156.41,158.3 1 0
github.com/tietang/props/v3/nacos/nacos_source.go:26.85,38.2 10 0
github.com/tietang/props/v3/nacos/nacos_source.go:40.112,43.33 3 0
github.com/tietang/props/v3/nacos/nacos_source.go:48.2,48.10 1 0
github.com/tietang/props/v3/nacos/nacos_source.go:43.33,46.3 2 0
github.com/tietang/props/v3/nacos/nacos_source.go:51.36,54.16 2 0
github.com/tietang/props/v3/nacos/nacos_source.go:58.2,58.36 1 0
github.com/tietang/props/v3/nacos/nacos_source.go:54.16,57.3 2 0
github.com/tietang/props/v3/nacos/nacos_source.go:58.36,60.3 1 0
github.com/tietang/props/v3/nacos/nacos_source.go:60.8,60.36 1 0
github.com/tietang/props/v3/nacos/nacos_source.go:60.36,62.3 1 0
github.com/tietang/props/v3/nacos/nacos_source.go:62.8,62.37 1 0
github.com/tietang/props/v3/nacos/nacos_source.go:62.37,64.3 1 0
github.com/tietang/props/v3/nacos/nacos_source.go:64.8,66.3 1 0
github.com/tietang/props/v3/nacos/nacos_source.go:70.45,72.2 0 0
github.com/tietang/props/v3/nacos/nacos_source.go:74.38,75.2 0 0
github.com/tietang/props/v3/nacos/nacos_source.go:77.54,80.2 2 0
github.com/tietang/props/v3/nacos/nacos_source.go:82.53,85.2 2 0
github.com/tietang/props/v3/nacos/nacos_source.go:87.60,113.2 2 0
github.com/tietang/props/v3/nacos/nacos_source.go:115.62,118.2 1 0
github.com/tietang/props/v3/nacos/nacos_source.go:120.43,122.2 1 0
github.com/tietang/props/v3/nacos/nacos_source.go:124.43,128.15 3 0
github.com/tietang/props/v3/nacos/nacos_source.go:131.2,133.17 3 0
github.com/tietang/props/v3/nacos/nacos_source.go:128.15,129.41 1 0
github.com/tietang/props/v3/nacos/nacos_source.go:136.62,144.16 4 0
github.com/tietang/props/v3/nacos/nacos_source.go:149.2,154.41 3 0
github.com/tietang/props/v3/nacos/nacos_source.go:157.2,159.16 3 0
github.com/tietang/props/v3/nacos/nacos_source.go:163.2,163.16 1 0
github.com/tietang/props/v3/nacos/nacos_source.go:144.16,147.3 2 0
github.com/tietang/props/v3/nacos/nacos_source.go:154.41,156.3 1 0
github.com/tietang/props/v3/nacos/nacos_source.go:159.16,162.3 2 0
